>31-08-2024 09:56:36 [restartedMain] INFO  c.s.bankingApp.BankingAppApplication     ::-> Starting BankingAppApplication using Java 21.0.3 with PID 12704 (C:\banking_app\BankingApp\target\classes started by sukru in C:\banking_app\BankingApp) Starting BankingAppApplication using Java 21.0.3 with PID 12704 (C:\banking_app\BankingApp\target\classes started by sukru in C:\banking_app\BankingApp)
>31-08-2024 09:56:36 [restartedMain] INFO  c.s.bankingApp.BankingAppApplication     ::-> No active profile set, falling back to 1 default profile: "default" No active profile set, falling back to 1 default profile: "default"
>31-08-2024 09:56:36 [restartedMain] INFO  o.s.d.r.c.RepositoryConfigurationDelegate ::-> Bootstrapping Spring Data JPA repositories in DEFAULT mode. Bootstrapping Spring Data JPA repositories in DEFAULT mode.
>31-08-2024 09:56:36 [restartedMain] INFO  o.s.d.r.c.RepositoryConfigurationDelegate ::-> Finished Spring Data repository scanning in 1 ms. Found 0 JPA repository interfaces. Finished Spring Data repository scanning in 1 ms. Found 0 JPA repository interfaces.
>31-08-2024 09:56:36 [restartedMain] INFO  o.s.b.w.embedded.tomcat.TomcatWebServer  ::-> Tomcat initialized with port 8081 (http) Tomcat initialized with port 8081 (http)
>31-08-2024 09:56:36 [restartedMain] INFO  o.apache.catalina.core.StandardService   ::-> Starting service [Tomcat] Starting service [Tomcat]
>31-08-2024 09:56:36 [restartedMain] INFO  org.apache.catalina.core.StandardEngine  ::-> Starting Servlet engine: [Apache Tomcat/10.1.28] Starting Servlet engine: [Apache Tomcat/10.1.28]
>31-08-2024 09:56:36 [restartedMain] INFO  o.a.c.c.C.[.[localhost].[/bankingapp]    ::-> Initializing Spring embedded WebApplicationContext Initializing Spring embedded WebApplicationContext
>31-08-2024 09:56:36 [restartedMain] INFO  o.s.b.w.s.c.ServletWebServerApplicationContext ::-> Root WebApplicationContext: initialization completed in 161 ms Root WebApplicationContext: initialization completed in 161 ms
>31-08-2024 09:56:36 [restartedMain] INFO  o.hibernate.jpa.internal.util.LogHelper  ::-> HHH000204: Processing PersistenceUnitInfo [name: default] HHH000204: Processing PersistenceUnitInfo [name: default]
>31-08-2024 09:56:36 [restartedMain] INFO  o.h.c.internal.RegionFactoryInitiator    ::-> HHH000026: Second-level cache disabled HHH000026: Second-level cache disabled
>31-08-2024 09:56:36 [restartedMain] INFO  o.s.o.j.p.SpringPersistenceUnitInfo      ::-> No LoadTimeWeaver setup: ignoring JPA class transformer No LoadTimeWeaver setup: ignoring JPA class transformer
>31-08-2024 09:56:36 [restartedMain] INFO  com.zaxxer.hikari.HikariDataSource       ::-> HikariPool-3 - Starting... HikariPool-3 - Starting...
>31-08-2024 09:56:36 [restartedMain] INFO  com.zaxxer.hikari.pool.HikariPool        ::-> HikariPool-3 - Added connection com.mysql.cj.jdbc.ConnectionImpl@35068b04 HikariPool-3 - Added connection com.mysql.cj.jdbc.ConnectionImpl@35068b04
>31-08-2024 09:56:36 [restartedMain] INFO  com.zaxxer.hikari.HikariDataSource       ::-> HikariPool-3 - Start completed. HikariPool-3 - Start completed.
>31-08-2024 09:56:36 [restartedMain] WARN  org.hibernate.orm.deprecation            ::-> HHH90000025: MySQLDialect does not need to be specified explicitly using 'hibernate.dialect' (remove the property setting and it will be selected by default) HHH90000025: MySQLDialect does not need to be specified explicitly using 'hibernate.dialect' (remove the property setting and it will be selected by default)
>31-08-2024 09:56:36 [restartedMain] INFO  o.h.e.t.j.p.i.JtaPlatformInitiator       ::-> HHH000489: No JTA platform available (set 'hibernate.transaction.jta.platform' to enable JTA platform integration) HHH000489: No JTA platform available (set 'hibernate.transaction.jta.platform' to enable JTA platform integration)
>31-08-2024 09:56:36 [restartedMain] INFO  o.s.o.j.LocalContainerEntityManagerFactoryBean ::-> Initialized JPA EntityManagerFactory for persistence unit 'default' Initialized JPA EntityManagerFactory for persistence unit 'default'
>31-08-2024 09:56:36 [restartedMain] WARN  o.s.b.a.o.j.JpaBaseConfiguration$JpaWebConfiguration ::-> spring.jpa.open-in-view is enabled by default. Therefore, database queries may be performed during view rendering. Explicitly configure spring.jpa.open-in-view to disable this warning spring.jpa.open-in-view is enabled by default. Therefore, database queries may be performed during view rendering. Explicitly configure spring.jpa.open-in-view to disable this warning
>31-08-2024 09:56:36 [restartedMain] INFO  o.s.b.d.a.OptionalLiveReloadServer       ::-> LiveReload server is running on port 35729 LiveReload server is running on port 35729
>31-08-2024 09:56:36 [restartedMain] INFO  o.s.b.w.embedded.tomcat.TomcatWebServer  ::-> Tomcat started on port 8081 (http) with context path '/bankingapp' Tomcat started on port 8081 (http) with context path '/bankingapp'
>31-08-2024 09:56:36 [restartedMain] INFO  c.s.bankingApp.BankingAppApplication     ::-> Started BankingAppApplication in 0.335 seconds (process running for 161.969) Started BankingAppApplication in 0.335 seconds (process running for 161.969)
>31-08-2024 09:56:36 [restartedMain] INFO  o.s.b.d.a.ConditionEvaluationDeltaLoggingListener ::-> Condition evaluation unchanged Condition evaluation unchanged
>31-08-2024 09:57:22 [File Watcher] INFO  o.s.b.d.a.LocalDevToolsAutoConfiguration$RestartingClassPathChangeChangedEventListener ::-> Restarting due to 1 class path change (0 additions, 0 deletions, 1 modification) Restarting due to 1 class path change (0 additions, 0 deletions, 1 modification)
>31-08-2024 09:57:22 [Thread-11] INFO  o.s.o.j.LocalContainerEntityManagerFactoryBean ::-> Closing JPA EntityManagerFactory for persistence unit 'default' Closing JPA EntityManagerFactory for persistence unit 'default'
>31-08-2024 09:57:22 [Thread-11] INFO  com.zaxxer.hikari.HikariDataSource       ::-> HikariPool-3 - Shutdown initiated... HikariPool-3 - Shutdown initiated...
>31-08-2024 09:57:22 [Thread-11] INFO  com.zaxxer.hikari.HikariDataSource       ::-> HikariPool-3 - Shutdown completed. HikariPool-3 - Shutdown completed.
>31-08-2024 09:57:22 [restartedMain] INFO  c.s.bankingApp.BankingAppApplication     ::-> Starting BankingAppApplication using Java 21.0.3 with PID 12704 (C:\banking_app\BankingApp\target\classes started by sukru in C:\banking_app\BankingApp) Starting BankingAppApplication using Java 21.0.3 with PID 12704 (C:\banking_app\BankingApp\target\classes started by sukru in C:\banking_app\BankingApp)
>31-08-2024 09:57:22 [restartedMain] INFO  c.s.bankingApp.BankingAppApplication     ::-> No active profile set, falling back to 1 default profile: "default" No active profile set, falling back to 1 default profile: "default"
>31-08-2024 09:57:22 [restartedMain] INFO  o.s.d.r.c.RepositoryConfigurationDelegate ::-> Bootstrapping Spring Data JPA repositories in DEFAULT mode. Bootstrapping Spring Data JPA repositories in DEFAULT mode.
>31-08-2024 09:57:22 [restartedMain] INFO  o.s.d.r.c.RepositoryConfigurationDelegate ::-> Finished Spring Data repository scanning in 1 ms. Found 0 JPA repository interfaces. Finished Spring Data repository scanning in 1 ms. Found 0 JPA repository interfaces.
>31-08-2024 09:57:22 [restartedMain] INFO  o.s.b.w.embedded.tomcat.TomcatWebServer  ::-> Tomcat initialized with port 8081 (http) Tomcat initialized with port 8081 (http)
>31-08-2024 09:57:22 [restartedMain] INFO  o.apache.catalina.core.StandardService   ::-> Starting service [Tomcat] Starting service [Tomcat]
>31-08-2024 09:57:22 [restartedMain] INFO  org.apache.catalina.core.StandardEngine  ::-> Starting Servlet engine: [Apache Tomcat/10.1.28] Starting Servlet engine: [Apache Tomcat/10.1.28]
>31-08-2024 09:57:22 [restartedMain] INFO  o.a.c.c.C.[.[localhost].[/bankingapp]    ::-> Initializing Spring embedded WebApplicationContext Initializing Spring embedded WebApplicationContext
>31-08-2024 09:57:22 [restartedMain] INFO  o.s.b.w.s.c.ServletWebServerApplicationContext ::-> Root WebApplicationContext: initialization completed in 171 ms Root WebApplicationContext: initialization completed in 171 ms
>31-08-2024 09:57:22 [restartedMain] INFO  o.hibernate.jpa.internal.util.LogHelper  ::-> HHH000204: Processing PersistenceUnitInfo [name: default] HHH000204: Processing PersistenceUnitInfo [name: default]
>31-08-2024 09:57:22 [restartedMain] INFO  o.h.c.internal.RegionFactoryInitiator    ::-> HHH000026: Second-level cache disabled HHH000026: Second-level cache disabled
>31-08-2024 09:57:22 [restartedMain] INFO  o.s.o.j.p.SpringPersistenceUnitInfo      ::-> No LoadTimeWeaver setup: ignoring JPA class transformer No LoadTimeWeaver setup: ignoring JPA class transformer
>31-08-2024 09:57:22 [restartedMain] INFO  com.zaxxer.hikari.HikariDataSource       ::-> HikariPool-4 - Starting... HikariPool-4 - Starting...
>31-08-2024 09:57:22 [restartedMain] INFO  com.zaxxer.hikari.pool.HikariPool        ::-> HikariPool-4 - Added connection com.mysql.cj.jdbc.ConnectionImpl@3f0eaee4 HikariPool-4 - Added connection com.mysql.cj.jdbc.ConnectionImpl@3f0eaee4
>31-08-2024 09:57:22 [restartedMain] INFO  com.zaxxer.hikari.HikariDataSource       ::-> HikariPool-4 - Start completed. HikariPool-4 - Start completed.
>31-08-2024 09:57:22 [restartedMain] WARN  org.hibernate.orm.deprecation            ::-> HHH90000025: MySQLDialect does not need to be specified explicitly using 'hibernate.dialect' (remove the property setting and it will be selected by default) HHH90000025: MySQLDialect does not need to be specified explicitly using 'hibernate.dialect' (remove the property setting and it will be selected by default)
>31-08-2024 09:57:22 [restartedMain] INFO  o.h.e.t.j.p.i.JtaPlatformInitiator       ::-> HHH000489: No JTA platform available (set 'hibernate.transaction.jta.platform' to enable JTA platform integration) HHH000489: No JTA platform available (set 'hibernate.transaction.jta.platform' to enable JTA platform integration)
>31-08-2024 09:57:22 [restartedMain] INFO  o.s.o.j.LocalContainerEntityManagerFactoryBean ::-> Initialized JPA EntityManagerFactory for persistence unit 'default' Initialized JPA EntityManagerFactory for persistence unit 'default'
>31-08-2024 09:57:22 [restartedMain] WARN  o.s.b.a.o.j.JpaBaseConfiguration$JpaWebConfiguration ::-> spring.jpa.open-in-view is enabled by default. Therefore, database queries may be performed during view rendering. Explicitly configure spring.jpa.open-in-view to disable this warning spring.jpa.open-in-view is enabled by default. Therefore, database queries may be performed during view rendering. Explicitly configure spring.jpa.open-in-view to disable this warning
>31-08-2024 09:57:22 [restartedMain] INFO  o.s.b.d.a.OptionalLiveReloadServer       ::-> LiveReload server is running on port 35729 LiveReload server is running on port 35729
>31-08-2024 09:57:22 [restartedMain] INFO  o.s.b.w.embedded.tomcat.TomcatWebServer  ::-> Tomcat started on port 8081 (http) with context path '/bankingapp' Tomcat started on port 8081 (http) with context path '/bankingapp'
>31-08-2024 09:57:22 [restartedMain] INFO  c.s.bankingApp.BankingAppApplication     ::-> Started BankingAppApplication in 0.345 seconds (process running for 208.355) Started BankingAppApplication in 0.345 seconds (process running for 208.355)
>31-08-2024 09:57:22 [restartedMain] INFO  o.s.b.d.a.ConditionEvaluationDeltaLoggingListener ::-> Condition evaluation unchanged Condition evaluation unchanged
>31-08-2024 09:58:36 [File Watcher] INFO  o.s.b.d.a.LocalDevToolsAutoConfiguration$RestartingClassPathChangeChangedEventListener ::-> Restarting due to 1 class path change (0 additions, 0 deletions, 1 modification) Restarting due to 1 class path change (0 additions, 0 deletions, 1 modification)
>31-08-2024 09:58:36 [Thread-15] INFO  o.s.o.j.LocalContainerEntityManagerFactoryBean ::-> Closing JPA EntityManagerFactory for persistence unit 'default' Closing JPA EntityManagerFactory for persistence unit 'default'
>31-08-2024 09:58:36 [Thread-15] INFO  com.zaxxer.hikari.HikariDataSource       ::-> HikariPool-4 - Shutdown initiated... HikariPool-4 - Shutdown initiated...
>31-08-2024 09:58:36 [Thread-15] INFO  com.zaxxer.hikari.HikariDataSource       ::-> HikariPool-4 - Shutdown completed. HikariPool-4 - Shutdown completed.
