>16-09-2024 09:13:00 [restartedMain] INFO  c.s.bankingApp.BankingAppApplication     ::-> Starting BankingAppApplication using Java 21.0.3 with PID 2356 (C:\banking_app\BankingApp\target\classes started by sukru in C:\banking_app\BankingApp) Starting BankingAppApplication using Java 21.0.3 with PID 2356 (C:\banking_app\BankingApp\target\classes started by sukru in C:\banking_app\BankingApp)
>16-09-2024 09:13:00 [restartedMain] INFO  c.s.bankingApp.BankingAppApplication     ::-> No active profile set, falling back to 1 default profile: "default" No active profile set, falling back to 1 default profile: "default"
>16-09-2024 09:13:00 [restartedMain] INFO  o.s.b.d.e.DevToolsPropertyDefaultsPostProcessor ::-> Devtools property defaults active! Set 'spring.devtools.add-properties' to 'false' to disable Devtools property defaults active! Set 'spring.devtools.add-properties' to 'false' to disable
>16-09-2024 09:13:00 [restartedMain] INFO  o.s.b.d.e.DevToolsPropertyDefaultsPostProcessor ::-> For additional web related logging consider setting the 'logging.level.web' property to 'DEBUG' For additional web related logging consider setting the 'logging.level.web' property to 'DEBUG'
>16-09-2024 09:13:01 [restartedMain] INFO  o.s.d.r.c.RepositoryConfigurationDelegate ::-> Bootstrapping Spring Data JPA repositories in DEFAULT mode. Bootstrapping Spring Data JPA repositories in DEFAULT mode.
>16-09-2024 09:13:01 [restartedMain] INFO  o.s.d.r.c.RepositoryConfigurationDelegate ::-> Finished Spring Data repository scanning in 50 ms. Found 6 JPA repository interfaces. Finished Spring Data repository scanning in 50 ms. Found 6 JPA repository interfaces.
>16-09-2024 09:13:02 [restartedMain] INFO  o.s.b.w.embedded.tomcat.TomcatWebServer  ::-> Tomcat initialized with port 8081 (http) Tomcat initialized with port 8081 (http)
>16-09-2024 09:13:02 [restartedMain] INFO  o.apache.catalina.core.StandardService   ::-> Starting service [Tomcat] Starting service [Tomcat]
>16-09-2024 09:13:02 [restartedMain] INFO  org.apache.catalina.core.StandardEngine  ::-> Starting Servlet engine: [Apache Tomcat/10.1.28] Starting Servlet engine: [Apache Tomcat/10.1.28]
>16-09-2024 09:13:02 [restartedMain] INFO  o.a.c.c.C.[.[localhost].[/bankingapp]    ::-> Initializing Spring embedded WebApplicationContext Initializing Spring embedded WebApplicationContext
>16-09-2024 09:13:02 [restartedMain] INFO  o.s.b.w.s.c.ServletWebServerApplicationContext ::-> Root WebApplicationContext: initialization completed in 1547 ms Root WebApplicationContext: initialization completed in 1547 ms
>16-09-2024 09:13:02 [restartedMain] INFO  o.hibernate.jpa.internal.util.LogHelper  ::-> HHH000204: Processing PersistenceUnitInfo [name: default] HHH000204: Processing PersistenceUnitInfo [name: default]
>16-09-2024 09:13:02 [restartedMain] INFO  org.hibernate.Version                    ::-> HHH000412: Hibernate ORM core version 6.5.2.Final HHH000412: Hibernate ORM core version 6.5.2.Final
>16-09-2024 09:13:02 [restartedMain] INFO  o.h.c.internal.RegionFactoryInitiator    ::-> HHH000026: Second-level cache disabled HHH000026: Second-level cache disabled
>16-09-2024 09:13:02 [restartedMain] INFO  o.s.o.j.p.SpringPersistenceUnitInfo      ::-> No LoadTimeWeaver setup: ignoring JPA class transformer No LoadTimeWeaver setup: ignoring JPA class transformer
>16-09-2024 09:13:02 [restartedMain] INFO  com.zaxxer.hikari.HikariDataSource       ::-> HikariPool-1 - Starting... HikariPool-1 - Starting...
>16-09-2024 09:13:03 [restartedMain] INFO  com.zaxxer.hikari.pool.HikariPool        ::-> HikariPool-1 - Added connection com.mysql.cj.jdbc.ConnectionImpl@6aef7d40 HikariPool-1 - Added connection com.mysql.cj.jdbc.ConnectionImpl@6aef7d40
>16-09-2024 09:13:03 [restartedMain] INFO  com.zaxxer.hikari.HikariDataSource       ::-> HikariPool-1 - Start completed. HikariPool-1 - Start completed.
>16-09-2024 09:13:03 [restartedMain] WARN  org.hibernate.orm.deprecation            ::-> HHH90000025: MySQLDialect does not need to be specified explicitly using 'hibernate.dialect' (remove the property setting and it will be selected by default) HHH90000025: MySQLDialect does not need to be specified explicitly using 'hibernate.dialect' (remove the property setting and it will be selected by default)
>16-09-2024 09:13:04 [restartedMain] INFO  o.h.e.t.j.p.i.JtaPlatformInitiator       ::-> HHH000489: No JTA platform available (set 'hibernate.transaction.jta.platform' to enable JTA platform integration) HHH000489: No JTA platform available (set 'hibernate.transaction.jta.platform' to enable JTA platform integration)
>16-09-2024 09:13:04 [restartedMain] INFO  o.s.o.j.LocalContainerEntityManagerFactoryBean ::-> Initialized JPA EntityManagerFactory for persistence unit 'default' Initialized JPA EntityManagerFactory for persistence unit 'default'
>16-09-2024 09:13:04 [restartedMain] INFO  o.s.d.j.r.query.QueryEnhancerFactory     ::-> Hibernate is in classpath; If applicable, HQL parser will be used. Hibernate is in classpath; If applicable, HQL parser will be used.
>16-09-2024 09:13:04 [restartedMain] WARN  o.s.b.w.s.c.AnnotationConfigServletWebServerApplicationContext ::-> Exception encountered during context initialization - cancelling refresh attempt: org.springframework.beans.factory.UnsatisfiedDependencyException: Error creating bean with name 'accountController': Unsatisfied dependency expressed through field 'accountService': Error creating bean with name 'accountService': Unsatisfied dependency expressed through field 'beneficiaryService': Error creating bean with name 'beneficiaryService': Unsatisfied dependency expressed through field 'accountService': Error creating bean with name 'accountService': Requested bean is currently in creation: Is there an unresolvable circular reference? Exception encountered during context initialization - cancelling refresh attempt: org.springframework.beans.factory.UnsatisfiedDependencyException: Error creating bean with name 'accountController': Unsatisfied dependency expressed through field 'accountService': Error creating bean with name 'accountService': Unsatisfied dependency expressed through field 'beneficiaryService': Error creating bean with name 'beneficiaryService': Unsatisfied dependency expressed through field 'accountService': Error creating bean with name 'accountService': Requested bean is currently in creation: Is there an unresolvable circular reference?
>16-09-2024 09:13:04 [restartedMain] INFO  o.s.o.j.LocalContainerEntityManagerFactoryBean ::-> Closing JPA EntityManagerFactory for persistence unit 'default' Closing JPA EntityManagerFactory for persistence unit 'default'
>16-09-2024 09:13:04 [restartedMain] INFO  com.zaxxer.hikari.HikariDataSource       ::-> HikariPool-1 - Shutdown initiated... HikariPool-1 - Shutdown initiated...
>16-09-2024 09:13:04 [restartedMain] INFO  com.zaxxer.hikari.HikariDataSource       ::-> HikariPool-1 - Shutdown completed. HikariPool-1 - Shutdown completed.
>16-09-2024 09:13:04 [restartedMain] INFO  o.apache.catalina.core.StandardService   ::-> Stopping service [Tomcat] Stopping service [Tomcat]
>16-09-2024 09:13:04 [restartedMain] INFO  o.s.b.a.l.ConditionEvaluationReportLogger ::-> 

Error starting ApplicationContext. To display the condition evaluation report re-run your application with 'debug' enabled. 

Error starting ApplicationContext. To display the condition evaluation report re-run your application with 'debug' enabled.
>16-09-2024 09:13:04 [restartedMain] ERROR o.s.b.d.LoggingFailureAnalysisReporter   ::-> 

***************************
APPLICATION FAILED TO START
***************************

Description:

The dependencies of some of the beans in the application context form a cycle:

   accountController (field com.sukrutha.bankingApp.services.AccountService com.sukrutha.bankingApp.controllers.AccountController.accountService)
┌─────┐
|  accountService (field com.sukrutha.bankingApp.services.BeneficiaryService com.sukrutha.bankingApp.services.AccountService.beneficiaryService)
↑     ↓
|  beneficiaryService (field com.sukrutha.bankingApp.services.AccountService com.sukrutha.bankingApp.services.BeneficiaryService.accountService)
└─────┘


Action:

Relying upon circular references is discouraged and they are prohibited by default. Update your application to remove the dependency cycle between beans. As a last resort, it may be possible to break the cycle automatically by setting spring.main.allow-circular-references to true.
 

***************************
APPLICATION FAILED TO START
***************************

Description:

The dependencies of some of the beans in the application context form a cycle:

   accountController (field com.sukrutha.bankingApp.services.AccountService com.sukrutha.bankingApp.controllers.AccountController.accountService)
┌─────┐
|  accountService (field com.sukrutha.bankingApp.services.BeneficiaryService com.sukrutha.bankingApp.services.AccountService.beneficiaryService)
↑     ↓
|  beneficiaryService (field com.sukrutha.bankingApp.services.AccountService com.sukrutha.bankingApp.services.BeneficiaryService.accountService)
└─────┘


Action:

Relying upon circular references is discouraged and they are prohibited by default. Update your application to remove the dependency cycle between beans. As a last resort, it may be possible to break the cycle automatically by setting spring.main.allow-circular-references to true.

>16-09-2024 09:20:19 [restartedMain] INFO  c.s.bankingApp.BankingAppApplication     ::-> Starting BankingAppApplication using Java 21.0.3 with PID 8476 (C:\banking_app\BankingApp\target\classes started by sukru in C:\banking_app\BankingApp) Starting BankingAppApplication using Java 21.0.3 with PID 8476 (C:\banking_app\BankingApp\target\classes started by sukru in C:\banking_app\BankingApp)
>16-09-2024 09:20:19 [restartedMain] INFO  c.s.bankingApp.BankingAppApplication     ::-> No active profile set, falling back to 1 default profile: "default" No active profile set, falling back to 1 default profile: "default"
>16-09-2024 09:20:19 [restartedMain] INFO  o.s.b.d.e.DevToolsPropertyDefaultsPostProcessor ::-> Devtools property defaults active! Set 'spring.devtools.add-properties' to 'false' to disable Devtools property defaults active! Set 'spring.devtools.add-properties' to 'false' to disable
>16-09-2024 09:20:19 [restartedMain] INFO  o.s.b.d.e.DevToolsPropertyDefaultsPostProcessor ::-> For additional web related logging consider setting the 'logging.level.web' property to 'DEBUG' For additional web related logging consider setting the 'logging.level.web' property to 'DEBUG'
>16-09-2024 09:20:19 [restartedMain] INFO  o.s.d.r.c.RepositoryConfigurationDelegate ::-> Bootstrapping Spring Data JPA repositories in DEFAULT mode. Bootstrapping Spring Data JPA repositories in DEFAULT mode.
>16-09-2024 09:20:19 [restartedMain] INFO  o.s.d.r.c.RepositoryConfigurationDelegate ::-> Finished Spring Data repository scanning in 52 ms. Found 6 JPA repository interfaces. Finished Spring Data repository scanning in 52 ms. Found 6 JPA repository interfaces.
>16-09-2024 09:20:20 [restartedMain] INFO  o.s.b.w.embedded.tomcat.TomcatWebServer  ::-> Tomcat initialized with port 8081 (http) Tomcat initialized with port 8081 (http)
>16-09-2024 09:20:20 [restartedMain] INFO  o.apache.catalina.core.StandardService   ::-> Starting service [Tomcat] Starting service [Tomcat]
>16-09-2024 09:20:20 [restartedMain] INFO  org.apache.catalina.core.StandardEngine  ::-> Starting Servlet engine: [Apache Tomcat/10.1.28] Starting Servlet engine: [Apache Tomcat/10.1.28]
>16-09-2024 09:20:20 [restartedMain] INFO  o.a.c.c.C.[.[localhost].[/bankingapp]    ::-> Initializing Spring embedded WebApplicationContext Initializing Spring embedded WebApplicationContext
>16-09-2024 09:20:20 [restartedMain] INFO  o.s.b.w.s.c.ServletWebServerApplicationContext ::-> Root WebApplicationContext: initialization completed in 1058 ms Root WebApplicationContext: initialization completed in 1058 ms
>16-09-2024 09:20:20 [restartedMain] INFO  o.hibernate.jpa.internal.util.LogHelper  ::-> HHH000204: Processing PersistenceUnitInfo [name: default] HHH000204: Processing PersistenceUnitInfo [name: default]
>16-09-2024 09:20:20 [restartedMain] INFO  org.hibernate.Version                    ::-> HHH000412: Hibernate ORM core version 6.5.2.Final HHH000412: Hibernate ORM core version 6.5.2.Final
>16-09-2024 09:20:20 [restartedMain] INFO  o.h.c.internal.RegionFactoryInitiator    ::-> HHH000026: Second-level cache disabled HHH000026: Second-level cache disabled
>16-09-2024 09:20:20 [restartedMain] INFO  o.s.o.j.p.SpringPersistenceUnitInfo      ::-> No LoadTimeWeaver setup: ignoring JPA class transformer No LoadTimeWeaver setup: ignoring JPA class transformer
>16-09-2024 09:20:20 [restartedMain] INFO  com.zaxxer.hikari.HikariDataSource       ::-> HikariPool-1 - Starting... HikariPool-1 - Starting...
>16-09-2024 09:20:20 [restartedMain] INFO  com.zaxxer.hikari.pool.HikariPool        ::-> HikariPool-1 - Added connection com.mysql.cj.jdbc.ConnectionImpl@2a960fbb HikariPool-1 - Added connection com.mysql.cj.jdbc.ConnectionImpl@2a960fbb
>16-09-2024 09:20:20 [restartedMain] INFO  com.zaxxer.hikari.HikariDataSource       ::-> HikariPool-1 - Start completed. HikariPool-1 - Start completed.
>16-09-2024 09:20:20 [restartedMain] WARN  org.hibernate.orm.deprecation            ::-> HHH90000025: MySQLDialect does not need to be specified explicitly using 'hibernate.dialect' (remove the property setting and it will be selected by default) HHH90000025: MySQLDialect does not need to be specified explicitly using 'hibernate.dialect' (remove the property setting and it will be selected by default)
>16-09-2024 09:20:21 [restartedMain] INFO  o.h.e.t.j.p.i.JtaPlatformInitiator       ::-> HHH000489: No JTA platform available (set 'hibernate.transaction.jta.platform' to enable JTA platform integration) HHH000489: No JTA platform available (set 'hibernate.transaction.jta.platform' to enable JTA platform integration)
>16-09-2024 09:20:21 [restartedMain] INFO  o.s.o.j.LocalContainerEntityManagerFactoryBean ::-> Initialized JPA EntityManagerFactory for persistence unit 'default' Initialized JPA EntityManagerFactory for persistence unit 'default'
>16-09-2024 09:20:22 [restartedMain] INFO  o.s.d.j.r.query.QueryEnhancerFactory     ::-> Hibernate is in classpath; If applicable, HQL parser will be used. Hibernate is in classpath; If applicable, HQL parser will be used.
>16-09-2024 09:20:22 [restartedMain] WARN  o.s.b.a.o.j.JpaBaseConfiguration$JpaWebConfiguration ::-> spring.jpa.open-in-view is enabled by default. Therefore, database queries may be performed during view rendering. Explicitly configure spring.jpa.open-in-view to disable this warning spring.jpa.open-in-view is enabled by default. Therefore, database queries may be performed during view rendering. Explicitly configure spring.jpa.open-in-view to disable this warning
>16-09-2024 09:20:22 [restartedMain] WARN  o.s.b.a.s.s.UserDetailsServiceAutoConfiguration ::-> 

Using generated security password: cdf81399-e876-434e-8487-cc5f4cca898a

This generated password is for development use only. Your security configuration must be updated before running your application in production.
 

Using generated security password: cdf81399-e876-434e-8487-cc5f4cca898a

This generated password is for development use only. Your security configuration must be updated before running your application in production.

>16-09-2024 09:20:22 [restartedMain] INFO  o.s.s.c.a.a.c.InitializeUserDetailsBeanManagerConfigurer$InitializeUserDetailsManagerConfigurer ::-> Global AuthenticationManager configured with UserDetailsService bean with name inMemoryUserDetailsManager Global AuthenticationManager configured with UserDetailsService bean with name inMemoryUserDetailsManager
>16-09-2024 09:20:22 [restartedMain] INFO  o.s.b.d.a.OptionalLiveReloadServer       ::-> LiveReload server is running on port 35729 LiveReload server is running on port 35729
>16-09-2024 09:20:22 [restartedMain] INFO  o.s.b.w.embedded.tomcat.TomcatWebServer  ::-> Tomcat started on port 8081 (http) with context path '/bankingapp' Tomcat started on port 8081 (http) with context path '/bankingapp'
>16-09-2024 09:20:22 [restartedMain] INFO  c.s.bankingApp.BankingAppApplication     ::-> Started BankingAppApplication in 3.739 seconds (process running for 4.306) Started BankingAppApplication in 3.739 seconds (process running for 4.306)
>16-09-2024 09:20:22 [restartedMain] INFO  c.s.bankingApp.BankingAppApplication     ::-> ********************************************** **********************************************
>16-09-2024 09:20:22 [restartedMain] INFO  c.s.bankingApp.BankingAppApplication     ::-> banking app started! banking app started!
>16-09-2024 09:20:22 [restartedMain] INFO  c.s.bankingApp.BankingAppApplication     ::-> ********************************************** **********************************************
>16-09-2024 09:20:27 [http-nio-8081-exec-4] INFO  o.a.c.c.C.[.[localhost].[/bankingapp]    ::-> Initializing Spring DispatcherServlet 'dispatcherServlet' Initializing Spring DispatcherServlet 'dispatcherServlet'
>16-09-2024 09:20:27 [http-nio-8081-exec-4] INFO  o.s.web.servlet.DispatcherServlet        ::-> Initializing Servlet 'dispatcherServlet' Initializing Servlet 'dispatcherServlet'
>16-09-2024 09:20:27 [http-nio-8081-exec-4] INFO  o.s.web.servlet.DispatcherServlet        ::-> Completed initialization in 1 ms Completed initialization in 1 ms
>16-09-2024 09:20:27 [http-nio-8081-exec-4] INFO  c.s.b.controllers.AccountController      ::-> AccountController::addBeneficiaryToAccount:: AccountController::addBeneficiaryToAccount::
>16-09-2024 09:20:27 [http-nio-8081-exec-4] INFO  c.s.b.controllers.AccountController      ::-> com.sukrutha.bankingApp.entities.Beneficiary@33c7d0fc com.sukrutha.bankingApp.entities.Beneficiary@33c7d0fc
>16-09-2024 09:20:27 [http-nio-8081-exec-4] INFO  c.s.bankingApp.services.AccountService   ::-> AccountService::addBeneficiaryToAccount AccountService::addBeneficiaryToAccount
>16-09-2024 09:20:27 [http-nio-8081-exec-4] INFO  c.s.bankingApp.services.AccountService   ::-> AccountService::getAccountByAccountNumber AccountService::getAccountByAccountNumber
>16-09-2024 09:20:28 [http-nio-8081-exec-4] INFO  c.s.b.services.BeneficiaryService        ::-> BeneficiaryService::getBeneficiaryByBeneficiaryAccountNumber BeneficiaryService::getBeneficiaryByBeneficiaryAccountNumber
>16-09-2024 09:20:28 [http-nio-8081-exec-4] ERROR c.s.b.services.BeneficiaryService        ::-> error getting beneficiary error getting beneficiary
>16-09-2024 09:20:28 [http-nio-8081-exec-4] INFO  c.s.b.services.BeneficiaryService        ::-> BeneficiaryService::addBeneficiary BeneficiaryService::addBeneficiary
>16-09-2024 09:20:28 [http-nio-8081-exec-4] INFO  c.s.bankingApp.services.AccountService   ::-> AccountService::getAccountByAccountNumber AccountService::getAccountByAccountNumber
>16-09-2024 09:20:28 [http-nio-8081-exec-4] ERROR c.s.bankingApp.services.AccountService   ::-> error finding the account error finding the account
>16-09-2024 09:20:28 [http-nio-8081-exec-4] ERROR c.s.b.services.BeneficiaryService        ::-> invalid credentials of beneficiary invalid credentials of beneficiary
>16-09-2024 09:20:38 [http-nio-8081-exec-2] INFO  c.s.b.controllers.AccountController      ::-> AccountController::addBeneficiaryToAccount:: AccountController::addBeneficiaryToAccount::
>16-09-2024 09:20:38 [http-nio-8081-exec-2] INFO  c.s.b.controllers.AccountController      ::-> com.sukrutha.bankingApp.entities.Beneficiary@1ec63060 com.sukrutha.bankingApp.entities.Beneficiary@1ec63060
>16-09-2024 09:20:38 [http-nio-8081-exec-2] INFO  c.s.bankingApp.services.AccountService   ::-> AccountService::addBeneficiaryToAccount AccountService::addBeneficiaryToAccount
>16-09-2024 09:20:38 [http-nio-8081-exec-2] INFO  c.s.bankingApp.services.AccountService   ::-> AccountService::getAccountByAccountNumber AccountService::getAccountByAccountNumber
>16-09-2024 09:20:38 [http-nio-8081-exec-2] INFO  c.s.b.services.BeneficiaryService        ::-> BeneficiaryService::getBeneficiaryByBeneficiaryAccountNumber BeneficiaryService::getBeneficiaryByBeneficiaryAccountNumber
>16-09-2024 09:20:38 [http-nio-8081-exec-2] INFO  c.s.bankingApp.services.AccountService   ::-> AccountService:updateAccount AccountService:updateAccount
>16-09-2024 09:20:38 [http-nio-8081-exec-2] INFO  c.s.b.services.BeneficiaryService        ::-> BeneficiaryService updateBeneficiary BeneficiaryService updateBeneficiary
>16-09-2024 09:29:33 [http-nio-8081-exec-3] INFO  c.s.b.controllers.TransactionController  ::-> TransactionController::getAllTransactions TransactionController::getAllTransactions
>16-09-2024 09:29:33 [http-nio-8081-exec-3] INFO  c.s.b.services.TransactionService        ::-> TransactionService:getAllTransactions TransactionService:getAllTransactions
>16-09-2024 09:29:48 [http-nio-8081-exec-8] INFO  c.s.b.controllers.TransactionController  ::-> TransactionController::getAccountTransactionHistory TransactionController::getAccountTransactionHistory
>16-09-2024 09:29:48 [http-nio-8081-exec-8] INFO  c.s.b.services.TransactionService        ::-> TransactionService:getAccountTransactionHistory TransactionService:getAccountTransactionHistory
>16-09-2024 09:29:48 [http-nio-8081-exec-8] INFO  c.s.bankingApp.services.AccountService   ::-> AccountService::getAccountByAccountNumber AccountService::getAccountByAccountNumber
>16-09-2024 09:29:48 [http-nio-8081-exec-8] INFO  c.s.b.services.BeneficiaryService        ::-> BeneficiaryService::getBeneficiaryByBeneficiaryAccountNumber BeneficiaryService::getBeneficiaryByBeneficiaryAccountNumber
>16-09-2024 09:29:48 [http-nio-8081-exec-8] INFO  c.s.b.services.TransactionService        ::-> transactionsUsingCustomerAccount transactionsUsingCustomerAccount
>16-09-2024 09:29:48 [http-nio-8081-exec-8] INFO  c.s.b.services.TransactionService        ::-> Transaction(transactionId=0aafed62-2f9a-48bc-829a-0fe8ae603dcd, customerAccount=com.sukrutha.bankingApp.entities.Account@115add0f, beneficiaryAccount=com.sukrutha.bankingApp.entities.Beneficiary@3492f383, amount=10.0, transactionType=NEFT, transcationTime=2024-09-11T20:32:50.625549, transactionStatus=SUCCESS, transferType=RECEIVE_MONEY, debitOrCredit=false) Transaction(transactionId=0aafed62-2f9a-48bc-829a-0fe8ae603dcd, customerAccount=com.sukrutha.bankingApp.entities.Account@115add0f, beneficiaryAccount=com.sukrutha.bankingApp.entities.Beneficiary@3492f383, amount=10.0, transactionType=NEFT, transcationTime=2024-09-11T20:32:50.625549, transactionStatus=SUCCESS, transferType=RECEIVE_MONEY, debitOrCredit=false)
>16-09-2024 09:29:48 [http-nio-8081-exec-8] INFO  c.s.b.services.TransactionService        ::-> Transaction(transactionId=0dd20da6-90ba-4bd1-b22b-c0d1fd742061, customerAccount=com.sukrutha.bankingApp.entities.Account@115add0f, beneficiaryAccount=com.sukrutha.bankingApp.entities.Beneficiary@3492f383, amount=12.0, transactionType=NEFT, transcationTime=2024-09-11T21:01:40.945638, transactionStatus=SUCCESS, transferType=RECEIVE_MONEY, debitOrCredit=false) Transaction(transactionId=0dd20da6-90ba-4bd1-b22b-c0d1fd742061, customerAccount=com.sukrutha.bankingApp.entities.Account@115add0f, beneficiaryAccount=com.sukrutha.bankingApp.entities.Beneficiary@3492f383, amount=12.0, transactionType=NEFT, transcationTime=2024-09-11T21:01:40.945638, transactionStatus=SUCCESS, transferType=RECEIVE_MONEY, debitOrCredit=false)
>16-09-2024 09:29:48 [http-nio-8081-exec-8] INFO  c.s.b.services.TransactionService        ::-> Transaction(transactionId=4c268bf3-9adb-48ad-9aca-daf1befdf469, customerAccount=com.sukrutha.bankingApp.entities.Account@115add0f, beneficiaryAccount=com.sukrutha.bankingApp.entities.Beneficiary@3492f383, amount=10.0, transactionType=NEFT, transcationTime=2024-09-11T20:37:05.920453, transactionStatus=SUCCESS, transferType=RECEIVE_MONEY, debitOrCredit=false) Transaction(transactionId=4c268bf3-9adb-48ad-9aca-daf1befdf469, customerAccount=com.sukrutha.bankingApp.entities.Account@115add0f, beneficiaryAccount=com.sukrutha.bankingApp.entities.Beneficiary@3492f383, amount=10.0, transactionType=NEFT, transcationTime=2024-09-11T20:37:05.920453, transactionStatus=SUCCESS, transferType=RECEIVE_MONEY, debitOrCredit=false)
>16-09-2024 09:29:48 [http-nio-8081-exec-8] INFO  c.s.b.services.TransactionService        ::-> Transaction(transactionId=9c8b1616-4434-4e0d-b54d-8bd8e55c0890, customerAccount=com.sukrutha.bankingApp.entities.Account@115add0f, beneficiaryAccount=com.sukrutha.bankingApp.entities.Beneficiary@3492f383, amount=25.0, transactionType=NEFT, transcationTime=2024-09-11T21:01:05.315041, transactionStatus=SUCCESS, transferType=RECEIVE_MONEY, debitOrCredit=false) Transaction(transactionId=9c8b1616-4434-4e0d-b54d-8bd8e55c0890, customerAccount=com.sukrutha.bankingApp.entities.Account@115add0f, beneficiaryAccount=com.sukrutha.bankingApp.entities.Beneficiary@3492f383, amount=25.0, transactionType=NEFT, transcationTime=2024-09-11T21:01:05.315041, transactionStatus=SUCCESS, transferType=RECEIVE_MONEY, debitOrCredit=false)
>16-09-2024 09:29:48 [http-nio-8081-exec-8] INFO  c.s.b.services.TransactionService        ::-> Transaction(transactionId=e454eaac-5d43-4db7-8d43-63e0caf8467d, customerAccount=com.sukrutha.bankingApp.entities.Account@115add0f, beneficiaryAccount=com.sukrutha.bankingApp.entities.Beneficiary@3492f383, amount=2.0, transactionType=NEFT, transcationTime=2024-09-11T21:01:55.860885, transactionStatus=SUCCESS, transferType=RECEIVE_MONEY, debitOrCredit=false) Transaction(transactionId=e454eaac-5d43-4db7-8d43-63e0caf8467d, customerAccount=com.sukrutha.bankingApp.entities.Account@115add0f, beneficiaryAccount=com.sukrutha.bankingApp.entities.Beneficiary@3492f383, amount=2.0, transactionType=NEFT, transcationTime=2024-09-11T21:01:55.860885, transactionStatus=SUCCESS, transferType=RECEIVE_MONEY, debitOrCredit=false)
>16-09-2024 09:29:48 [http-nio-8081-exec-8] INFO  c.s.b.services.TransactionService        ::-> transactionsUsingBeneficiaryAccount transactionsUsingBeneficiaryAccount
>16-09-2024 09:29:48 [http-nio-8081-exec-8] INFO  c.s.b.services.TransactionService        ::-> Transaction(transactionId=9366fc16-e23f-48e6-b032-83dbad88b22c, customerAccount=com.sukrutha.bankingApp.entities.Account@27d310aa, beneficiaryAccount=com.sukrutha.bankingApp.entities.Beneficiary@606215eb, amount=2.0, transactionType=NEFT, transcationTime=2024-09-12T19:38:19.191339, transactionStatus=SUCCESS, transferType=RECEIVE_MONEY, debitOrCredit=true) Transaction(transactionId=9366fc16-e23f-48e6-b032-83dbad88b22c, customerAccount=com.sukrutha.bankingApp.entities.Account@27d310aa, beneficiaryAccount=com.sukrutha.bankingApp.entities.Beneficiary@606215eb, amount=2.0, transactionType=NEFT, transcationTime=2024-09-12T19:38:19.191339, transactionStatus=SUCCESS, transferType=RECEIVE_MONEY, debitOrCredit=true)
>16-09-2024 09:29:48 [http-nio-8081-exec-8] INFO  c.s.b.services.TransactionService        ::-> Transaction(transactionId=cea5624f-442f-4874-9050-66c7c14ec72e, customerAccount=com.sukrutha.bankingApp.entities.Account@27d310aa, beneficiaryAccount=com.sukrutha.bankingApp.entities.Beneficiary@606215eb, amount=2.0, transactionType=NEFT, transcationTime=2024-09-12T20:11:29.389724, transactionStatus=SUCCESS, transferType=RECEIVE_MONEY, debitOrCredit=true) Transaction(transactionId=cea5624f-442f-4874-9050-66c7c14ec72e, customerAccount=com.sukrutha.bankingApp.entities.Account@27d310aa, beneficiaryAccount=com.sukrutha.bankingApp.entities.Beneficiary@606215eb, amount=2.0, transactionType=NEFT, transcationTime=2024-09-12T20:11:29.389724, transactionStatus=SUCCESS, transferType=RECEIVE_MONEY, debitOrCredit=true)
>16-09-2024 09:29:48 [http-nio-8081-exec-8] INFO  c.s.b.services.TransactionService        ::-> Transaction(transactionId=f6a4dd20-1e9c-422d-bd04-dfd739a4b8fc, customerAccount=com.sukrutha.bankingApp.entities.Account@27d310aa, beneficiaryAccount=com.sukrutha.bankingApp.entities.Beneficiary@606215eb, amount=2.0, transactionType=NEFT, transcationTime=2024-09-12T18:11:22.802004, transactionStatus=SUCCESS, transferType=RECEIVE_MONEY, debitOrCredit=true) Transaction(transactionId=f6a4dd20-1e9c-422d-bd04-dfd739a4b8fc, customerAccount=com.sukrutha.bankingApp.entities.Account@27d310aa, beneficiaryAccount=com.sukrutha.bankingApp.entities.Beneficiary@606215eb, amount=2.0, transactionType=NEFT, transcationTime=2024-09-12T18:11:22.802004, transactionStatus=SUCCESS, transferType=RECEIVE_MONEY, debitOrCredit=true)
>16-09-2024 09:29:48 [http-nio-8081-exec-8] INFO  c.s.b.services.TransactionService        ::->  addedBeneficiaryTransactions true  addedBeneficiaryTransactions true
>16-09-2024 09:29:48 [http-nio-8081-exec-8] INFO  c.s.b.services.TransactionService        ::->  addedCustomerTransactions true  addedCustomerTransactions true
>16-09-2024 09:33:19 [http-nio-8081-exec-1] INFO  c.s.b.controllers.TransactionController  ::-> TransactionController::getAccountTransactionHistory TransactionController::getAccountTransactionHistory
>16-09-2024 09:33:19 [http-nio-8081-exec-1] INFO  c.s.b.services.TransactionService        ::-> TransactionService:getAccountTransactionHistory TransactionService:getAccountTransactionHistory
>16-09-2024 09:33:20 [http-nio-8081-exec-1] INFO  c.s.bankingApp.services.AccountService   ::-> AccountService::getAccountByAccountNumber AccountService::getAccountByAccountNumber
>16-09-2024 09:33:20 [http-nio-8081-exec-1] INFO  c.s.b.services.BeneficiaryService        ::-> BeneficiaryService::getBeneficiaryByBeneficiaryAccountNumber BeneficiaryService::getBeneficiaryByBeneficiaryAccountNumber
>16-09-2024 09:33:20 [http-nio-8081-exec-1] INFO  c.s.b.services.TransactionService        ::-> transactionsUsingCustomerAccount transactionsUsingCustomerAccount
>16-09-2024 09:33:20 [http-nio-8081-exec-1] INFO  c.s.b.services.TransactionService        ::-> Transaction(transactionId=9366fc16-e23f-48e6-b032-83dbad88b22c, customerAccount=com.sukrutha.bankingApp.entities.Account@68173fc2, beneficiaryAccount=com.sukrutha.bankingApp.entities.Beneficiary@46b3f79c, amount=2.0, transactionType=NEFT, transcationTime=2024-09-12T19:38:19.191339, transactionStatus=SUCCESS, transferType=RECEIVE_MONEY, debitOrCredit=false) Transaction(transactionId=9366fc16-e23f-48e6-b032-83dbad88b22c, customerAccount=com.sukrutha.bankingApp.entities.Account@68173fc2, beneficiaryAccount=com.sukrutha.bankingApp.entities.Beneficiary@46b3f79c, amount=2.0, transactionType=NEFT, transcationTime=2024-09-12T19:38:19.191339, transactionStatus=SUCCESS, transferType=RECEIVE_MONEY, debitOrCredit=false)
>16-09-2024 09:33:20 [http-nio-8081-exec-1] INFO  c.s.b.services.TransactionService        ::-> Transaction(transactionId=cea5624f-442f-4874-9050-66c7c14ec72e, customerAccount=com.sukrutha.bankingApp.entities.Account@68173fc2, beneficiaryAccount=com.sukrutha.bankingApp.entities.Beneficiary@46b3f79c, amount=2.0, transactionType=NEFT, transcationTime=2024-09-12T20:11:29.389724, transactionStatus=SUCCESS, transferType=RECEIVE_MONEY, debitOrCredit=false) Transaction(transactionId=cea5624f-442f-4874-9050-66c7c14ec72e, customerAccount=com.sukrutha.bankingApp.entities.Account@68173fc2, beneficiaryAccount=com.sukrutha.bankingApp.entities.Beneficiary@46b3f79c, amount=2.0, transactionType=NEFT, transcationTime=2024-09-12T20:11:29.389724, transactionStatus=SUCCESS, transferType=RECEIVE_MONEY, debitOrCredit=false)
>16-09-2024 09:33:20 [http-nio-8081-exec-1] INFO  c.s.b.services.TransactionService        ::-> Transaction(transactionId=f6a4dd20-1e9c-422d-bd04-dfd739a4b8fc, customerAccount=com.sukrutha.bankingApp.entities.Account@68173fc2, beneficiaryAccount=com.sukrutha.bankingApp.entities.Beneficiary@46b3f79c, amount=2.0, transactionType=NEFT, transcationTime=2024-09-12T18:11:22.802004, transactionStatus=SUCCESS, transferType=RECEIVE_MONEY, debitOrCredit=false) Transaction(transactionId=f6a4dd20-1e9c-422d-bd04-dfd739a4b8fc, customerAccount=com.sukrutha.bankingApp.entities.Account@68173fc2, beneficiaryAccount=com.sukrutha.bankingApp.entities.Beneficiary@46b3f79c, amount=2.0, transactionType=NEFT, transcationTime=2024-09-12T18:11:22.802004, transactionStatus=SUCCESS, transferType=RECEIVE_MONEY, debitOrCredit=false)
>16-09-2024 09:33:20 [http-nio-8081-exec-1] INFO  c.s.b.services.TransactionService        ::-> transactionsUsingBeneficiaryAccount transactionsUsingBeneficiaryAccount
>16-09-2024 09:33:20 [http-nio-8081-exec-1] INFO  c.s.b.services.TransactionService        ::-> Transaction(transactionId=0aafed62-2f9a-48bc-829a-0fe8ae603dcd, customerAccount=com.sukrutha.bankingApp.entities.Account@a7ac31e, beneficiaryAccount=com.sukrutha.bankingApp.entities.Beneficiary@8a70035, amount=10.0, transactionType=NEFT, transcationTime=2024-09-11T20:32:50.625549, transactionStatus=SUCCESS, transferType=RECEIVE_MONEY, debitOrCredit=true) Transaction(transactionId=0aafed62-2f9a-48bc-829a-0fe8ae603dcd, customerAccount=com.sukrutha.bankingApp.entities.Account@a7ac31e, beneficiaryAccount=com.sukrutha.bankingApp.entities.Beneficiary@8a70035, amount=10.0, transactionType=NEFT, transcationTime=2024-09-11T20:32:50.625549, transactionStatus=SUCCESS, transferType=RECEIVE_MONEY, debitOrCredit=true)
>16-09-2024 09:33:20 [http-nio-8081-exec-1] INFO  c.s.b.services.TransactionService        ::-> Transaction(transactionId=0dd20da6-90ba-4bd1-b22b-c0d1fd742061, customerAccount=com.sukrutha.bankingApp.entities.Account@a7ac31e, beneficiaryAccount=com.sukrutha.bankingApp.entities.Beneficiary@8a70035, amount=12.0, transactionType=NEFT, transcationTime=2024-09-11T21:01:40.945638, transactionStatus=SUCCESS, transferType=RECEIVE_MONEY, debitOrCredit=true) Transaction(transactionId=0dd20da6-90ba-4bd1-b22b-c0d1fd742061, customerAccount=com.sukrutha.bankingApp.entities.Account@a7ac31e, beneficiaryAccount=com.sukrutha.bankingApp.entities.Beneficiary@8a70035, amount=12.0, transactionType=NEFT, transcationTime=2024-09-11T21:01:40.945638, transactionStatus=SUCCESS, transferType=RECEIVE_MONEY, debitOrCredit=true)
>16-09-2024 09:33:20 [http-nio-8081-exec-1] INFO  c.s.b.services.TransactionService        ::-> Transaction(transactionId=4c268bf3-9adb-48ad-9aca-daf1befdf469, customerAccount=com.sukrutha.bankingApp.entities.Account@a7ac31e, beneficiaryAccount=com.sukrutha.bankingApp.entities.Beneficiary@8a70035, amount=10.0, transactionType=NEFT, transcationTime=2024-09-11T20:37:05.920453, transactionStatus=SUCCESS, transferType=RECEIVE_MONEY, debitOrCredit=true) Transaction(transactionId=4c268bf3-9adb-48ad-9aca-daf1befdf469, customerAccount=com.sukrutha.bankingApp.entities.Account@a7ac31e, beneficiaryAccount=com.sukrutha.bankingApp.entities.Beneficiary@8a70035, amount=10.0, transactionType=NEFT, transcationTime=2024-09-11T20:37:05.920453, transactionStatus=SUCCESS, transferType=RECEIVE_MONEY, debitOrCredit=true)
>16-09-2024 09:33:20 [http-nio-8081-exec-1] INFO  c.s.b.services.TransactionService        ::-> Transaction(transactionId=9c8b1616-4434-4e0d-b54d-8bd8e55c0890, customerAccount=com.sukrutha.bankingApp.entities.Account@a7ac31e, beneficiaryAccount=com.sukrutha.bankingApp.entities.Beneficiary@8a70035, amount=25.0, transactionType=NEFT, transcationTime=2024-09-11T21:01:05.315041, transactionStatus=SUCCESS, transferType=RECEIVE_MONEY, debitOrCredit=true) Transaction(transactionId=9c8b1616-4434-4e0d-b54d-8bd8e55c0890, customerAccount=com.sukrutha.bankingApp.entities.Account@a7ac31e, beneficiaryAccount=com.sukrutha.bankingApp.entities.Beneficiary@8a70035, amount=25.0, transactionType=NEFT, transcationTime=2024-09-11T21:01:05.315041, transactionStatus=SUCCESS, transferType=RECEIVE_MONEY, debitOrCredit=true)
>16-09-2024 09:33:20 [http-nio-8081-exec-1] INFO  c.s.b.services.TransactionService        ::-> Transaction(transactionId=e454eaac-5d43-4db7-8d43-63e0caf8467d, customerAccount=com.sukrutha.bankingApp.entities.Account@a7ac31e, beneficiaryAccount=com.sukrutha.bankingApp.entities.Beneficiary@8a70035, amount=2.0, transactionType=NEFT, transcationTime=2024-09-11T21:01:55.860885, transactionStatus=SUCCESS, transferType=RECEIVE_MONEY, debitOrCredit=true) Transaction(transactionId=e454eaac-5d43-4db7-8d43-63e0caf8467d, customerAccount=com.sukrutha.bankingApp.entities.Account@a7ac31e, beneficiaryAccount=com.sukrutha.bankingApp.entities.Beneficiary@8a70035, amount=2.0, transactionType=NEFT, transcationTime=2024-09-11T21:01:55.860885, transactionStatus=SUCCESS, transferType=RECEIVE_MONEY, debitOrCredit=true)
>16-09-2024 09:33:20 [http-nio-8081-exec-1] INFO  c.s.b.services.TransactionService        ::->  addedBeneficiaryTransactions true  addedBeneficiaryTransactions true
>16-09-2024 09:33:20 [http-nio-8081-exec-1] INFO  c.s.b.services.TransactionService        ::->  addedCustomerTransactions true  addedCustomerTransactions true
>16-09-2024 09:34:22 [http-nio-8081-exec-6] INFO  c.s.b.controllers.TransactionController  ::-> TransactionController::getAccountTransactionHistory TransactionController::getAccountTransactionHistory
>16-09-2024 09:34:22 [http-nio-8081-exec-6] INFO  c.s.b.services.TransactionService        ::-> TransactionService:getAccountTransactionHistory TransactionService:getAccountTransactionHistory
>16-09-2024 09:34:22 [http-nio-8081-exec-6] INFO  c.s.bankingApp.services.AccountService   ::-> AccountService::getAccountByAccountNumber AccountService::getAccountByAccountNumber
>16-09-2024 09:34:22 [http-nio-8081-exec-6] INFO  c.s.b.services.BeneficiaryService        ::-> BeneficiaryService::getBeneficiaryByBeneficiaryAccountNumber BeneficiaryService::getBeneficiaryByBeneficiaryAccountNumber
>16-09-2024 09:34:22 [http-nio-8081-exec-6] INFO  c.s.b.services.TransactionService        ::-> transactionsUsingCustomerAccount transactionsUsingCustomerAccount
>16-09-2024 09:34:22 [http-nio-8081-exec-6] INFO  c.s.b.services.TransactionService        ::-> Transaction(transactionId=9366fc16-e23f-48e6-b032-83dbad88b22c, customerAccount=com.sukrutha.bankingApp.entities.Account@3f87963a, beneficiaryAccount=com.sukrutha.bankingApp.entities.Beneficiary@16392807, amount=2.0, transactionType=NEFT, transcationTime=2024-09-12T19:38:19.191339, transactionStatus=SUCCESS, transferType=SEND_MONEY, debitOrCredit=true) Transaction(transactionId=9366fc16-e23f-48e6-b032-83dbad88b22c, customerAccount=com.sukrutha.bankingApp.entities.Account@3f87963a, beneficiaryAccount=com.sukrutha.bankingApp.entities.Beneficiary@16392807, amount=2.0, transactionType=NEFT, transcationTime=2024-09-12T19:38:19.191339, transactionStatus=SUCCESS, transferType=SEND_MONEY, debitOrCredit=true)
>16-09-2024 09:34:22 [http-nio-8081-exec-6] INFO  c.s.b.services.TransactionService        ::-> Transaction(transactionId=cea5624f-442f-4874-9050-66c7c14ec72e, customerAccount=com.sukrutha.bankingApp.entities.Account@3f87963a, beneficiaryAccount=com.sukrutha.bankingApp.entities.Beneficiary@16392807, amount=2.0, transactionType=NEFT, transcationTime=2024-09-12T20:11:29.389724, transactionStatus=SUCCESS, transferType=RECEIVE_MONEY, debitOrCredit=false) Transaction(transactionId=cea5624f-442f-4874-9050-66c7c14ec72e, customerAccount=com.sukrutha.bankingApp.entities.Account@3f87963a, beneficiaryAccount=com.sukrutha.bankingApp.entities.Beneficiary@16392807, amount=2.0, transactionType=NEFT, transcationTime=2024-09-12T20:11:29.389724, transactionStatus=SUCCESS, transferType=RECEIVE_MONEY, debitOrCredit=false)
>16-09-2024 09:34:22 [http-nio-8081-exec-6] INFO  c.s.b.services.TransactionService        ::-> Transaction(transactionId=f6a4dd20-1e9c-422d-bd04-dfd739a4b8fc, customerAccount=com.sukrutha.bankingApp.entities.Account@3f87963a, beneficiaryAccount=com.sukrutha.bankingApp.entities.Beneficiary@16392807, amount=2.0, transactionType=NEFT, transcationTime=2024-09-12T18:11:22.802004, transactionStatus=SUCCESS, transferType=RECEIVE_MONEY, debitOrCredit=false) Transaction(transactionId=f6a4dd20-1e9c-422d-bd04-dfd739a4b8fc, customerAccount=com.sukrutha.bankingApp.entities.Account@3f87963a, beneficiaryAccount=com.sukrutha.bankingApp.entities.Beneficiary@16392807, amount=2.0, transactionType=NEFT, transcationTime=2024-09-12T18:11:22.802004, transactionStatus=SUCCESS, transferType=RECEIVE_MONEY, debitOrCredit=false)
>16-09-2024 09:34:22 [http-nio-8081-exec-6] INFO  c.s.b.services.TransactionService        ::-> transactionsUsingBeneficiaryAccount transactionsUsingBeneficiaryAccount
>16-09-2024 09:34:22 [http-nio-8081-exec-6] INFO  c.s.b.services.TransactionService        ::-> Transaction(transactionId=0aafed62-2f9a-48bc-829a-0fe8ae603dcd, customerAccount=com.sukrutha.bankingApp.entities.Account@5960755b, beneficiaryAccount=com.sukrutha.bankingApp.entities.Beneficiary@3fb1efa2, amount=10.0, transactionType=NEFT, transcationTime=2024-09-11T20:32:50.625549, transactionStatus=SUCCESS, transferType=RECEIVE_MONEY, debitOrCredit=true) Transaction(transactionId=0aafed62-2f9a-48bc-829a-0fe8ae603dcd, customerAccount=com.sukrutha.bankingApp.entities.Account@5960755b, beneficiaryAccount=com.sukrutha.bankingApp.entities.Beneficiary@3fb1efa2, amount=10.0, transactionType=NEFT, transcationTime=2024-09-11T20:32:50.625549, transactionStatus=SUCCESS, transferType=RECEIVE_MONEY, debitOrCredit=true)
>16-09-2024 09:34:22 [http-nio-8081-exec-6] INFO  c.s.b.services.TransactionService        ::-> Transaction(transactionId=0dd20da6-90ba-4bd1-b22b-c0d1fd742061, customerAccount=com.sukrutha.bankingApp.entities.Account@5960755b, beneficiaryAccount=com.sukrutha.bankingApp.entities.Beneficiary@3fb1efa2, amount=12.0, transactionType=NEFT, transcationTime=2024-09-11T21:01:40.945638, transactionStatus=SUCCESS, transferType=RECEIVE_MONEY, debitOrCredit=true) Transaction(transactionId=0dd20da6-90ba-4bd1-b22b-c0d1fd742061, customerAccount=com.sukrutha.bankingApp.entities.Account@5960755b, beneficiaryAccount=com.sukrutha.bankingApp.entities.Beneficiary@3fb1efa2, amount=12.0, transactionType=NEFT, transcationTime=2024-09-11T21:01:40.945638, transactionStatus=SUCCESS, transferType=RECEIVE_MONEY, debitOrCredit=true)
>16-09-2024 09:34:22 [http-nio-8081-exec-6] INFO  c.s.b.services.TransactionService        ::-> Transaction(transactionId=4c268bf3-9adb-48ad-9aca-daf1befdf469, customerAccount=com.sukrutha.bankingApp.entities.Account@5960755b, beneficiaryAccount=com.sukrutha.bankingApp.entities.Beneficiary@3fb1efa2, amount=10.0, transactionType=NEFT, transcationTime=2024-09-11T20:37:05.920453, transactionStatus=SUCCESS, transferType=RECEIVE_MONEY, debitOrCredit=true) Transaction(transactionId=4c268bf3-9adb-48ad-9aca-daf1befdf469, customerAccount=com.sukrutha.bankingApp.entities.Account@5960755b, beneficiaryAccount=com.sukrutha.bankingApp.entities.Beneficiary@3fb1efa2, amount=10.0, transactionType=NEFT, transcationTime=2024-09-11T20:37:05.920453, transactionStatus=SUCCESS, transferType=RECEIVE_MONEY, debitOrCredit=true)
>16-09-2024 09:34:22 [http-nio-8081-exec-6] INFO  c.s.b.services.TransactionService        ::-> Transaction(transactionId=9c8b1616-4434-4e0d-b54d-8bd8e55c0890, customerAccount=com.sukrutha.bankingApp.entities.Account@5960755b, beneficiaryAccount=com.sukrutha.bankingApp.entities.Beneficiary@3fb1efa2, amount=25.0, transactionType=NEFT, transcationTime=2024-09-11T21:01:05.315041, transactionStatus=SUCCESS, transferType=RECEIVE_MONEY, debitOrCredit=true) Transaction(transactionId=9c8b1616-4434-4e0d-b54d-8bd8e55c0890, customerAccount=com.sukrutha.bankingApp.entities.Account@5960755b, beneficiaryAccount=com.sukrutha.bankingApp.entities.Beneficiary@3fb1efa2, amount=25.0, transactionType=NEFT, transcationTime=2024-09-11T21:01:05.315041, transactionStatus=SUCCESS, transferType=RECEIVE_MONEY, debitOrCredit=true)
>16-09-2024 09:34:22 [http-nio-8081-exec-6] INFO  c.s.b.services.TransactionService        ::-> Transaction(transactionId=e454eaac-5d43-4db7-8d43-63e0caf8467d, customerAccount=com.sukrutha.bankingApp.entities.Account@5960755b, beneficiaryAccount=com.sukrutha.bankingApp.entities.Beneficiary@3fb1efa2, amount=2.0, transactionType=NEFT, transcationTime=2024-09-11T21:01:55.860885, transactionStatus=SUCCESS, transferType=RECEIVE_MONEY, debitOrCredit=true) Transaction(transactionId=e454eaac-5d43-4db7-8d43-63e0caf8467d, customerAccount=com.sukrutha.bankingApp.entities.Account@5960755b, beneficiaryAccount=com.sukrutha.bankingApp.entities.Beneficiary@3fb1efa2, amount=2.0, transactionType=NEFT, transcationTime=2024-09-11T21:01:55.860885, transactionStatus=SUCCESS, transferType=RECEIVE_MONEY, debitOrCredit=true)
>16-09-2024 09:34:22 [http-nio-8081-exec-6] INFO  c.s.b.services.TransactionService        ::->  addedBeneficiaryTransactions true  addedBeneficiaryTransactions true
>16-09-2024 09:34:22 [http-nio-8081-exec-6] INFO  c.s.b.services.TransactionService        ::->  addedCustomerTransactions true  addedCustomerTransactions true
>16-09-2024 09:35:23 [http-nio-8081-exec-5] INFO  c.s.b.controllers.TransactionController  ::-> TransactionController::receiveMoney TransactionController::receiveMoney
>16-09-2024 09:35:23 [http-nio-8081-exec-5] INFO  c.s.b.services.TransactionService        ::-> TransactionService:receiveMoney TransactionService:receiveMoney
>16-09-2024 09:35:23 [http-nio-8081-exec-5] INFO  c.s.bankingApp.services.AccountService   ::-> AccountService::getAccountByAccountNumber AccountService::getAccountByAccountNumber
>16-09-2024 09:35:23 [http-nio-8081-exec-5] INFO  c.s.b.services.BeneficiaryService        ::-> BeneficiaryService::getBeneficiaryByBeneficiaryAccountNumber BeneficiaryService::getBeneficiaryByBeneficiaryAccountNumber
>16-09-2024 09:36:18 [RMI TCP Connection(24)-127.0.0.1] INFO  o.s.b.a.SpringApplicationAdminMXBeanRegistrar$SpringApplicationAdmin ::-> Application shutdown requested. Application shutdown requested.
>16-09-2024 09:36:18 [RMI TCP Connection(24)-127.0.0.1] INFO  o.s.o.j.LocalContainerEntityManagerFactoryBean ::-> Closing JPA EntityManagerFactory for persistence unit 'default' Closing JPA EntityManagerFactory for persistence unit 'default'
>16-09-2024 09:36:18 [RMI TCP Connection(24)-127.0.0.1] INFO  com.zaxxer.hikari.HikariDataSource       ::-> HikariPool-1 - Shutdown initiated... HikariPool-1 - Shutdown initiated...
>16-09-2024 09:36:18 [RMI TCP Connection(24)-127.0.0.1] INFO  com.zaxxer.hikari.HikariDataSource       ::-> HikariPool-1 - Shutdown completed. HikariPool-1 - Shutdown completed.
