>23-09-2024 09:00:54 [restartedMain] INFO  c.s.bankingApp.BankingAppApplication     ::-> Starting BankingAppApplication using Java 21.0.3 with PID 28516 (C:\banking_app\BankingApp\target\classes started by sukru in C:\banking_app\BankingApp) Starting BankingAppApplication using Java 21.0.3 with PID 28516 (C:\banking_app\BankingApp\target\classes started by sukru in C:\banking_app\BankingApp)
>23-09-2024 09:00:54 [restartedMain] INFO  c.s.bankingApp.BankingAppApplication     ::-> No active profile set, falling back to 1 default profile: "default" No active profile set, falling back to 1 default profile: "default"
>23-09-2024 09:00:55 [restartedMain] INFO  o.s.b.d.e.DevToolsPropertyDefaultsPostProcessor ::-> Devtools property defaults active! Set 'spring.devtools.add-properties' to 'false' to disable Devtools property defaults active! Set 'spring.devtools.add-properties' to 'false' to disable
>23-09-2024 09:00:55 [restartedMain] INFO  o.s.b.d.e.DevToolsPropertyDefaultsPostProcessor ::-> For additional web related logging consider setting the 'logging.level.web' property to 'DEBUG' For additional web related logging consider setting the 'logging.level.web' property to 'DEBUG'
>23-09-2024 09:00:56 [restartedMain] INFO  o.s.d.r.c.RepositoryConfigurationDelegate ::-> Bootstrapping Spring Data JPA repositories in DEFAULT mode. Bootstrapping Spring Data JPA repositories in DEFAULT mode.
>23-09-2024 09:00:56 [restartedMain] INFO  o.s.d.r.c.RepositoryConfigurationDelegate ::-> Finished Spring Data repository scanning in 80 ms. Found 7 JPA repository interfaces. Finished Spring Data repository scanning in 80 ms. Found 7 JPA repository interfaces.
>23-09-2024 09:00:57 [restartedMain] INFO  o.s.b.w.embedded.tomcat.TomcatWebServer  ::-> Tomcat initialized with port 8081 (http) Tomcat initialized with port 8081 (http)
>23-09-2024 09:00:57 [restartedMain] INFO  o.apache.catalina.core.StandardService   ::-> Starting service [Tomcat] Starting service [Tomcat]
>23-09-2024 09:00:57 [restartedMain] INFO  org.apache.catalina.core.StandardEngine  ::-> Starting Servlet engine: [Apache Tomcat/10.1.28] Starting Servlet engine: [Apache Tomcat/10.1.28]
>23-09-2024 09:00:57 [restartedMain] INFO  o.a.c.c.C.[.[localhost].[/bankingapp]    ::-> Initializing Spring embedded WebApplicationContext Initializing Spring embedded WebApplicationContext
>23-09-2024 09:00:57 [restartedMain] INFO  o.s.b.w.s.c.ServletWebServerApplicationContext ::-> Root WebApplicationContext: initialization completed in 2056 ms Root WebApplicationContext: initialization completed in 2056 ms
>23-09-2024 09:00:57 [restartedMain] INFO  o.hibernate.jpa.internal.util.LogHelper  ::-> HHH000204: Processing PersistenceUnitInfo [name: default] HHH000204: Processing PersistenceUnitInfo [name: default]
>23-09-2024 09:00:57 [restartedMain] INFO  org.hibernate.Version                    ::-> HHH000412: Hibernate ORM core version 6.5.2.Final HHH000412: Hibernate ORM core version 6.5.2.Final
>23-09-2024 09:00:57 [restartedMain] INFO  o.h.c.internal.RegionFactoryInitiator    ::-> HHH000026: Second-level cache disabled HHH000026: Second-level cache disabled
>23-09-2024 09:00:57 [restartedMain] INFO  o.s.o.j.p.SpringPersistenceUnitInfo      ::-> No LoadTimeWeaver setup: ignoring JPA class transformer No LoadTimeWeaver setup: ignoring JPA class transformer
>23-09-2024 09:00:57 [restartedMain] INFO  com.zaxxer.hikari.HikariDataSource       ::-> HikariPool-1 - Starting... HikariPool-1 - Starting...
>23-09-2024 09:00:58 [restartedMain] INFO  com.zaxxer.hikari.pool.HikariPool        ::-> HikariPool-1 - Added connection com.mysql.cj.jdbc.ConnectionImpl@1f6771f7 HikariPool-1 - Added connection com.mysql.cj.jdbc.ConnectionImpl@1f6771f7
>23-09-2024 09:00:58 [restartedMain] INFO  com.zaxxer.hikari.HikariDataSource       ::-> HikariPool-1 - Start completed. HikariPool-1 - Start completed.
>23-09-2024 09:00:58 [restartedMain] WARN  org.hibernate.orm.deprecation            ::-> HHH90000025: MySQLDialect does not need to be specified explicitly using 'hibernate.dialect' (remove the property setting and it will be selected by default) HHH90000025: MySQLDialect does not need to be specified explicitly using 'hibernate.dialect' (remove the property setting and it will be selected by default)
>23-09-2024 09:00:59 [restartedMain] INFO  o.h.e.t.j.p.i.JtaPlatformInitiator       ::-> HHH000489: No JTA platform available (set 'hibernate.transaction.jta.platform' to enable JTA platform integration) HHH000489: No JTA platform available (set 'hibernate.transaction.jta.platform' to enable JTA platform integration)
>23-09-2024 09:00:59 [restartedMain] INFO  o.s.o.j.LocalContainerEntityManagerFactoryBean ::-> Initialized JPA EntityManagerFactory for persistence unit 'default' Initialized JPA EntityManagerFactory for persistence unit 'default'
>23-09-2024 09:01:00 [restartedMain] INFO  o.s.d.j.r.query.QueryEnhancerFactory     ::-> Hibernate is in classpath; If applicable, HQL parser will be used. Hibernate is in classpath; If applicable, HQL parser will be used.
>23-09-2024 09:01:00 [restartedMain] WARN  o.s.b.a.o.j.JpaBaseConfiguration$JpaWebConfiguration ::-> spring.jpa.open-in-view is enabled by default. Therefore, database queries may be performed during view rendering. Explicitly configure spring.jpa.open-in-view to disable this warning spring.jpa.open-in-view is enabled by default. Therefore, database queries may be performed during view rendering. Explicitly configure spring.jpa.open-in-view to disable this warning
>23-09-2024 09:01:00 [restartedMain] WARN  o.s.b.a.s.s.UserDetailsServiceAutoConfiguration ::-> 

Using generated security password: 4d63dfe5-8a24-4a5e-ba2b-97f842e20fdd

This generated password is for development use only. Your security configuration must be updated before running your application in production.
 

Using generated security password: 4d63dfe5-8a24-4a5e-ba2b-97f842e20fdd

This generated password is for development use only. Your security configuration must be updated before running your application in production.

>23-09-2024 09:01:00 [restartedMain] INFO  o.s.s.c.a.a.c.InitializeUserDetailsBeanManagerConfigurer$InitializeUserDetailsManagerConfigurer ::-> Global AuthenticationManager configured with UserDetailsService bean with name inMemoryUserDetailsManager Global AuthenticationManager configured with UserDetailsService bean with name inMemoryUserDetailsManager
>23-09-2024 09:01:01 [restartedMain] INFO  o.s.b.d.a.OptionalLiveReloadServer       ::-> LiveReload server is running on port 35729 LiveReload server is running on port 35729
>23-09-2024 09:01:01 [restartedMain] INFO  o.s.b.w.embedded.tomcat.TomcatWebServer  ::-> Tomcat started on port 8081 (http) with context path '/bankingapp' Tomcat started on port 8081 (http) with context path '/bankingapp'
>23-09-2024 09:01:02 [restartedMain] INFO  c.s.bankingApp.BankingAppApplication     ::-> Started BankingAppApplication in 7.58 seconds (process running for 8.918) Started BankingAppApplication in 7.58 seconds (process running for 8.918)
>23-09-2024 09:01:02 [restartedMain] INFO  c.s.bankingApp.bootstrap.RoleSeeder      ::-> RoleSeeder::run RoleSeeder::run
>23-09-2024 09:01:02 [restartedMain] INFO  c.s.bankingApp.BankingAppApplication     ::-> ********************************************** **********************************************
>23-09-2024 09:01:02 [restartedMain] INFO  c.s.bankingApp.BankingAppApplication     ::-> banking app started! banking app started!
>23-09-2024 09:01:02 [restartedMain] INFO  c.s.bankingApp.BankingAppApplication     ::-> ********************************************** **********************************************
>23-09-2024 09:02:05 [http-nio-8081-exec-2] INFO  o.a.c.c.C.[.[localhost].[/bankingapp]    ::-> Initializing Spring DispatcherServlet 'dispatcherServlet' Initializing Spring DispatcherServlet 'dispatcherServlet'
>23-09-2024 09:02:05 [http-nio-8081-exec-2] INFO  o.s.web.servlet.DispatcherServlet        ::-> Initializing Servlet 'dispatcherServlet' Initializing Servlet 'dispatcherServlet'
>23-09-2024 09:02:05 [http-nio-8081-exec-2] INFO  o.s.web.servlet.DispatcherServlet        ::-> Completed initialization in 3 ms Completed initialization in 3 ms
>23-09-2024 09:02:05 [http-nio-8081-exec-3] INFO  c.s.b.controllers.BankController         ::-> AccountController::getAccountByAccountNumber AccountController::getAccountByAccountNumber
>23-09-2024 09:02:05 [http-nio-8081-exec-3] INFO  c.s.bankingApp.services.BankService      ::-> BankService::getBankDetails BankService::getBankDetails
>23-09-2024 09:02:05 [http-nio-8081-exec-1] INFO  c.s.b.controllers.AccountController      ::-> AccountController::getAccountByAccountNumber AccountController::getAccountByAccountNumber
>23-09-2024 09:02:05 [http-nio-8081-exec-1] INFO  c.s.bankingApp.services.AccountService   ::-> AccountService::getAccountByAccountNumber AccountService::getAccountByAccountNumber
>23-09-2024 09:02:05 [http-nio-8081-exec-2] INFO  c.s.b.controllers.CustomerController     ::-> CustomerController::getCustomerDetailsByCustomerId CustomerController::getCustomerDetailsByCustomerId
>23-09-2024 09:03:41 [File Watcher] INFO  o.s.b.d.a.LocalDevToolsAutoConfiguration$RestartingClassPathChangeChangedEventListener ::-> Restarting due to 3 class path changes (0 additions, 0 deletions, 3 modifications) Restarting due to 3 class path changes (0 additions, 0 deletions, 3 modifications)
>23-09-2024 09:03:41 [Thread-5] INFO  o.s.o.j.LocalContainerEntityManagerFactoryBean ::-> Closing JPA EntityManagerFactory for persistence unit 'default' Closing JPA EntityManagerFactory for persistence unit 'default'
>23-09-2024 09:03:41 [Thread-5] INFO  com.zaxxer.hikari.HikariDataSource       ::-> HikariPool-1 - Shutdown initiated... HikariPool-1 - Shutdown initiated...
>23-09-2024 09:03:41 [Thread-5] INFO  com.zaxxer.hikari.HikariDataSource       ::-> HikariPool-1 - Shutdown completed. HikariPool-1 - Shutdown completed.
>23-09-2024 09:03:41 [restartedMain] INFO  c.s.bankingApp.BankingAppApplication     ::-> Starting BankingAppApplication using Java 21.0.3 with PID 28516 (C:\banking_app\BankingApp\target\classes started by sukru in C:\banking_app\BankingApp) Starting BankingAppApplication using Java 21.0.3 with PID 28516 (C:\banking_app\BankingApp\target\classes started by sukru in C:\banking_app\BankingApp)
>23-09-2024 09:03:41 [restartedMain] INFO  c.s.bankingApp.BankingAppApplication     ::-> No active profile set, falling back to 1 default profile: "default" No active profile set, falling back to 1 default profile: "default"
>23-09-2024 09:03:42 [restartedMain] INFO  o.s.d.r.c.RepositoryConfigurationDelegate ::-> Bootstrapping Spring Data JPA repositories in DEFAULT mode. Bootstrapping Spring Data JPA repositories in DEFAULT mode.
>23-09-2024 09:03:42 [restartedMain] INFO  o.s.d.r.c.RepositoryConfigurationDelegate ::-> Finished Spring Data repository scanning in 29 ms. Found 7 JPA repository interfaces. Finished Spring Data repository scanning in 29 ms. Found 7 JPA repository interfaces.
>23-09-2024 09:03:42 [restartedMain] INFO  o.s.b.w.embedded.tomcat.TomcatWebServer  ::-> Tomcat initialized with port 8081 (http) Tomcat initialized with port 8081 (http)
>23-09-2024 09:03:42 [restartedMain] INFO  o.apache.catalina.core.StandardService   ::-> Starting service [Tomcat] Starting service [Tomcat]
>23-09-2024 09:03:42 [restartedMain] INFO  org.apache.catalina.core.StandardEngine  ::-> Starting Servlet engine: [Apache Tomcat/10.1.28] Starting Servlet engine: [Apache Tomcat/10.1.28]
>23-09-2024 09:03:42 [restartedMain] INFO  o.a.c.c.C.[.[localhost].[/bankingapp]    ::-> Initializing Spring embedded WebApplicationContext Initializing Spring embedded WebApplicationContext
>23-09-2024 09:03:42 [restartedMain] INFO  o.s.b.w.s.c.ServletWebServerApplicationContext ::-> Root WebApplicationContext: initialization completed in 468 ms Root WebApplicationContext: initialization completed in 468 ms
>23-09-2024 09:03:42 [restartedMain] INFO  o.hibernate.jpa.internal.util.LogHelper  ::-> HHH000204: Processing PersistenceUnitInfo [name: default] HHH000204: Processing PersistenceUnitInfo [name: default]
>23-09-2024 09:03:42 [restartedMain] INFO  o.h.c.internal.RegionFactoryInitiator    ::-> HHH000026: Second-level cache disabled HHH000026: Second-level cache disabled
>23-09-2024 09:03:42 [restartedMain] INFO  o.s.o.j.p.SpringPersistenceUnitInfo      ::-> No LoadTimeWeaver setup: ignoring JPA class transformer No LoadTimeWeaver setup: ignoring JPA class transformer
>23-09-2024 09:03:42 [restartedMain] INFO  com.zaxxer.hikari.HikariDataSource       ::-> HikariPool-2 - Starting... HikariPool-2 - Starting...
>23-09-2024 09:03:42 [restartedMain] INFO  com.zaxxer.hikari.pool.HikariPool        ::-> HikariPool-2 - Added connection com.mysql.cj.jdbc.ConnectionImpl@6d9e8ff4 HikariPool-2 - Added connection com.mysql.cj.jdbc.ConnectionImpl@6d9e8ff4
>23-09-2024 09:03:42 [restartedMain] INFO  com.zaxxer.hikari.HikariDataSource       ::-> HikariPool-2 - Start completed. HikariPool-2 - Start completed.
>23-09-2024 09:03:42 [restartedMain] WARN  org.hibernate.orm.deprecation            ::-> HHH90000025: MySQLDialect does not need to be specified explicitly using 'hibernate.dialect' (remove the property setting and it will be selected by default) HHH90000025: MySQLDialect does not need to be specified explicitly using 'hibernate.dialect' (remove the property setting and it will be selected by default)
>23-09-2024 09:03:42 [restartedMain] INFO  o.h.e.t.j.p.i.JtaPlatformInitiator       ::-> HHH000489: No JTA platform available (set 'hibernate.transaction.jta.platform' to enable JTA platform integration) HHH000489: No JTA platform available (set 'hibernate.transaction.jta.platform' to enable JTA platform integration)
>23-09-2024 09:03:42 [restartedMain] INFO  o.s.o.j.LocalContainerEntityManagerFactoryBean ::-> Initialized JPA EntityManagerFactory for persistence unit 'default' Initialized JPA EntityManagerFactory for persistence unit 'default'
>23-09-2024 09:03:43 [restartedMain] WARN  o.s.b.a.o.j.JpaBaseConfiguration$JpaWebConfiguration ::-> spring.jpa.open-in-view is enabled by default. Therefore, database queries may be performed during view rendering. Explicitly configure spring.jpa.open-in-view to disable this warning spring.jpa.open-in-view is enabled by default. Therefore, database queries may be performed during view rendering. Explicitly configure spring.jpa.open-in-view to disable this warning
>23-09-2024 09:03:43 [restartedMain] WARN  o.s.b.a.s.s.UserDetailsServiceAutoConfiguration ::-> 

Using generated security password: 89d8b3c7-9146-4bdc-a1e8-dc922ae6e45a

This generated password is for development use only. Your security configuration must be updated before running your application in production.
 

Using generated security password: 89d8b3c7-9146-4bdc-a1e8-dc922ae6e45a

This generated password is for development use only. Your security configuration must be updated before running your application in production.

>23-09-2024 09:03:43 [restartedMain] INFO  o.s.s.c.a.a.c.InitializeUserDetailsBeanManagerConfigurer$InitializeUserDetailsManagerConfigurer ::-> Global AuthenticationManager configured with UserDetailsService bean with name inMemoryUserDetailsManager Global AuthenticationManager configured with UserDetailsService bean with name inMemoryUserDetailsManager
>23-09-2024 09:03:43 [restartedMain] INFO  o.s.b.d.a.OptionalLiveReloadServer       ::-> LiveReload server is running on port 35729 LiveReload server is running on port 35729
>23-09-2024 09:03:43 [restartedMain] INFO  o.s.b.w.embedded.tomcat.TomcatWebServer  ::-> Tomcat started on port 8081 (http) with context path '/bankingapp' Tomcat started on port 8081 (http) with context path '/bankingapp'
>23-09-2024 09:03:43 [restartedMain] INFO  c.s.bankingApp.BankingAppApplication     ::-> Started BankingAppApplication in 1.501 seconds (process running for 170.313) Started BankingAppApplication in 1.501 seconds (process running for 170.313)
>23-09-2024 09:03:43 [restartedMain] INFO  c.s.bankingApp.bootstrap.RoleSeeder      ::-> RoleSeeder::run RoleSeeder::run
>23-09-2024 09:03:43 [restartedMain] INFO  o.s.b.d.a.ConditionEvaluationDeltaLoggingListener ::-> Condition evaluation unchanged Condition evaluation unchanged
>23-09-2024 09:03:43 [restartedMain] INFO  c.s.bankingApp.BankingAppApplication     ::-> ********************************************** **********************************************
>23-09-2024 09:03:43 [restartedMain] INFO  c.s.bankingApp.BankingAppApplication     ::-> banking app started! banking app started!
>23-09-2024 09:03:43 [restartedMain] INFO  c.s.bankingApp.BankingAppApplication     ::-> ********************************************** **********************************************
>23-09-2024 09:06:49 [http-nio-8081-exec-1] INFO  o.a.c.c.C.[.[localhost].[/bankingapp]    ::-> Initializing Spring DispatcherServlet 'dispatcherServlet' Initializing Spring DispatcherServlet 'dispatcherServlet'
>23-09-2024 09:06:49 [http-nio-8081-exec-1] INFO  o.s.web.servlet.DispatcherServlet        ::-> Initializing Servlet 'dispatcherServlet' Initializing Servlet 'dispatcherServlet'
>23-09-2024 09:06:49 [http-nio-8081-exec-1] INFO  o.s.web.servlet.DispatcherServlet        ::-> Completed initialization in 5 ms Completed initialization in 5 ms
>23-09-2024 09:06:49 [http-nio-8081-exec-2] INFO  c.s.b.controllers.CustomerController     ::-> CustomerController::register CustomerController::register
>23-09-2024 09:06:49 [http-nio-8081-exec-2] INFO  c.s.bankingApp.services.CustomerService  ::-> CustomerSerivce:register CustomerSerivce:register
>23-09-2024 09:06:49 [http-nio-8081-exec-2] INFO  c.s.bankingApp.services.CustomerService  ::-> inside try of service inside try of service
>23-09-2024 09:06:49 [http-nio-8081-exec-2] INFO  c.s.b.b.CustomerBusinessLogic            ::-> CustomerBusinessLogic::verifyRegisteringCustomer CustomerBusinessLogic::verifyRegisteringCustomer
>23-09-2024 09:06:49 [http-nio-8081-exec-2] INFO  c.s.b.b.CustomerBusinessLogic            ::-> message customer is not there in the table message customer is not there in the table
>23-09-2024 09:06:49 [http-nio-8081-exec-2] INFO  c.s.bankingApp.services.CustomerService  ::-> customer verified and does not exist  customer verified and does not exist 
>23-09-2024 09:06:49 [http-nio-8081-exec-2] INFO  c.s.bankingApp.services.CustomerService  ::->  password password  password password
>23-09-2024 09:06:49 [http-nio-8081-exec-2] INFO  c.s.bankingApp.services.CustomerService  ::->  encrypted password $2a$10$jrn9AzkuKVGEhtNbP3U/hucWLsqCHu5HRmgDm1j2bmx8PYIiSsO.W  encrypted password $2a$10$jrn9AzkuKVGEhtNbP3U/hucWLsqCHu5HRmgDm1j2bmx8PYIiSsO.W
>23-09-2024 09:06:49 [http-nio-8081-exec-2] INFO  c.s.bankingApp.services.RoleService      ::-> RoleService findRoleByName RoleService findRoleByName
>23-09-2024 09:06:49 [http-nio-8081-exec-2] INFO  c.s.bankingApp.services.CustomerService  ::-> Sukrutha Sukrutha
>23-09-2024 09:06:49 [http-nio-8081-exec-2] INFO  c.s.bankingApp.services.CustomerService  ::-> Shamsundar@gmail.com Shamsundar@gmail.com
>23-09-2024 09:06:49 [http-nio-8081-exec-2] INFO  c.s.bankingApp.services.CustomerService  ::-> $2a$10$jrn9AzkuKVGEhtNbP3U/hucWLsqCHu5HRmgDm1j2bmx8PYIiSsO.W $2a$10$jrn9AzkuKVGEhtNbP3U/hucWLsqCHu5HRmgDm1j2bmx8PYIiSsO.W
>23-09-2024 09:08:28 [http-nio-8081-exec-4] WARN  o.s.w.s.m.s.DefaultHandlerExceptionResolver ::-> Resolved [org.springframework.web.bind.MissingServletRequestParameterException: Required request parameter 'customerEmail' for method parameter type String is not present] Resolved [org.springframework.web.bind.MissingServletRequestParameterException: Required request parameter 'customerEmail' for method parameter type String is not present]
>23-09-2024 09:09:06 [http-nio-8081-exec-8] INFO  c.s.b.controllers.CustomerController     ::-> CustomerController::getCustomerDetailsByCustomerId CustomerController::getCustomerDetailsByCustomerId
>23-09-2024 09:09:06 [http-nio-8081-exec-9] INFO  c.s.b.controllers.CustomerController     ::-> CustomerController::getCustomerDetailsByCustomerId CustomerController::getCustomerDetailsByCustomerId
>23-09-2024 09:09:26 [http-nio-8081-exec-10] INFO  c.s.b.controllers.BankController         ::-> AccountController::getAccountByAccountNumber AccountController::getAccountByAccountNumber
>23-09-2024 09:09:26 [http-nio-8081-exec-10] INFO  c.s.bankingApp.services.BankService      ::-> BankService::getBankDetails BankService::getBankDetails
>23-09-2024 09:09:26 [http-nio-8081-exec-1] INFO  c.s.b.controllers.CustomerController     ::-> CustomerController::getCustomerDetailsByCustomerId CustomerController::getCustomerDetailsByCustomerId
>23-09-2024 09:09:26 [http-nio-8081-exec-2] INFO  c.s.b.controllers.AccountController      ::-> AccountController::getAccountByAccountNumber AccountController::getAccountByAccountNumber
>23-09-2024 09:09:26 [http-nio-8081-exec-2] INFO  c.s.bankingApp.services.AccountService   ::-> AccountService::getAccountByAccountNumber AccountService::getAccountByAccountNumber
>23-09-2024 09:10:19 [http-nio-8081-exec-5] WARN  o.s.w.s.m.s.DefaultHandlerExceptionResolver ::-> Resolved [org.springframework.web.bind.MissingServletRequestParameterException: Required request parameter 'customerEmail' for method parameter type String is not present] Resolved [org.springframework.web.bind.MissingServletRequestParameterException: Required request parameter 'customerEmail' for method parameter type String is not present]
>23-09-2024 09:10:35 [http-nio-8081-exec-8] WARN  o.s.w.s.m.s.DefaultHandlerExceptionResolver ::-> Resolved [org.springframework.web.bind.MissingServletRequestParameterException: Required request parameter 'customerEmail' for method parameter type String is not present] Resolved [org.springframework.web.bind.MissingServletRequestParameterException: Required request parameter 'customerEmail' for method parameter type String is not present]
>23-09-2024 09:12:33 [http-nio-8081-exec-10] INFO  c.s.b.controllers.CustomerController     ::-> CustomerController::getCustomerDetailsByCustomerId CustomerController::getCustomerDetailsByCustomerId
>23-09-2024 09:12:33 [http-nio-8081-exec-2] INFO  c.s.b.controllers.CustomerController     ::-> CustomerController::getCustomerDetailsByCustomerId CustomerController::getCustomerDetailsByCustomerId
>23-09-2024 09:15:33 [http-nio-8081-exec-6] INFO  c.s.b.controllers.AccountController      ::-> AccountController::addBeneficiaryToAccount:: AccountController::addBeneficiaryToAccount::
>23-09-2024 09:15:33 [http-nio-8081-exec-6] INFO  c.s.b.controllers.AccountController      ::-> com.sukrutha.bankingApp.entities.Beneficiary@3e9ac625 com.sukrutha.bankingApp.entities.Beneficiary@3e9ac625
>23-09-2024 09:15:33 [http-nio-8081-exec-6] INFO  c.s.bankingApp.services.AccountService   ::-> AccountService::addBeneficiaryToAccount AccountService::addBeneficiaryToAccount
>23-09-2024 09:15:33 [http-nio-8081-exec-6] INFO  c.s.bankingApp.services.AccountService   ::-> AccountService::getAccountByAccountNumber AccountService::getAccountByAccountNumber
>23-09-2024 09:15:33 [http-nio-8081-exec-6] INFO  c.s.b.services.BeneficiaryService        ::-> BeneficiaryService::getBeneficiaryByBeneficiaryAccountNumber BeneficiaryService::getBeneficiaryByBeneficiaryAccountNumber
>23-09-2024 09:15:33 [http-nio-8081-exec-6] INFO  c.s.bankingApp.services.AccountService   ::-> AccountService:updateAccount AccountService:updateAccount
>23-09-2024 09:15:33 [http-nio-8081-exec-6] INFO  c.s.b.services.BeneficiaryService        ::-> BeneficiaryService updateBeneficiary BeneficiaryService updateBeneficiary
>23-09-2024 09:15:33 [http-nio-8081-exec-7] INFO  c.s.b.controllers.BankController         ::-> AccountController::getAccountByAccountNumber AccountController::getAccountByAccountNumber
>23-09-2024 09:15:33 [http-nio-8081-exec-7] INFO  c.s.bankingApp.services.BankService      ::-> BankService::getBankDetails BankService::getBankDetails
>23-09-2024 09:15:33 [http-nio-8081-exec-8] INFO  c.s.b.controllers.CustomerController     ::-> CustomerController::getCustomerDetailsByCustomerId CustomerController::getCustomerDetailsByCustomerId
>23-09-2024 09:15:33 [http-nio-8081-exec-9] INFO  c.s.b.controllers.AccountController      ::-> AccountController::getAccountByAccountNumber AccountController::getAccountByAccountNumber
>23-09-2024 09:15:33 [http-nio-8081-exec-9] INFO  c.s.bankingApp.services.AccountService   ::-> AccountService::getAccountByAccountNumber AccountService::getAccountByAccountNumber
>23-09-2024 09:15:49 [http-nio-8081-exec-10] INFO  c.s.b.controllers.AccountController      ::-> AccountController::deleteBeneficiaryFromAccount:: AccountController::deleteBeneficiaryFromAccount::
>23-09-2024 09:15:49 [http-nio-8081-exec-10] INFO  c.s.b.controllers.AccountController      ::-> 468d951a-ea7f-4e9b-a503-0a9a0328295a 468d951a-ea7f-4e9b-a503-0a9a0328295a
>23-09-2024 09:15:49 [http-nio-8081-exec-10] INFO  c.s.bankingApp.services.AccountService   ::-> AccountService::addBeneficiaryToAccount AccountService::addBeneficiaryToAccount
>23-09-2024 09:15:49 [http-nio-8081-exec-10] INFO  c.s.bankingApp.services.AccountService   ::-> AccountService::getAccountByAccountNumber AccountService::getAccountByAccountNumber
>23-09-2024 09:15:49 [http-nio-8081-exec-10] INFO  c.s.b.services.BeneficiaryService        ::-> BeneficiaryService::getBeneficiaryById 468d951a-ea7f-4e9b-a503-0a9a0328295a BeneficiaryService::getBeneficiaryById 468d951a-ea7f-4e9b-a503-0a9a0328295a
>23-09-2024 09:15:49 [http-nio-8081-exec-10] INFO  c.s.bankingApp.services.AccountService   ::-> AcountService::isBeneficiaryExistsInAccount AcountService::isBeneficiaryExistsInAccount
>23-09-2024 09:15:49 [http-nio-8081-exec-10] INFO  c.s.bankingApp.services.AccountService   ::-> beneficiary exists in account beneficiary exists in account
>23-09-2024 09:15:49 [http-nio-8081-exec-10] INFO  c.s.bankingApp.services.AccountService   ::-> beneficiary deleted successfully from account beneficiary deleted successfully from account
>23-09-2024 09:15:49 [http-nio-8081-exec-2] INFO  c.s.b.controllers.AccountController      ::-> AccountController::getAccountByAccountNumber AccountController::getAccountByAccountNumber
>23-09-2024 09:15:49 [http-nio-8081-exec-2] INFO  c.s.bankingApp.services.AccountService   ::-> AccountService::getAccountByAccountNumber AccountService::getAccountByAccountNumber
>23-09-2024 09:16:22 [http-nio-8081-exec-3] INFO  c.s.b.controllers.AccountController      ::-> AccountController::addBeneficiaryToAccount:: AccountController::addBeneficiaryToAccount::
>23-09-2024 09:16:22 [http-nio-8081-exec-3] INFO  c.s.b.controllers.AccountController      ::-> com.sukrutha.bankingApp.entities.Beneficiary@3bfc757a com.sukrutha.bankingApp.entities.Beneficiary@3bfc757a
>23-09-2024 09:16:22 [http-nio-8081-exec-3] INFO  c.s.bankingApp.services.AccountService   ::-> AccountService::addBeneficiaryToAccount AccountService::addBeneficiaryToAccount
>23-09-2024 09:16:22 [http-nio-8081-exec-3] INFO  c.s.bankingApp.services.AccountService   ::-> AccountService::getAccountByAccountNumber AccountService::getAccountByAccountNumber
>23-09-2024 09:16:22 [http-nio-8081-exec-3] INFO  c.s.b.services.BeneficiaryService        ::-> BeneficiaryService::getBeneficiaryByBeneficiaryAccountNumber BeneficiaryService::getBeneficiaryByBeneficiaryAccountNumber
>23-09-2024 09:16:22 [http-nio-8081-exec-3] INFO  c.s.bankingApp.services.AccountService   ::-> AccountService:updateAccount AccountService:updateAccount
>23-09-2024 09:16:22 [http-nio-8081-exec-3] INFO  c.s.b.services.BeneficiaryService        ::-> BeneficiaryService updateBeneficiary BeneficiaryService updateBeneficiary
>23-09-2024 09:16:22 [http-nio-8081-exec-5] INFO  c.s.b.controllers.BankController         ::-> AccountController::getAccountByAccountNumber AccountController::getAccountByAccountNumber
>23-09-2024 09:16:22 [http-nio-8081-exec-5] INFO  c.s.bankingApp.services.BankService      ::-> BankService::getBankDetails BankService::getBankDetails
>23-09-2024 09:16:22 [http-nio-8081-exec-4] INFO  c.s.b.controllers.CustomerController     ::-> CustomerController::getCustomerDetailsByCustomerId CustomerController::getCustomerDetailsByCustomerId
>23-09-2024 09:16:22 [http-nio-8081-exec-6] INFO  c.s.b.controllers.AccountController      ::-> AccountController::getAccountByAccountNumber AccountController::getAccountByAccountNumber
>23-09-2024 09:16:22 [http-nio-8081-exec-6] INFO  c.s.bankingApp.services.AccountService   ::-> AccountService::getAccountByAccountNumber AccountService::getAccountByAccountNumber
>23-09-2024 09:17:01 [http-nio-8081-exec-7] INFO  c.s.b.controllers.AccountController      ::-> AccountController::deleteBeneficiaryFromAccount:: AccountController::deleteBeneficiaryFromAccount::
>23-09-2024 09:17:01 [http-nio-8081-exec-7] INFO  c.s.b.controllers.AccountController      ::-> 468d951a-ea7f-4e9b-a503-0a9a0328295a 468d951a-ea7f-4e9b-a503-0a9a0328295a
>23-09-2024 09:17:01 [http-nio-8081-exec-7] INFO  c.s.bankingApp.services.AccountService   ::-> AccountService::addBeneficiaryToAccount AccountService::addBeneficiaryToAccount
>23-09-2024 09:17:01 [http-nio-8081-exec-7] INFO  c.s.bankingApp.services.AccountService   ::-> AccountService::getAccountByAccountNumber AccountService::getAccountByAccountNumber
>23-09-2024 09:17:01 [http-nio-8081-exec-7] INFO  c.s.b.services.BeneficiaryService        ::-> BeneficiaryService::getBeneficiaryById 468d951a-ea7f-4e9b-a503-0a9a0328295a BeneficiaryService::getBeneficiaryById 468d951a-ea7f-4e9b-a503-0a9a0328295a
>23-09-2024 09:17:01 [http-nio-8081-exec-7] INFO  c.s.bankingApp.services.AccountService   ::-> AcountService::isBeneficiaryExistsInAccount AcountService::isBeneficiaryExistsInAccount
>23-09-2024 09:17:01 [http-nio-8081-exec-7] INFO  c.s.bankingApp.services.AccountService   ::-> beneficiary exists in account beneficiary exists in account
>23-09-2024 09:17:01 [http-nio-8081-exec-7] INFO  c.s.bankingApp.services.AccountService   ::-> beneficiary deleted successfully from account beneficiary deleted successfully from account
>23-09-2024 09:17:01 [http-nio-8081-exec-9] INFO  c.s.b.controllers.AccountController      ::-> AccountController::getAccountByAccountNumber AccountController::getAccountByAccountNumber
>23-09-2024 09:17:01 [http-nio-8081-exec-9] INFO  c.s.bankingApp.services.AccountService   ::-> AccountService::getAccountByAccountNumber AccountService::getAccountByAccountNumber
>23-09-2024 09:17:13 [http-nio-8081-exec-8] INFO  c.s.b.controllers.AccountController      ::-> AccountController::addBeneficiaryToAccount:: AccountController::addBeneficiaryToAccount::
>23-09-2024 09:17:13 [http-nio-8081-exec-8] INFO  c.s.b.controllers.AccountController      ::-> com.sukrutha.bankingApp.entities.Beneficiary@13eebfa3 com.sukrutha.bankingApp.entities.Beneficiary@13eebfa3
>23-09-2024 09:17:13 [http-nio-8081-exec-8] INFO  c.s.bankingApp.services.AccountService   ::-> AccountService::addBeneficiaryToAccount AccountService::addBeneficiaryToAccount
>23-09-2024 09:17:13 [http-nio-8081-exec-8] INFO  c.s.bankingApp.services.AccountService   ::-> AccountService::getAccountByAccountNumber AccountService::getAccountByAccountNumber
>23-09-2024 09:17:13 [http-nio-8081-exec-8] INFO  c.s.b.services.BeneficiaryService        ::-> BeneficiaryService::getBeneficiaryByBeneficiaryAccountNumber BeneficiaryService::getBeneficiaryByBeneficiaryAccountNumber
>23-09-2024 09:17:13 [http-nio-8081-exec-8] INFO  c.s.bankingApp.services.AccountService   ::-> AccountService:updateAccount AccountService:updateAccount
>23-09-2024 09:17:13 [http-nio-8081-exec-8] INFO  c.s.b.services.BeneficiaryService        ::-> BeneficiaryService updateBeneficiary BeneficiaryService updateBeneficiary
>23-09-2024 09:17:13 [http-nio-8081-exec-10] INFO  c.s.b.controllers.CustomerController     ::-> CustomerController::getCustomerDetailsByCustomerId CustomerController::getCustomerDetailsByCustomerId
>23-09-2024 09:17:13 [http-nio-8081-exec-1] INFO  c.s.b.controllers.BankController         ::-> AccountController::getAccountByAccountNumber AccountController::getAccountByAccountNumber
>23-09-2024 09:17:13 [http-nio-8081-exec-2] INFO  c.s.b.controllers.AccountController      ::-> AccountController::getAccountByAccountNumber AccountController::getAccountByAccountNumber
>23-09-2024 09:17:13 [http-nio-8081-exec-1] INFO  c.s.bankingApp.services.BankService      ::-> BankService::getBankDetails BankService::getBankDetails
>23-09-2024 09:17:13 [http-nio-8081-exec-2] INFO  c.s.bankingApp.services.AccountService   ::-> AccountService::getAccountByAccountNumber AccountService::getAccountByAccountNumber
>23-09-2024 09:17:20 [http-nio-8081-exec-5] INFO  c.s.b.controllers.AccountController      ::-> AccountController::deleteBeneficiaryFromAccount:: AccountController::deleteBeneficiaryFromAccount::
>23-09-2024 09:17:20 [http-nio-8081-exec-5] INFO  c.s.b.controllers.AccountController      ::-> c23171fe-bc2f-4c12-8d98-244f65897d17 c23171fe-bc2f-4c12-8d98-244f65897d17
>23-09-2024 09:17:20 [http-nio-8081-exec-5] INFO  c.s.bankingApp.services.AccountService   ::-> AccountService::addBeneficiaryToAccount AccountService::addBeneficiaryToAccount
>23-09-2024 09:17:20 [http-nio-8081-exec-5] INFO  c.s.bankingApp.services.AccountService   ::-> AccountService::getAccountByAccountNumber AccountService::getAccountByAccountNumber
>23-09-2024 09:17:20 [http-nio-8081-exec-5] INFO  c.s.b.services.BeneficiaryService        ::-> BeneficiaryService::getBeneficiaryById c23171fe-bc2f-4c12-8d98-244f65897d17 BeneficiaryService::getBeneficiaryById c23171fe-bc2f-4c12-8d98-244f65897d17
>23-09-2024 09:17:20 [http-nio-8081-exec-5] INFO  c.s.bankingApp.services.AccountService   ::-> AcountService::isBeneficiaryExistsInAccount AcountService::isBeneficiaryExistsInAccount
>23-09-2024 09:17:20 [http-nio-8081-exec-5] INFO  c.s.bankingApp.services.AccountService   ::-> beneficiary exists in account beneficiary exists in account
>23-09-2024 09:17:20 [http-nio-8081-exec-5] INFO  c.s.bankingApp.services.AccountService   ::-> beneficiary deleted successfully from account beneficiary deleted successfully from account
>23-09-2024 09:17:20 [http-nio-8081-exec-6] INFO  c.s.b.controllers.AccountController      ::-> AccountController::getAccountByAccountNumber AccountController::getAccountByAccountNumber
>23-09-2024 09:17:20 [http-nio-8081-exec-6] INFO  c.s.bankingApp.services.AccountService   ::-> AccountService::getAccountByAccountNumber AccountService::getAccountByAccountNumber
>23-09-2024 09:19:39 [http-nio-8081-exec-8] INFO  c.s.b.controllers.AccountController      ::-> AccountController::addBeneficiaryToAccount:: AccountController::addBeneficiaryToAccount::
>23-09-2024 09:19:39 [http-nio-8081-exec-8] INFO  c.s.b.controllers.AccountController      ::-> com.sukrutha.bankingApp.entities.Beneficiary@6d76fa8e com.sukrutha.bankingApp.entities.Beneficiary@6d76fa8e
>23-09-2024 09:19:39 [http-nio-8081-exec-8] INFO  c.s.bankingApp.services.AccountService   ::-> AccountService::addBeneficiaryToAccount AccountService::addBeneficiaryToAccount
>23-09-2024 09:19:39 [http-nio-8081-exec-8] INFO  c.s.bankingApp.services.AccountService   ::-> AccountService::getAccountByAccountNumber AccountService::getAccountByAccountNumber
>23-09-2024 09:19:39 [http-nio-8081-exec-8] INFO  c.s.b.services.BeneficiaryService        ::-> BeneficiaryService::getBeneficiaryByBeneficiaryAccountNumber BeneficiaryService::getBeneficiaryByBeneficiaryAccountNumber
>23-09-2024 09:19:39 [http-nio-8081-exec-8] INFO  c.s.bankingApp.services.AccountService   ::-> AccountService:updateAccount AccountService:updateAccount
>23-09-2024 09:19:39 [http-nio-8081-exec-8] INFO  c.s.b.services.BeneficiaryService        ::-> BeneficiaryService updateBeneficiary BeneficiaryService updateBeneficiary
>23-09-2024 09:19:39 [http-nio-8081-exec-1] INFO  c.s.b.controllers.BankController         ::-> AccountController::getAccountByAccountNumber AccountController::getAccountByAccountNumber
>23-09-2024 09:19:39 [http-nio-8081-exec-1] INFO  c.s.bankingApp.services.BankService      ::-> BankService::getBankDetails BankService::getBankDetails
>23-09-2024 09:19:39 [http-nio-8081-exec-2] INFO  c.s.b.controllers.CustomerController     ::-> CustomerController::getCustomerDetailsByCustomerId CustomerController::getCustomerDetailsByCustomerId
>23-09-2024 09:19:39 [http-nio-8081-exec-10] INFO  c.s.b.controllers.AccountController      ::-> AccountController::getAccountByAccountNumber AccountController::getAccountByAccountNumber
>23-09-2024 09:19:39 [http-nio-8081-exec-10] INFO  c.s.bankingApp.services.AccountService   ::-> AccountService::getAccountByAccountNumber AccountService::getAccountByAccountNumber
>23-09-2024 09:19:44 [http-nio-8081-exec-3] INFO  c.s.b.controllers.AccountController      ::-> AccountController::deleteBeneficiaryFromAccount:: AccountController::deleteBeneficiaryFromAccount::
>23-09-2024 09:19:44 [http-nio-8081-exec-3] INFO  c.s.b.controllers.AccountController      ::-> c23171fe-bc2f-4c12-8d98-244f65897d17 c23171fe-bc2f-4c12-8d98-244f65897d17
>23-09-2024 09:19:44 [http-nio-8081-exec-3] INFO  c.s.bankingApp.services.AccountService   ::-> AccountService::addBeneficiaryToAccount AccountService::addBeneficiaryToAccount
>23-09-2024 09:19:44 [http-nio-8081-exec-3] INFO  c.s.bankingApp.services.AccountService   ::-> AccountService::getAccountByAccountNumber AccountService::getAccountByAccountNumber
>23-09-2024 09:19:44 [http-nio-8081-exec-3] INFO  c.s.b.services.BeneficiaryService        ::-> BeneficiaryService::getBeneficiaryById c23171fe-bc2f-4c12-8d98-244f65897d17 BeneficiaryService::getBeneficiaryById c23171fe-bc2f-4c12-8d98-244f65897d17
>23-09-2024 09:19:44 [http-nio-8081-exec-3] INFO  c.s.bankingApp.services.AccountService   ::-> AcountService::isBeneficiaryExistsInAccount AcountService::isBeneficiaryExistsInAccount
>23-09-2024 09:19:44 [http-nio-8081-exec-3] INFO  c.s.bankingApp.services.AccountService   ::-> beneficiary exists in account beneficiary exists in account
>23-09-2024 09:19:44 [http-nio-8081-exec-3] INFO  c.s.bankingApp.services.AccountService   ::-> beneficiary deleted successfully from account beneficiary deleted successfully from account
>23-09-2024 09:20:02 [http-nio-8081-exec-5] INFO  c.s.b.controllers.AccountController      ::-> AccountController::getAccountByAccountNumber AccountController::getAccountByAccountNumber
>23-09-2024 09:20:02 [http-nio-8081-exec-5] INFO  c.s.bankingApp.services.AccountService   ::-> AccountService::getAccountByAccountNumber AccountService::getAccountByAccountNumber
>23-09-2024 09:23:13 [http-nio-8081-exec-9] INFO  c.s.b.controllers.AccountController      ::-> AccountController::addBeneficiaryToAccount:: AccountController::addBeneficiaryToAccount::
>23-09-2024 09:23:13 [http-nio-8081-exec-9] INFO  c.s.b.controllers.AccountController      ::-> com.sukrutha.bankingApp.entities.Beneficiary@423ac122 com.sukrutha.bankingApp.entities.Beneficiary@423ac122
>23-09-2024 09:23:13 [http-nio-8081-exec-9] INFO  c.s.bankingApp.services.AccountService   ::-> AccountService::addBeneficiaryToAccount AccountService::addBeneficiaryToAccount
>23-09-2024 09:23:13 [http-nio-8081-exec-9] INFO  c.s.bankingApp.services.AccountService   ::-> AccountService::getAccountByAccountNumber AccountService::getAccountByAccountNumber
>23-09-2024 09:23:13 [http-nio-8081-exec-9] INFO  c.s.b.services.BeneficiaryService        ::-> BeneficiaryService::getBeneficiaryByBeneficiaryAccountNumber BeneficiaryService::getBeneficiaryByBeneficiaryAccountNumber
>23-09-2024 09:23:13 [http-nio-8081-exec-9] INFO  c.s.bankingApp.services.AccountService   ::-> AccountService:updateAccount AccountService:updateAccount
>23-09-2024 09:23:13 [http-nio-8081-exec-9] INFO  c.s.b.services.BeneficiaryService        ::-> BeneficiaryService updateBeneficiary BeneficiaryService updateBeneficiary
>23-09-2024 09:23:13 [http-nio-8081-exec-8] INFO  c.s.b.controllers.BankController         ::-> AccountController::getAccountByAccountNumber AccountController::getAccountByAccountNumber
>23-09-2024 09:23:13 [http-nio-8081-exec-1] INFO  c.s.b.controllers.AccountController      ::-> AccountController::getAccountByAccountNumber AccountController::getAccountByAccountNumber
>23-09-2024 09:23:13 [http-nio-8081-exec-10] INFO  c.s.b.controllers.CustomerController     ::-> CustomerController::getCustomerDetailsByCustomerId CustomerController::getCustomerDetailsByCustomerId
>23-09-2024 09:23:13 [http-nio-8081-exec-8] INFO  c.s.bankingApp.services.BankService      ::-> BankService::getBankDetails BankService::getBankDetails
>23-09-2024 09:23:13 [http-nio-8081-exec-1] INFO  c.s.bankingApp.services.AccountService   ::-> AccountService::getAccountByAccountNumber AccountService::getAccountByAccountNumber
>23-09-2024 09:25:49 [http-nio-8081-exec-4] INFO  c.s.b.controllers.BankController         ::-> AccountController::getAccountByAccountNumber AccountController::getAccountByAccountNumber
>23-09-2024 09:25:49 [http-nio-8081-exec-4] INFO  c.s.bankingApp.services.BankService      ::-> BankService::getBankDetails BankService::getBankDetails
>23-09-2024 09:25:49 [http-nio-8081-exec-7] INFO  c.s.b.controllers.AccountController      ::-> AccountController::getAccountByAccountNumber AccountController::getAccountByAccountNumber
>23-09-2024 09:25:49 [http-nio-8081-exec-7] INFO  c.s.bankingApp.services.AccountService   ::-> AccountService::getAccountByAccountNumber AccountService::getAccountByAccountNumber
>23-09-2024 09:25:49 [http-nio-8081-exec-6] INFO  c.s.b.controllers.CustomerController     ::-> CustomerController::getCustomerDetailsByCustomerId CustomerController::getCustomerDetailsByCustomerId
>23-09-2024 09:26:10 [http-nio-8081-exec-9] WARN  o.s.w.s.m.s.DefaultHandlerExceptionResolver ::-> Resolved [org.springframework.web.bind.MissingServletRequestParameterException: Required request parameter 'customerEmail' for method parameter type String is not present] Resolved [org.springframework.web.bind.MissingServletRequestParameterException: Required request parameter 'customerEmail' for method parameter type String is not present]
>23-09-2024 09:29:38 [http-nio-8081-exec-3] INFO  c.s.b.controllers.AccountController      ::-> AccountController::deleteBeneficiaryFromAccount:: AccountController::deleteBeneficiaryFromAccount::
>23-09-2024 09:29:38 [http-nio-8081-exec-3] INFO  c.s.b.controllers.AccountController      ::-> 468d951a-ea7f-4e9b-a503-0a9a0328295a 468d951a-ea7f-4e9b-a503-0a9a0328295a
>23-09-2024 09:29:38 [http-nio-8081-exec-3] INFO  c.s.bankingApp.services.AccountService   ::-> AccountService::addBeneficiaryToAccount AccountService::addBeneficiaryToAccount
>23-09-2024 09:29:38 [http-nio-8081-exec-3] INFO  c.s.bankingApp.services.AccountService   ::-> AccountService::getAccountByAccountNumber AccountService::getAccountByAccountNumber
>23-09-2024 09:29:38 [http-nio-8081-exec-3] INFO  c.s.b.services.BeneficiaryService        ::-> BeneficiaryService::getBeneficiaryById 468d951a-ea7f-4e9b-a503-0a9a0328295a BeneficiaryService::getBeneficiaryById 468d951a-ea7f-4e9b-a503-0a9a0328295a
>23-09-2024 09:29:38 [http-nio-8081-exec-3] INFO  c.s.bankingApp.services.AccountService   ::-> AcountService::isBeneficiaryExistsInAccount AcountService::isBeneficiaryExistsInAccount
>23-09-2024 09:29:38 [http-nio-8081-exec-3] INFO  c.s.bankingApp.services.AccountService   ::-> beneficiary exists in account beneficiary exists in account
>23-09-2024 09:29:38 [http-nio-8081-exec-3] INFO  c.s.bankingApp.services.AccountService   ::-> beneficiary deleted successfully from account beneficiary deleted successfully from account
>23-09-2024 09:29:39 [http-nio-8081-exec-5] INFO  c.s.b.controllers.AccountController      ::-> AccountController::getAccountByAccountNumber AccountController::getAccountByAccountNumber
>23-09-2024 09:29:39 [http-nio-8081-exec-5] INFO  c.s.bankingApp.services.AccountService   ::-> AccountService::getAccountByAccountNumber AccountService::getAccountByAccountNumber
>23-09-2024 09:29:47 [http-nio-8081-exec-4] INFO  c.s.b.controllers.AccountController      ::-> AccountController::addBeneficiaryToAccount:: AccountController::addBeneficiaryToAccount::
>23-09-2024 09:29:47 [http-nio-8081-exec-4] INFO  c.s.b.controllers.AccountController      ::-> com.sukrutha.bankingApp.entities.Beneficiary@3f0d0e77 com.sukrutha.bankingApp.entities.Beneficiary@3f0d0e77
>23-09-2024 09:29:47 [http-nio-8081-exec-4] INFO  c.s.bankingApp.services.AccountService   ::-> AccountService::addBeneficiaryToAccount AccountService::addBeneficiaryToAccount
>23-09-2024 09:29:47 [http-nio-8081-exec-4] INFO  c.s.bankingApp.services.AccountService   ::-> AccountService::getAccountByAccountNumber AccountService::getAccountByAccountNumber
>23-09-2024 09:29:47 [http-nio-8081-exec-4] INFO  c.s.b.services.BeneficiaryService        ::-> BeneficiaryService::getBeneficiaryByBeneficiaryAccountNumber BeneficiaryService::getBeneficiaryByBeneficiaryAccountNumber
>23-09-2024 09:29:47 [http-nio-8081-exec-4] INFO  c.s.bankingApp.services.AccountService   ::-> AccountService:updateAccount AccountService:updateAccount
>23-09-2024 09:29:47 [http-nio-8081-exec-4] INFO  c.s.b.services.BeneficiaryService        ::-> BeneficiaryService updateBeneficiary BeneficiaryService updateBeneficiary
>23-09-2024 09:29:47 [http-nio-8081-exec-7] INFO  c.s.b.controllers.BankController         ::-> AccountController::getAccountByAccountNumber AccountController::getAccountByAccountNumber
>23-09-2024 09:29:47 [http-nio-8081-exec-7] INFO  c.s.bankingApp.services.BankService      ::-> BankService::getBankDetails BankService::getBankDetails
>23-09-2024 09:29:47 [http-nio-8081-exec-6] INFO  c.s.b.controllers.CustomerController     ::-> CustomerController::getCustomerDetailsByCustomerId CustomerController::getCustomerDetailsByCustomerId
>23-09-2024 09:29:47 [http-nio-8081-exec-9] INFO  c.s.b.controllers.AccountController      ::-> AccountController::getAccountByAccountNumber AccountController::getAccountByAccountNumber
>23-09-2024 09:29:47 [http-nio-8081-exec-9] INFO  c.s.bankingApp.services.AccountService   ::-> AccountService::getAccountByAccountNumber AccountService::getAccountByAccountNumber
>23-09-2024 09:29:56 [http-nio-8081-exec-8] INFO  c.s.b.controllers.AccountController      ::-> AccountController::addBeneficiaryToAccount:: AccountController::addBeneficiaryToAccount::
>23-09-2024 09:29:56 [http-nio-8081-exec-8] INFO  c.s.b.controllers.AccountController      ::-> com.sukrutha.bankingApp.entities.Beneficiary@5d7cd34 com.sukrutha.bankingApp.entities.Beneficiary@5d7cd34
>23-09-2024 09:29:56 [http-nio-8081-exec-8] INFO  c.s.bankingApp.services.AccountService   ::-> AccountService::addBeneficiaryToAccount AccountService::addBeneficiaryToAccount
>23-09-2024 09:29:56 [http-nio-8081-exec-8] INFO  c.s.bankingApp.services.AccountService   ::-> AccountService::getAccountByAccountNumber AccountService::getAccountByAccountNumber
>23-09-2024 09:29:56 [http-nio-8081-exec-8] INFO  c.s.b.services.BeneficiaryService        ::-> BeneficiaryService::getBeneficiaryByBeneficiaryAccountNumber BeneficiaryService::getBeneficiaryByBeneficiaryAccountNumber
>23-09-2024 09:29:56 [http-nio-8081-exec-8] INFO  c.s.bankingApp.services.AccountService   ::-> AccountService:updateAccount AccountService:updateAccount
>23-09-2024 09:29:56 [http-nio-8081-exec-8] INFO  c.s.b.services.BeneficiaryService        ::-> BeneficiaryService updateBeneficiary BeneficiaryService updateBeneficiary
>23-09-2024 09:29:56 [http-nio-8081-exec-10] INFO  c.s.b.controllers.BankController         ::-> AccountController::getAccountByAccountNumber AccountController::getAccountByAccountNumber
>23-09-2024 09:29:56 [http-nio-8081-exec-10] INFO  c.s.bankingApp.services.BankService      ::-> BankService::getBankDetails BankService::getBankDetails
>23-09-2024 09:29:56 [http-nio-8081-exec-2] INFO  c.s.b.controllers.CustomerController     ::-> CustomerController::getCustomerDetailsByCustomerId CustomerController::getCustomerDetailsByCustomerId
>23-09-2024 09:29:56 [http-nio-8081-exec-1] INFO  c.s.b.controllers.AccountController      ::-> AccountController::getAccountByAccountNumber AccountController::getAccountByAccountNumber
>23-09-2024 09:29:56 [http-nio-8081-exec-1] INFO  c.s.bankingApp.services.AccountService   ::-> AccountService::getAccountByAccountNumber AccountService::getAccountByAccountNumber
>23-09-2024 10:46:38 [HikariPool-2 housekeeper] WARN  com.zaxxer.hikari.pool.HikariPool        ::-> HikariPool-2 - Thread starvation or clock leap detected (housekeeper delta=55m54s826ms783µs). HikariPool-2 - Thread starvation or clock leap detected (housekeeper delta=55m54s826ms783µs).
>23-09-2024 10:54:08 [http-nio-8081-exec-7] INFO  c.s.b.controllers.TransactionController  ::-> TransactionController::sendMoney TransactionController::sendMoney
>23-09-2024 10:54:08 [http-nio-8081-exec-7] INFO  c.s.b.services.TransactionService        ::-> TransactionService:sendMoney TransactionService:sendMoney
>23-09-2024 10:54:08 [http-nio-8081-exec-7] INFO  c.s.bankingApp.services.AccountService   ::-> AccountService::getAccountByAccountNumber AccountService::getAccountByAccountNumber
>23-09-2024 10:54:08 [http-nio-8081-exec-7] INFO  c.s.b.services.TransactionService        ::-> customer accout is active customer accout is active
>23-09-2024 10:54:08 [http-nio-8081-exec-7] INFO  c.s.b.services.BeneficiaryService        ::-> BeneficiaryService::getBeneficiaryByBeneficiaryAccountNumber BeneficiaryService::getBeneficiaryByBeneficiaryAccountNumber
>23-09-2024 10:54:08 [http-nio-8081-exec-7] WARN  o.h.engine.jdbc.spi.SqlExceptionHelper   ::-> SQL Error: 3819, SQLState: HY000 SQL Error: 3819, SQLState: HY000
>23-09-2024 10:54:08 [http-nio-8081-exec-7] ERROR o.h.engine.jdbc.spi.SqlExceptionHelper   ::-> Check constraint 'transactions_chk_1' is violated. Check constraint 'transactions_chk_1' is violated.
>23-09-2024 10:55:59 [RMI TCP Connection(72)-127.0.0.1] INFO  o.s.b.a.SpringApplicationAdminMXBeanRegistrar$SpringApplicationAdmin ::-> Application shutdown requested. Application shutdown requested.
>23-09-2024 10:55:59 [RMI TCP Connection(72)-127.0.0.1] INFO  o.s.o.j.LocalContainerEntityManagerFactoryBean ::-> Closing JPA EntityManagerFactory for persistence unit 'default' Closing JPA EntityManagerFactory for persistence unit 'default'
>23-09-2024 10:55:59 [RMI TCP Connection(72)-127.0.0.1] INFO  com.zaxxer.hikari.HikariDataSource       ::-> HikariPool-2 - Shutdown initiated... HikariPool-2 - Shutdown initiated...
>23-09-2024 10:55:59 [RMI TCP Connection(72)-127.0.0.1] INFO  com.zaxxer.hikari.HikariDataSource       ::-> HikariPool-2 - Shutdown completed. HikariPool-2 - Shutdown completed.
