>27-09-2024 10:44:12 [restartedMain] INFO  c.s.bankingApp.BankingAppApplication     ::-> Starting BankingAppApplication using Java 21.0.3 with PID 11544 (C:\banking_app\BankingApp\target\classes started by sukru in C:\banking_app\BankingApp) Starting BankingAppApplication using Java 21.0.3 with PID 11544 (C:\banking_app\BankingApp\target\classes started by sukru in C:\banking_app\BankingApp)
>27-09-2024 10:44:12 [restartedMain] INFO  c.s.bankingApp.BankingAppApplication     ::-> No active profile set, falling back to 1 default profile: "default" No active profile set, falling back to 1 default profile: "default"
>27-09-2024 10:44:12 [restartedMain] INFO  o.s.b.d.e.DevToolsPropertyDefaultsPostProcessor ::-> Devtools property defaults active! Set 'spring.devtools.add-properties' to 'false' to disable Devtools property defaults active! Set 'spring.devtools.add-properties' to 'false' to disable
>27-09-2024 10:44:12 [restartedMain] INFO  o.s.b.d.e.DevToolsPropertyDefaultsPostProcessor ::-> For additional web related logging consider setting the 'logging.level.web' property to 'DEBUG' For additional web related logging consider setting the 'logging.level.web' property to 'DEBUG'
>27-09-2024 10:44:13 [restartedMain] INFO  o.s.d.r.c.RepositoryConfigurationDelegate ::-> Bootstrapping Spring Data JPA repositories in DEFAULT mode. Bootstrapping Spring Data JPA repositories in DEFAULT mode.
>27-09-2024 10:44:13 [restartedMain] INFO  o.s.d.r.c.RepositoryConfigurationDelegate ::-> Finished Spring Data repository scanning in 54 ms. Found 7 JPA repository interfaces. Finished Spring Data repository scanning in 54 ms. Found 7 JPA repository interfaces.
>27-09-2024 10:44:13 [restartedMain] INFO  o.s.b.w.embedded.tomcat.TomcatWebServer  ::-> Tomcat initialized with port 8081 (http) Tomcat initialized with port 8081 (http)
>27-09-2024 10:44:13 [restartedMain] INFO  o.apache.catalina.core.StandardService   ::-> Starting service [Tomcat] Starting service [Tomcat]
>27-09-2024 10:44:13 [restartedMain] INFO  org.apache.catalina.core.StandardEngine  ::-> Starting Servlet engine: [Apache Tomcat/10.1.28] Starting Servlet engine: [Apache Tomcat/10.1.28]
>27-09-2024 10:44:13 [restartedMain] INFO  o.a.c.c.C.[.[localhost].[/bankingapp]    ::-> Initializing Spring embedded WebApplicationContext Initializing Spring embedded WebApplicationContext
>27-09-2024 10:44:13 [restartedMain] INFO  o.s.b.w.s.c.ServletWebServerApplicationContext ::-> Root WebApplicationContext: initialization completed in 1373 ms Root WebApplicationContext: initialization completed in 1373 ms
>27-09-2024 10:44:14 [restartedMain] INFO  o.hibernate.jpa.internal.util.LogHelper  ::-> HHH000204: Processing PersistenceUnitInfo [name: default] HHH000204: Processing PersistenceUnitInfo [name: default]
>27-09-2024 10:44:14 [restartedMain] INFO  org.hibernate.Version                    ::-> HHH000412: Hibernate ORM core version 6.5.2.Final HHH000412: Hibernate ORM core version 6.5.2.Final
>27-09-2024 10:44:14 [restartedMain] INFO  o.h.c.internal.RegionFactoryInitiator    ::-> HHH000026: Second-level cache disabled HHH000026: Second-level cache disabled
>27-09-2024 10:44:14 [restartedMain] INFO  o.s.o.j.p.SpringPersistenceUnitInfo      ::-> No LoadTimeWeaver setup: ignoring JPA class transformer No LoadTimeWeaver setup: ignoring JPA class transformer
>27-09-2024 10:44:14 [restartedMain] INFO  com.zaxxer.hikari.HikariDataSource       ::-> HikariPool-1 - Starting... HikariPool-1 - Starting...
>27-09-2024 10:44:14 [restartedMain] INFO  com.zaxxer.hikari.pool.HikariPool        ::-> HikariPool-1 - Added connection com.mysql.cj.jdbc.ConnectionImpl@75bd9778 HikariPool-1 - Added connection com.mysql.cj.jdbc.ConnectionImpl@75bd9778
>27-09-2024 10:44:14 [restartedMain] INFO  com.zaxxer.hikari.HikariDataSource       ::-> HikariPool-1 - Start completed. HikariPool-1 - Start completed.
>27-09-2024 10:44:14 [restartedMain] WARN  org.hibernate.orm.deprecation            ::-> HHH90000025: MySQLDialect does not need to be specified explicitly using 'hibernate.dialect' (remove the property setting and it will be selected by default) HHH90000025: MySQLDialect does not need to be specified explicitly using 'hibernate.dialect' (remove the property setting and it will be selected by default)
>27-09-2024 10:44:15 [restartedMain] INFO  o.h.e.t.j.p.i.JtaPlatformInitiator       ::-> HHH000489: No JTA platform available (set 'hibernate.transaction.jta.platform' to enable JTA platform integration) HHH000489: No JTA platform available (set 'hibernate.transaction.jta.platform' to enable JTA platform integration)
>27-09-2024 10:44:15 [restartedMain] INFO  o.s.o.j.LocalContainerEntityManagerFactoryBean ::-> Initialized JPA EntityManagerFactory for persistence unit 'default' Initialized JPA EntityManagerFactory for persistence unit 'default'
>27-09-2024 10:44:16 [restartedMain] INFO  o.s.d.j.r.query.QueryEnhancerFactory     ::-> Hibernate is in classpath; If applicable, HQL parser will be used. Hibernate is in classpath; If applicable, HQL parser will be used.
>27-09-2024 10:44:16 [restartedMain] WARN  o.s.b.a.o.j.JpaBaseConfiguration$JpaWebConfiguration ::-> spring.jpa.open-in-view is enabled by default. Therefore, database queries may be performed during view rendering. Explicitly configure spring.jpa.open-in-view to disable this warning spring.jpa.open-in-view is enabled by default. Therefore, database queries may be performed during view rendering. Explicitly configure spring.jpa.open-in-view to disable this warning
>27-09-2024 10:44:16 [restartedMain] WARN  o.s.b.a.s.s.UserDetailsServiceAutoConfiguration ::-> 

Using generated security password: b235e848-db18-4d70-8b36-b4dc4cbde5b7

This generated password is for development use only. Your security configuration must be updated before running your application in production.
 

Using generated security password: b235e848-db18-4d70-8b36-b4dc4cbde5b7

This generated password is for development use only. Your security configuration must be updated before running your application in production.

>27-09-2024 10:44:16 [restartedMain] INFO  o.s.s.c.a.a.c.InitializeUserDetailsBeanManagerConfigurer$InitializeUserDetailsManagerConfigurer ::-> Global AuthenticationManager configured with UserDetailsService bean with name inMemoryUserDetailsManager Global AuthenticationManager configured with UserDetailsService bean with name inMemoryUserDetailsManager
>27-09-2024 10:44:17 [restartedMain] INFO  o.s.b.d.a.OptionalLiveReloadServer       ::-> LiveReload server is running on port 35729 LiveReload server is running on port 35729
>27-09-2024 10:44:17 [restartedMain] INFO  o.s.b.w.embedded.tomcat.TomcatWebServer  ::-> Tomcat started on port 8081 (http) with context path '/bankingapp' Tomcat started on port 8081 (http) with context path '/bankingapp'
>27-09-2024 10:44:17 [restartedMain] INFO  c.s.bankingApp.BankingAppApplication     ::-> Started BankingAppApplication in 5.283 seconds (process running for 6.041) Started BankingAppApplication in 5.283 seconds (process running for 6.041)
>27-09-2024 10:44:17 [restartedMain] INFO  c.s.bankingApp.bootstrap.RoleSeeder      ::-> RoleSeeder::run RoleSeeder::run
>27-09-2024 10:44:17 [restartedMain] INFO  c.s.bankingApp.BankingAppApplication     ::-> ********************************************** **********************************************
>27-09-2024 10:44:17 [restartedMain] INFO  c.s.bankingApp.BankingAppApplication     ::-> banking app started! banking app started!
>27-09-2024 10:44:17 [restartedMain] INFO  c.s.bankingApp.BankingAppApplication     ::-> ********************************************** **********************************************
>27-09-2024 10:44:27 [http-nio-8081-exec-1] INFO  o.a.c.c.C.[.[localhost].[/bankingapp]    ::-> Initializing Spring DispatcherServlet 'dispatcherServlet' Initializing Spring DispatcherServlet 'dispatcherServlet'
>27-09-2024 10:44:27 [http-nio-8081-exec-1] INFO  o.s.web.servlet.DispatcherServlet        ::-> Initializing Servlet 'dispatcherServlet' Initializing Servlet 'dispatcherServlet'
>27-09-2024 10:44:27 [http-nio-8081-exec-1] INFO  o.s.web.servlet.DispatcherServlet        ::-> Completed initialization in 2 ms Completed initialization in 2 ms
>27-09-2024 10:44:27 [http-nio-8081-exec-3] WARN  o.s.w.s.m.s.DefaultHandlerExceptionResolver ::-> Resolved [org.springframework.web.bind.MissingServletRequestParameterException: Required request parameter 'customerEmail' for method parameter type String is not present] Resolved [org.springframework.web.bind.MissingServletRequestParameterException: Required request parameter 'customerEmail' for method parameter type String is not present]
>27-09-2024 10:44:27 [http-nio-8081-exec-5] INFO  c.s.b.controllers.CustomerController     ::-> CustomerController::getCustomerDetailsByCustomerId CustomerController::getCustomerDetailsByCustomerId
>27-09-2024 10:54:45 [HikariPool-1 housekeeper] WARN  com.zaxxer.hikari.pool.HikariPool        ::-> HikariPool-1 - Thread starvation or clock leap detected (housekeeper delta=4m601ms624µs400ns). HikariPool-1 - Thread starvation or clock leap detected (housekeeper delta=4m601ms624µs400ns).
>27-09-2024 11:01:53 [http-nio-8081-exec-7] INFO  c.s.b.controllers.CustomerController     ::-> CustomerController::login CustomerController::login
>27-09-2024 11:01:53 [http-nio-8081-exec-7] INFO  c.s.bankingApp.services.CustomerService  ::-> CustomerService::login CustomerService::login
>27-09-2024 11:04:50 [http-nio-8081-exec-9] INFO  c.s.b.controllers.CustomerController     ::-> CustomerController::getCustomerDetailsByCustomerId CustomerController::getCustomerDetailsByCustomerId
>27-09-2024 11:04:50 [http-nio-8081-exec-9] ERROR c.s.bankingApp.services.CustomerService  ::-> internal error in getCustomerDetails()  method internal error in getCustomerDetails()  method
>27-09-2024 11:06:34 [http-nio-8081-exec-3] INFO  c.s.b.controllers.CustomerController     ::-> CustomerController::getCustomerDetailsByCustomerId CustomerController::getCustomerDetailsByCustomerId
>27-09-2024 11:06:34 [http-nio-8081-exec-3] ERROR c.s.bankingApp.services.CustomerService  ::-> internal error in getCustomerDetails()  method internal error in getCustomerDetails()  method
>27-09-2024 11:06:49 [http-nio-8081-exec-4] WARN  o.s.w.s.m.s.DefaultHandlerExceptionResolver ::-> Resolved [org.springframework.web.bind.MissingServletRequestParameterException: Required request parameter 'customerEmail' for method parameter type String is not present] Resolved [org.springframework.web.bind.MissingServletRequestParameterException: Required request parameter 'customerEmail' for method parameter type String is not present]
>27-09-2024 11:07:13 [http-nio-8081-exec-5] WARN  o.s.w.s.m.s.DefaultHandlerExceptionResolver ::-> Resolved [org.springframework.web.bind.MissingServletRequestParameterException: Required request parameter 'customerEmail' for method parameter type String is not present] Resolved [org.springframework.web.bind.MissingServletRequestParameterException: Required request parameter 'customerEmail' for method parameter type String is not present]
>27-09-2024 11:09:11 [http-nio-8081-exec-7] WARN  o.s.w.s.m.s.DefaultHandlerExceptionResolver ::-> Resolved [org.springframework.web.bind.MissingServletRequestParameterException: Required request parameter 'customerEmail' for method parameter type String is not present] Resolved [org.springframework.web.bind.MissingServletRequestParameterException: Required request parameter 'customerEmail' for method parameter type String is not present]
>27-09-2024 11:09:33 [http-nio-8081-exec-9] WARN  o.s.w.s.m.s.DefaultHandlerExceptionResolver ::-> Resolved [org.springframework.web.bind.MissingServletRequestParameterException: Required request parameter 'customerEmail' for method parameter type String is not present] Resolved [org.springframework.web.bind.MissingServletRequestParameterException: Required request parameter 'customerEmail' for method parameter type String is not present]
>27-09-2024 11:09:33 [http-nio-8081-exec-3] WARN  o.s.w.s.m.s.DefaultHandlerExceptionResolver ::-> Resolved [org.springframework.web.bind.MissingServletRequestParameterException: Required request parameter 'customerEmail' for method parameter type String is not present] Resolved [org.springframework.web.bind.MissingServletRequestParameterException: Required request parameter 'customerEmail' for method parameter type String is not present]
>27-09-2024 11:09:54 [http-nio-8081-exec-2] WARN  o.s.w.s.m.s.DefaultHandlerExceptionResolver ::-> Resolved [org.springframework.web.bind.MissingServletRequestParameterException: Required request parameter 'customerEmail' for method parameter type String is not present] Resolved [org.springframework.web.bind.MissingServletRequestParameterException: Required request parameter 'customerEmail' for method parameter type String is not present]
>27-09-2024 11:15:49 [http-nio-8081-exec-7] WARN  o.s.w.s.m.s.DefaultHandlerExceptionResolver ::-> Resolved [org.springframework.web.bind.MissingServletRequestParameterException: Required request parameter 'customerEmail' for method parameter type String is not present] Resolved [org.springframework.web.bind.MissingServletRequestParameterException: Required request parameter 'customerEmail' for method parameter type String is not present]
>27-09-2024 11:15:59 [http-nio-8081-exec-1] WARN  o.s.w.s.m.s.DefaultHandlerExceptionResolver ::-> Resolved [org.springframework.web.bind.MissingServletRequestParameterException: Required request parameter 'customerEmail' for method parameter type String is not present] Resolved [org.springframework.web.bind.MissingServletRequestParameterException: Required request parameter 'customerEmail' for method parameter type String is not present]
>27-09-2024 11:17:46 [http-nio-8081-exec-2] INFO  c.s.b.controllers.CustomerController     ::-> CustomerController::login CustomerController::login
>27-09-2024 11:17:46 [http-nio-8081-exec-2] INFO  c.s.bankingApp.services.CustomerService  ::-> CustomerService::login CustomerService::login
>27-09-2024 11:17:46 [http-nio-8081-exec-2] INFO  c.s.bankingApp.services.CustomerService  ::-> customer null customer null
>27-09-2024 11:18:01 [http-nio-8081-exec-5] INFO  c.s.b.controllers.CustomerController     ::-> CustomerController::login CustomerController::login
>27-09-2024 11:18:01 [http-nio-8081-exec-5] INFO  c.s.bankingApp.services.CustomerService  ::-> CustomerService::login CustomerService::login
>27-09-2024 11:18:01 [http-nio-8081-exec-5] INFO  c.s.bankingApp.services.CustomerService  ::-> customer null customer null
>27-09-2024 11:18:37 [http-nio-8081-exec-6] INFO  c.s.b.controllers.CustomerController     ::-> CustomerController::login CustomerController::login
>27-09-2024 11:18:37 [http-nio-8081-exec-6] INFO  c.s.bankingApp.services.CustomerService  ::-> CustomerService::login CustomerService::login
>27-09-2024 11:18:37 [http-nio-8081-exec-6] INFO  c.s.bankingApp.services.CustomerService  ::-> customer com.sukrutha.bankingApp.entities.Customer@5dad0bf4 customer com.sukrutha.bankingApp.entities.Customer@5dad0bf4
>27-09-2024 11:18:51 [http-nio-8081-exec-8] INFO  c.s.b.controllers.CustomerController     ::-> CustomerController::login CustomerController::login
>27-09-2024 11:18:51 [http-nio-8081-exec-8] INFO  c.s.bankingApp.services.CustomerService  ::-> CustomerService::login CustomerService::login
>27-09-2024 11:18:51 [http-nio-8081-exec-8] INFO  c.s.bankingApp.services.CustomerService  ::-> customer com.sukrutha.bankingApp.entities.Customer@104d4b9e customer com.sukrutha.bankingApp.entities.Customer@104d4b9e
>27-09-2024 11:22:24 [http-nio-8081-exec-10] INFO  c.s.b.controllers.CustomerController     ::-> CustomerController::getCustomerDetailsByCustomerId CustomerController::getCustomerDetailsByCustomerId
>27-09-2024 11:22:24 [http-nio-8081-exec-10] ERROR c.s.bankingApp.services.CustomerService  ::-> internal error in getCustomerDetails()  method internal error in getCustomerDetails()  method
>27-09-2024 11:22:29 [http-nio-8081-exec-9] INFO  c.s.b.controllers.CustomerController     ::-> CustomerController::getCustomerDetailsByCustomerId CustomerController::getCustomerDetailsByCustomerId
>27-09-2024 11:22:29 [http-nio-8081-exec-9] ERROR c.s.bankingApp.services.CustomerService  ::-> internal error in getCustomerDetails()  method internal error in getCustomerDetails()  method
>27-09-2024 11:22:50 [http-nio-8081-exec-1] INFO  c.s.b.controllers.CustomerController     ::-> CustomerController::login CustomerController::login
>27-09-2024 11:22:50 [http-nio-8081-exec-1] INFO  c.s.bankingApp.services.CustomerService  ::-> CustomerService::login CustomerService::login
>27-09-2024 11:22:50 [http-nio-8081-exec-1] INFO  c.s.bankingApp.services.CustomerService  ::-> customer com.sukrutha.bankingApp.entities.Customer@2eb212ea customer com.sukrutha.bankingApp.entities.Customer@2eb212ea
>27-09-2024 11:22:50 [http-nio-8081-exec-3] INFO  c.s.b.controllers.CustomerController     ::-> CustomerController::getCustomerDetailsByCustomerId CustomerController::getCustomerDetailsByCustomerId
>27-09-2024 11:22:50 [http-nio-8081-exec-3] ERROR c.s.bankingApp.services.CustomerService  ::-> internal error in getCustomerDetails()  method internal error in getCustomerDetails()  method
>27-09-2024 11:25:29 [http-nio-8081-exec-2] INFO  c.s.b.controllers.BankController         ::-> AccountController::getAccountByAccountNumber AccountController::getAccountByAccountNumber
>27-09-2024 11:25:29 [http-nio-8081-exec-2] INFO  c.s.bankingApp.services.BankService      ::-> BankService::getBankDetails BankService::getBankDetails
>27-09-2024 11:25:58 [http-nio-8081-exec-5] INFO  c.s.b.controllers.CustomerController     ::-> CustomerController::login CustomerController::login
>27-09-2024 11:25:58 [http-nio-8081-exec-5] INFO  c.s.bankingApp.services.CustomerService  ::-> CustomerService::login CustomerService::login
>27-09-2024 11:25:58 [http-nio-8081-exec-6] INFO  c.s.b.controllers.CustomerController     ::-> CustomerController::getCustomerDetailsByCustomerId CustomerController::getCustomerDetailsByCustomerId
>27-09-2024 11:36:24 [http-nio-8081-exec-7] INFO  c.s.b.controllers.CustomerController     ::-> CustomerController::getCustomerDetailsByCustomerId CustomerController::getCustomerDetailsByCustomerId
>27-09-2024 11:36:27 [http-nio-8081-exec-10] INFO  c.s.b.controllers.CustomerController     ::-> CustomerController::getCustomerDetailsByCustomerId CustomerController::getCustomerDetailsByCustomerId
>27-09-2024 11:36:46 [http-nio-8081-exec-9] INFO  c.s.b.controllers.CustomerController     ::-> CustomerController::getCustomerDetailsByCustomerId CustomerController::getCustomerDetailsByCustomerId
>27-09-2024 11:37:56 [http-nio-8081-exec-3] INFO  c.s.b.controllers.CustomerController     ::-> CustomerController::getCustomerDetailsByCustomerId CustomerController::getCustomerDetailsByCustomerId
>27-09-2024 11:38:29 [http-nio-8081-exec-4] INFO  c.s.b.controllers.CustomerController     ::-> CustomerController::getCustomerDetailsByCustomerId CustomerController::getCustomerDetailsByCustomerId
>27-09-2024 11:40:45 [http-nio-8081-exec-5] INFO  c.s.b.controllers.CustomerController     ::-> CustomerController::getCustomerDetailsByCustomerId CustomerController::getCustomerDetailsByCustomerId
>27-09-2024 11:41:05 [http-nio-8081-exec-6] INFO  c.s.b.controllers.CustomerController     ::-> CustomerController::getCustomerDetailsByCustomerId CustomerController::getCustomerDetailsByCustomerId
>27-09-2024 11:45:08 [http-nio-8081-exec-7] INFO  c.s.b.controllers.CustomerController     ::-> CustomerController::getCustomerDetailsByCustomerId CustomerController::getCustomerDetailsByCustomerId
>27-09-2024 11:45:12 [http-nio-8081-exec-10] INFO  c.s.b.controllers.CustomerController     ::-> CustomerController::getCustomerDetailsByCustomerId CustomerController::getCustomerDetailsByCustomerId
>27-09-2024 11:58:30 [HikariPool-1 housekeeper] WARN  com.zaxxer.hikari.pool.HikariPool        ::-> HikariPool-1 - Thread starvation or clock leap detected (housekeeper delta=1m41s364ms447µs500ns). HikariPool-1 - Thread starvation or clock leap detected (housekeeper delta=1m41s364ms447µs500ns).
>27-09-2024 12:03:18 [http-nio-8081-exec-3] INFO  c.s.b.controllers.BankController         ::-> AccountController::getAccountByAccountNumber AccountController::getAccountByAccountNumber
>27-09-2024 12:03:18 [http-nio-8081-exec-3] INFO  c.s.bankingApp.services.BankService      ::-> BankService::getBankDetails BankService::getBankDetails
>27-09-2024 12:08:22 [RMI TCP Connection(89)-127.0.0.1] INFO  o.s.b.a.SpringApplicationAdminMXBeanRegistrar$SpringApplicationAdmin ::-> Application shutdown requested. Application shutdown requested.
>27-09-2024 12:08:22 [RMI TCP Connection(89)-127.0.0.1] INFO  o.s.o.j.LocalContainerEntityManagerFactoryBean ::-> Closing JPA EntityManagerFactory for persistence unit 'default' Closing JPA EntityManagerFactory for persistence unit 'default'
>27-09-2024 12:08:22 [RMI TCP Connection(89)-127.0.0.1] INFO  com.zaxxer.hikari.HikariDataSource       ::-> HikariPool-1 - Shutdown initiated... HikariPool-1 - Shutdown initiated...
>27-09-2024 12:08:22 [RMI TCP Connection(89)-127.0.0.1] INFO  com.zaxxer.hikari.HikariDataSource       ::-> HikariPool-1 - Shutdown completed. HikariPool-1 - Shutdown completed.
