>22-09-2024 10:31:26 [restartedMain] INFO  c.s.bankingApp.BankingAppApplication     ::-> Starting BankingAppApplication using Java 21.0.3 with PID 4120 (C:\banking_app\BankingApp\target\classes started by sukru in C:\banking_app\BankingApp) Starting BankingAppApplication using Java 21.0.3 with PID 4120 (C:\banking_app\BankingApp\target\classes started by sukru in C:\banking_app\BankingApp)
>22-09-2024 10:31:26 [restartedMain] INFO  c.s.bankingApp.BankingAppApplication     ::-> No active profile set, falling back to 1 default profile: "default" No active profile set, falling back to 1 default profile: "default"
>22-09-2024 10:31:26 [restartedMain] INFO  o.s.b.d.e.DevToolsPropertyDefaultsPostProcessor ::-> Devtools property defaults active! Set 'spring.devtools.add-properties' to 'false' to disable Devtools property defaults active! Set 'spring.devtools.add-properties' to 'false' to disable
>22-09-2024 10:31:26 [restartedMain] INFO  o.s.b.d.e.DevToolsPropertyDefaultsPostProcessor ::-> For additional web related logging consider setting the 'logging.level.web' property to 'DEBUG' For additional web related logging consider setting the 'logging.level.web' property to 'DEBUG'
>22-09-2024 10:31:27 [restartedMain] INFO  o.s.d.r.c.RepositoryConfigurationDelegate ::-> Bootstrapping Spring Data JPA repositories in DEFAULT mode. Bootstrapping Spring Data JPA repositories in DEFAULT mode.
>22-09-2024 10:31:28 [restartedMain] INFO  o.s.d.r.c.RepositoryConfigurationDelegate ::-> Finished Spring Data repository scanning in 57 ms. Found 7 JPA repository interfaces. Finished Spring Data repository scanning in 57 ms. Found 7 JPA repository interfaces.
>22-09-2024 10:31:28 [restartedMain] INFO  o.s.b.w.embedded.tomcat.TomcatWebServer  ::-> Tomcat initialized with port 8081 (http) Tomcat initialized with port 8081 (http)
>22-09-2024 10:31:28 [restartedMain] INFO  o.apache.catalina.core.StandardService   ::-> Starting service [Tomcat] Starting service [Tomcat]
>22-09-2024 10:31:28 [restartedMain] INFO  org.apache.catalina.core.StandardEngine  ::-> Starting Servlet engine: [Apache Tomcat/10.1.28] Starting Servlet engine: [Apache Tomcat/10.1.28]
>22-09-2024 10:31:28 [restartedMain] INFO  o.a.c.c.C.[.[localhost].[/bankingapp]    ::-> Initializing Spring embedded WebApplicationContext Initializing Spring embedded WebApplicationContext
>22-09-2024 10:31:28 [restartedMain] INFO  o.s.b.w.s.c.ServletWebServerApplicationContext ::-> Root WebApplicationContext: initialization completed in 1705 ms Root WebApplicationContext: initialization completed in 1705 ms
>22-09-2024 10:31:28 [restartedMain] INFO  o.hibernate.jpa.internal.util.LogHelper  ::-> HHH000204: Processing PersistenceUnitInfo [name: default] HHH000204: Processing PersistenceUnitInfo [name: default]
>22-09-2024 10:31:28 [restartedMain] INFO  org.hibernate.Version                    ::-> HHH000412: Hibernate ORM core version 6.5.2.Final HHH000412: Hibernate ORM core version 6.5.2.Final
>22-09-2024 10:31:28 [restartedMain] INFO  o.h.c.internal.RegionFactoryInitiator    ::-> HHH000026: Second-level cache disabled HHH000026: Second-level cache disabled
>22-09-2024 10:31:29 [restartedMain] INFO  o.s.o.j.p.SpringPersistenceUnitInfo      ::-> No LoadTimeWeaver setup: ignoring JPA class transformer No LoadTimeWeaver setup: ignoring JPA class transformer
>22-09-2024 10:31:29 [restartedMain] INFO  com.zaxxer.hikari.HikariDataSource       ::-> HikariPool-1 - Starting... HikariPool-1 - Starting...
>22-09-2024 10:31:29 [restartedMain] INFO  com.zaxxer.hikari.pool.HikariPool        ::-> HikariPool-1 - Added connection com.mysql.cj.jdbc.ConnectionImpl@445855e5 HikariPool-1 - Added connection com.mysql.cj.jdbc.ConnectionImpl@445855e5
>22-09-2024 10:31:29 [restartedMain] INFO  com.zaxxer.hikari.HikariDataSource       ::-> HikariPool-1 - Start completed. HikariPool-1 - Start completed.
>22-09-2024 10:31:29 [restartedMain] WARN  org.hibernate.orm.deprecation            ::-> HHH90000025: MySQLDialect does not need to be specified explicitly using 'hibernate.dialect' (remove the property setting and it will be selected by default) HHH90000025: MySQLDialect does not need to be specified explicitly using 'hibernate.dialect' (remove the property setting and it will be selected by default)
>22-09-2024 10:31:30 [restartedMain] INFO  o.h.e.t.j.p.i.JtaPlatformInitiator       ::-> HHH000489: No JTA platform available (set 'hibernate.transaction.jta.platform' to enable JTA platform integration) HHH000489: No JTA platform available (set 'hibernate.transaction.jta.platform' to enable JTA platform integration)
>22-09-2024 10:31:30 [restartedMain] INFO  o.s.o.j.LocalContainerEntityManagerFactoryBean ::-> Initialized JPA EntityManagerFactory for persistence unit 'default' Initialized JPA EntityManagerFactory for persistence unit 'default'
>22-09-2024 10:31:30 [restartedMain] INFO  o.s.d.j.r.query.QueryEnhancerFactory     ::-> Hibernate is in classpath; If applicable, HQL parser will be used. Hibernate is in classpath; If applicable, HQL parser will be used.
>22-09-2024 10:31:31 [restartedMain] WARN  o.s.b.a.o.j.JpaBaseConfiguration$JpaWebConfiguration ::-> spring.jpa.open-in-view is enabled by default. Therefore, database queries may be performed during view rendering. Explicitly configure spring.jpa.open-in-view to disable this warning spring.jpa.open-in-view is enabled by default. Therefore, database queries may be performed during view rendering. Explicitly configure spring.jpa.open-in-view to disable this warning
>22-09-2024 10:31:31 [restartedMain] WARN  o.s.b.a.s.s.UserDetailsServiceAutoConfiguration ::-> 

Using generated security password: ac508d3c-1990-4483-92e1-006df834cbf1

This generated password is for development use only. Your security configuration must be updated before running your application in production.
 

Using generated security password: ac508d3c-1990-4483-92e1-006df834cbf1

This generated password is for development use only. Your security configuration must be updated before running your application in production.

>22-09-2024 10:31:31 [restartedMain] INFO  o.s.s.c.a.a.c.InitializeUserDetailsBeanManagerConfigurer$InitializeUserDetailsManagerConfigurer ::-> Global AuthenticationManager configured with UserDetailsService bean with name inMemoryUserDetailsManager Global AuthenticationManager configured with UserDetailsService bean with name inMemoryUserDetailsManager
>22-09-2024 10:31:31 [restartedMain] INFO  o.s.b.d.a.OptionalLiveReloadServer       ::-> LiveReload server is running on port 35729 LiveReload server is running on port 35729
>22-09-2024 10:31:31 [restartedMain] INFO  o.s.b.w.embedded.tomcat.TomcatWebServer  ::-> Tomcat started on port 8081 (http) with context path '/bankingapp' Tomcat started on port 8081 (http) with context path '/bankingapp'
>22-09-2024 10:31:31 [restartedMain] INFO  c.s.bankingApp.BankingAppApplication     ::-> Started BankingAppApplication in 5.227 seconds (process running for 5.927) Started BankingAppApplication in 5.227 seconds (process running for 5.927)
>22-09-2024 10:31:31 [restartedMain] INFO  c.s.bankingApp.bootstrap.RoleSeeder      ::-> RoleSeeder::run RoleSeeder::run
>22-09-2024 10:31:31 [restartedMain] INFO  c.s.bankingApp.BankingAppApplication     ::-> ********************************************** **********************************************
>22-09-2024 10:31:31 [restartedMain] INFO  c.s.bankingApp.BankingAppApplication     ::-> banking app started! banking app started!
>22-09-2024 10:31:31 [restartedMain] INFO  c.s.bankingApp.BankingAppApplication     ::-> ********************************************** **********************************************
>22-09-2024 10:32:50 [http-nio-8081-exec-3] INFO  o.a.c.c.C.[.[localhost].[/bankingapp]    ::-> Initializing Spring DispatcherServlet 'dispatcherServlet' Initializing Spring DispatcherServlet 'dispatcherServlet'
>22-09-2024 10:32:50 [http-nio-8081-exec-3] INFO  o.s.web.servlet.DispatcherServlet        ::-> Initializing Servlet 'dispatcherServlet' Initializing Servlet 'dispatcherServlet'
>22-09-2024 10:32:50 [http-nio-8081-exec-3] INFO  o.s.web.servlet.DispatcherServlet        ::-> Completed initialization in 1 ms Completed initialization in 1 ms
>22-09-2024 10:32:50 [http-nio-8081-exec-4] INFO  c.s.b.controllers.BankController         ::-> AccountController::getAccountByAccountNumber AccountController::getAccountByAccountNumber
>22-09-2024 10:32:50 [http-nio-8081-exec-4] INFO  c.s.bankingApp.services.BankService      ::-> BankService::getBankDetails BankService::getBankDetails
>22-09-2024 10:32:50 [http-nio-8081-exec-3] INFO  c.s.b.controllers.AccountController      ::-> AccountController::getAccountByAccountNumber AccountController::getAccountByAccountNumber
>22-09-2024 10:32:50 [http-nio-8081-exec-3] INFO  c.s.bankingApp.services.AccountService   ::-> AccountService::getAccountByAccountNumber AccountService::getAccountByAccountNumber
>22-09-2024 10:32:50 [http-nio-8081-exec-1] INFO  c.s.b.controllers.CustomerController     ::-> CustomerController::getCustomerDetailsByCustomerId CustomerController::getCustomerDetailsByCustomerId
>22-09-2024 10:33:08 [http-nio-8081-exec-5] INFO  c.s.b.controllers.BankController         ::-> AccountController::getAccountByAccountNumber AccountController::getAccountByAccountNumber
>22-09-2024 10:33:08 [http-nio-8081-exec-5] INFO  c.s.bankingApp.services.BankService      ::-> BankService::getBankDetails BankService::getBankDetails
>22-09-2024 10:33:08 [http-nio-8081-exec-6] INFO  c.s.b.controllers.CustomerController     ::-> CustomerController::getCustomerDetailsByCustomerId CustomerController::getCustomerDetailsByCustomerId
>22-09-2024 10:33:08 [http-nio-8081-exec-7] INFO  c.s.b.controllers.AccountController      ::-> AccountController::getAccountByAccountNumber AccountController::getAccountByAccountNumber
>22-09-2024 10:33:08 [http-nio-8081-exec-7] INFO  c.s.bankingApp.services.AccountService   ::-> AccountService::getAccountByAccountNumber AccountService::getAccountByAccountNumber
>22-09-2024 10:33:22 [http-nio-8081-exec-2] INFO  c.s.b.controllers.AccountController      ::-> AccountController::deleteBeneficiaryFromAccount:: AccountController::deleteBeneficiaryFromAccount::
>22-09-2024 10:33:22 [http-nio-8081-exec-2] INFO  c.s.b.controllers.AccountController      ::-> 468d951a-ea7f-4e9b-a503-0a9a0328295a 468d951a-ea7f-4e9b-a503-0a9a0328295a
>22-09-2024 10:33:22 [http-nio-8081-exec-2] INFO  c.s.bankingApp.services.AccountService   ::-> AccountService::addBeneficiaryToAccount AccountService::addBeneficiaryToAccount
>22-09-2024 10:33:22 [http-nio-8081-exec-2] INFO  c.s.bankingApp.services.AccountService   ::-> AccountService::getAccountByAccountNumber AccountService::getAccountByAccountNumber
>22-09-2024 10:33:22 [http-nio-8081-exec-2] INFO  c.s.b.services.BeneficiaryService        ::-> BeneficiaryService::getBeneficiaryById 468d951a-ea7f-4e9b-a503-0a9a0328295a BeneficiaryService::getBeneficiaryById 468d951a-ea7f-4e9b-a503-0a9a0328295a
>22-09-2024 10:33:22 [http-nio-8081-exec-2] INFO  c.s.bankingApp.services.AccountService   ::-> AcountService::isBeneficiaryExistsInAccount AcountService::isBeneficiaryExistsInAccount
>22-09-2024 10:33:22 [http-nio-8081-exec-2] INFO  c.s.bankingApp.services.AccountService   ::-> beneficiary exists in account beneficiary exists in account
>22-09-2024 10:33:22 [http-nio-8081-exec-2] INFO  c.s.bankingApp.services.AccountService   ::-> beneficiary deleted successfully from account beneficiary deleted successfully from account
>22-09-2024 10:33:22 [http-nio-8081-exec-8] INFO  c.s.b.controllers.AccountController      ::-> AccountController::getAccountByAccountNumber AccountController::getAccountByAccountNumber
>22-09-2024 10:33:22 [http-nio-8081-exec-8] INFO  c.s.bankingApp.services.AccountService   ::-> AccountService::getAccountByAccountNumber AccountService::getAccountByAccountNumber
>22-09-2024 10:33:22 [http-nio-8081-exec-8] ERROR c.s.bankingApp.services.AccountService   ::-> error finding the account error finding the account
>22-09-2024 10:35:54 [http-nio-8081-exec-10] INFO  c.s.b.controllers.AccountController      ::-> AccountController::addBeneficiaryToAccount:: AccountController::addBeneficiaryToAccount::
>22-09-2024 10:35:54 [http-nio-8081-exec-10] INFO  c.s.b.controllers.AccountController      ::-> com.sukrutha.bankingApp.entities.Beneficiary@6f9260ef com.sukrutha.bankingApp.entities.Beneficiary@6f9260ef
>22-09-2024 10:35:54 [http-nio-8081-exec-10] INFO  c.s.bankingApp.services.AccountService   ::-> AccountService::addBeneficiaryToAccount AccountService::addBeneficiaryToAccount
>22-09-2024 10:35:54 [http-nio-8081-exec-10] INFO  c.s.bankingApp.services.AccountService   ::-> AccountService::getAccountByAccountNumber AccountService::getAccountByAccountNumber
>22-09-2024 10:35:54 [http-nio-8081-exec-10] INFO  c.s.b.services.BeneficiaryService        ::-> BeneficiaryService::getBeneficiaryByBeneficiaryAccountNumber BeneficiaryService::getBeneficiaryByBeneficiaryAccountNumber
>22-09-2024 10:35:54 [http-nio-8081-exec-10] INFO  c.s.bankingApp.services.AccountService   ::-> AccountService:updateAccount AccountService:updateAccount
>22-09-2024 10:35:54 [http-nio-8081-exec-10] INFO  c.s.b.services.BeneficiaryService        ::-> BeneficiaryService updateBeneficiary BeneficiaryService updateBeneficiary
>22-09-2024 10:35:54 [http-nio-8081-exec-2] INFO  c.s.b.controllers.BankController         ::-> AccountController::getAccountByAccountNumber AccountController::getAccountByAccountNumber
>22-09-2024 10:35:54 [http-nio-8081-exec-2] INFO  c.s.bankingApp.services.BankService      ::-> BankService::getBankDetails BankService::getBankDetails
>22-09-2024 10:35:54 [http-nio-8081-exec-8] INFO  c.s.b.controllers.CustomerController     ::-> CustomerController::getCustomerDetailsByCustomerId CustomerController::getCustomerDetailsByCustomerId
>22-09-2024 10:35:54 [http-nio-8081-exec-9] INFO  c.s.b.controllers.AccountController      ::-> AccountController::getAccountByAccountNumber AccountController::getAccountByAccountNumber
>22-09-2024 10:35:54 [http-nio-8081-exec-9] INFO  c.s.bankingApp.services.AccountService   ::-> AccountService::getAccountByAccountNumber AccountService::getAccountByAccountNumber
>22-09-2024 10:36:03 [http-nio-8081-exec-4] INFO  c.s.b.controllers.AccountController      ::-> AccountController::deleteBeneficiaryFromAccount:: AccountController::deleteBeneficiaryFromAccount::
>22-09-2024 10:36:03 [http-nio-8081-exec-4] INFO  c.s.b.controllers.AccountController      ::-> 468d951a-ea7f-4e9b-a503-0a9a0328295a 468d951a-ea7f-4e9b-a503-0a9a0328295a
>22-09-2024 10:36:03 [http-nio-8081-exec-4] INFO  c.s.bankingApp.services.AccountService   ::-> AccountService::addBeneficiaryToAccount AccountService::addBeneficiaryToAccount
>22-09-2024 10:36:03 [http-nio-8081-exec-4] INFO  c.s.bankingApp.services.AccountService   ::-> AccountService::getAccountByAccountNumber AccountService::getAccountByAccountNumber
>22-09-2024 10:36:03 [http-nio-8081-exec-4] INFO  c.s.b.services.BeneficiaryService        ::-> BeneficiaryService::getBeneficiaryById 468d951a-ea7f-4e9b-a503-0a9a0328295a BeneficiaryService::getBeneficiaryById 468d951a-ea7f-4e9b-a503-0a9a0328295a
>22-09-2024 10:36:03 [http-nio-8081-exec-4] INFO  c.s.bankingApp.services.AccountService   ::-> AcountService::isBeneficiaryExistsInAccount AcountService::isBeneficiaryExistsInAccount
>22-09-2024 10:36:03 [http-nio-8081-exec-4] INFO  c.s.bankingApp.services.AccountService   ::-> beneficiary exists in account beneficiary exists in account
>22-09-2024 10:36:03 [http-nio-8081-exec-4] INFO  c.s.bankingApp.services.AccountService   ::-> beneficiary deleted successfully from account beneficiary deleted successfully from account
>22-09-2024 10:36:03 [http-nio-8081-exec-3] INFO  c.s.b.controllers.AccountController      ::-> AccountController::getAccountByAccountNumber AccountController::getAccountByAccountNumber
>22-09-2024 10:36:03 [http-nio-8081-exec-3] INFO  c.s.bankingApp.services.AccountService   ::-> AccountService::getAccountByAccountNumber AccountService::getAccountByAccountNumber
>22-09-2024 10:36:03 [http-nio-8081-exec-3] ERROR c.s.bankingApp.services.AccountService   ::-> error finding the account error finding the account
>22-09-2024 10:37:12 [http-nio-8081-exec-6] INFO  c.s.b.controllers.BankController         ::-> AccountController::getAccountByAccountNumber AccountController::getAccountByAccountNumber
>22-09-2024 10:37:12 [http-nio-8081-exec-6] INFO  c.s.bankingApp.services.BankService      ::-> BankService::getBankDetails BankService::getBankDetails
>22-09-2024 10:37:12 [http-nio-8081-exec-10] INFO  c.s.b.controllers.CustomerController     ::-> CustomerController::getCustomerDetailsByCustomerId CustomerController::getCustomerDetailsByCustomerId
>22-09-2024 10:37:12 [http-nio-8081-exec-2] INFO  c.s.b.controllers.AccountController      ::-> AccountController::getAccountByAccountNumber AccountController::getAccountByAccountNumber
>22-09-2024 10:37:12 [http-nio-8081-exec-2] INFO  c.s.bankingApp.services.AccountService   ::-> AccountService::getAccountByAccountNumber AccountService::getAccountByAccountNumber
>22-09-2024 10:39:02 [http-nio-8081-exec-3] INFO  c.s.b.controllers.BankController         ::-> AccountController::getAccountByAccountNumber AccountController::getAccountByAccountNumber
>22-09-2024 10:39:02 [http-nio-8081-exec-3] INFO  c.s.bankingApp.services.BankService      ::-> BankService::getBankDetails BankService::getBankDetails
>22-09-2024 10:39:02 [http-nio-8081-exec-1] INFO  c.s.b.controllers.CustomerController     ::-> CustomerController::getCustomerDetailsByCustomerId CustomerController::getCustomerDetailsByCustomerId
>22-09-2024 10:39:02 [http-nio-8081-exec-5] INFO  c.s.b.controllers.AccountController      ::-> AccountController::getAccountByAccountNumber AccountController::getAccountByAccountNumber
>22-09-2024 10:39:02 [http-nio-8081-exec-5] INFO  c.s.bankingApp.services.AccountService   ::-> AccountService::getAccountByAccountNumber AccountService::getAccountByAccountNumber
>22-09-2024 10:39:02 [http-nio-8081-exec-7] INFO  c.s.b.controllers.AccountController      ::-> AccountController::getAccountByAccountNumber AccountController::getAccountByAccountNumber
>22-09-2024 10:39:02 [http-nio-8081-exec-7] INFO  c.s.bankingApp.services.AccountService   ::-> AccountService::getAccountByAccountNumber AccountService::getAccountByAccountNumber
>22-09-2024 10:39:31 [http-nio-8081-exec-6] INFO  c.s.b.controllers.AccountController      ::-> AccountController::getAccountByAccountNumber AccountController::getAccountByAccountNumber
>22-09-2024 10:39:31 [http-nio-8081-exec-2] INFO  c.s.b.controllers.AccountController      ::-> AccountController::getAccountByAccountNumber AccountController::getAccountByAccountNumber
>22-09-2024 10:39:31 [http-nio-8081-exec-6] INFO  c.s.bankingApp.services.AccountService   ::-> AccountService::getAccountByAccountNumber AccountService::getAccountByAccountNumber
>22-09-2024 10:39:31 [http-nio-8081-exec-2] INFO  c.s.bankingApp.services.AccountService   ::-> AccountService::getAccountByAccountNumber AccountService::getAccountByAccountNumber
>22-09-2024 10:39:56 [http-nio-8081-exec-10] INFO  c.s.b.controllers.AccountController      ::-> AccountController::getAccountByAccountNumber AccountController::getAccountByAccountNumber
>22-09-2024 10:39:56 [http-nio-8081-exec-10] INFO  c.s.bankingApp.services.AccountService   ::-> AccountService::getAccountByAccountNumber AccountService::getAccountByAccountNumber
>22-09-2024 10:39:56 [http-nio-8081-exec-9] INFO  c.s.b.controllers.AccountController      ::-> AccountController::getAccountByAccountNumber AccountController::getAccountByAccountNumber
>22-09-2024 10:39:56 [http-nio-8081-exec-9] INFO  c.s.bankingApp.services.AccountService   ::-> AccountService::getAccountByAccountNumber AccountService::getAccountByAccountNumber
>22-09-2024 10:42:07 [http-nio-8081-exec-7] INFO  c.s.b.controllers.AccountController      ::-> AccountController::getAccountByAccountNumber AccountController::getAccountByAccountNumber
>22-09-2024 10:42:07 [http-nio-8081-exec-1] INFO  c.s.b.controllers.AccountController      ::-> AccountController::getAccountByAccountNumber AccountController::getAccountByAccountNumber
>22-09-2024 10:42:07 [http-nio-8081-exec-7] INFO  c.s.bankingApp.services.AccountService   ::-> AccountService::getAccountByAccountNumber AccountService::getAccountByAccountNumber
>22-09-2024 10:42:07 [http-nio-8081-exec-1] INFO  c.s.bankingApp.services.AccountService   ::-> AccountService::getAccountByAccountNumber AccountService::getAccountByAccountNumber
>22-09-2024 10:42:11 [http-nio-8081-exec-6] INFO  c.s.b.controllers.BankController         ::-> AccountController::getAccountByAccountNumber AccountController::getAccountByAccountNumber
>22-09-2024 10:42:11 [http-nio-8081-exec-6] INFO  c.s.bankingApp.services.BankService      ::-> BankService::getBankDetails BankService::getBankDetails
>22-09-2024 10:42:11 [http-nio-8081-exec-2] INFO  c.s.b.controllers.CustomerController     ::-> CustomerController::getCustomerDetailsByCustomerId CustomerController::getCustomerDetailsByCustomerId
>22-09-2024 10:42:11 [http-nio-8081-exec-10] INFO  c.s.b.controllers.AccountController      ::-> AccountController::getAccountByAccountNumber AccountController::getAccountByAccountNumber
>22-09-2024 10:42:11 [http-nio-8081-exec-10] INFO  c.s.bankingApp.services.AccountService   ::-> AccountService::getAccountByAccountNumber AccountService::getAccountByAccountNumber
>22-09-2024 10:42:37 [http-nio-8081-exec-9] INFO  c.s.b.controllers.AccountController      ::-> AccountController::getAccountByAccountNumber AccountController::getAccountByAccountNumber
>22-09-2024 10:42:37 [http-nio-8081-exec-9] INFO  c.s.bankingApp.services.AccountService   ::-> AccountService::getAccountByAccountNumber AccountService::getAccountByAccountNumber
>22-09-2024 10:42:37 [http-nio-8081-exec-8] INFO  c.s.b.controllers.AccountController      ::-> AccountController::getAccountByAccountNumber AccountController::getAccountByAccountNumber
>22-09-2024 10:42:37 [http-nio-8081-exec-8] INFO  c.s.bankingApp.services.AccountService   ::-> AccountService::getAccountByAccountNumber AccountService::getAccountByAccountNumber
>22-09-2024 10:42:45 [http-nio-8081-exec-4] INFO  c.s.b.controllers.BankController         ::-> AccountController::getAccountByAccountNumber AccountController::getAccountByAccountNumber
>22-09-2024 10:42:45 [http-nio-8081-exec-4] INFO  c.s.bankingApp.services.BankService      ::-> BankService::getBankDetails BankService::getBankDetails
>22-09-2024 10:42:45 [http-nio-8081-exec-5] INFO  c.s.b.controllers.CustomerController     ::-> CustomerController::getCustomerDetailsByCustomerId CustomerController::getCustomerDetailsByCustomerId
>22-09-2024 10:42:45 [http-nio-8081-exec-3] INFO  c.s.b.controllers.AccountController      ::-> AccountController::getAccountByAccountNumber AccountController::getAccountByAccountNumber
>22-09-2024 10:42:45 [http-nio-8081-exec-3] INFO  c.s.bankingApp.services.AccountService   ::-> AccountService::getAccountByAccountNumber AccountService::getAccountByAccountNumber
>22-09-2024 10:43:16 [http-nio-8081-exec-1] INFO  c.s.b.controllers.AccountController      ::-> AccountController::getAccountByAccountNumber AccountController::getAccountByAccountNumber
>22-09-2024 10:43:16 [http-nio-8081-exec-1] INFO  c.s.bankingApp.services.AccountService   ::-> AccountService::getAccountByAccountNumber AccountService::getAccountByAccountNumber
>22-09-2024 10:43:16 [http-nio-8081-exec-7] INFO  c.s.b.controllers.AccountController      ::-> AccountController::getAccountByAccountNumber AccountController::getAccountByAccountNumber
>22-09-2024 10:43:16 [http-nio-8081-exec-7] INFO  c.s.bankingApp.services.AccountService   ::-> AccountService::getAccountByAccountNumber AccountService::getAccountByAccountNumber
>22-09-2024 10:46:31 [http-nio-8081-exec-4] INFO  c.s.b.controllers.AccountController      ::-> AccountController::getAccountByAccountNumber AccountController::getAccountByAccountNumber
>22-09-2024 10:46:31 [http-nio-8081-exec-8] INFO  c.s.b.controllers.BankController         ::-> AccountController::getAccountByAccountNumber AccountController::getAccountByAccountNumber
>22-09-2024 10:46:31 [http-nio-8081-exec-8] INFO  c.s.bankingApp.services.BankService      ::-> BankService::getBankDetails BankService::getBankDetails
>22-09-2024 10:46:31 [http-nio-8081-exec-3] INFO  c.s.b.controllers.CustomerController     ::-> CustomerController::getCustomerDetailsByCustomerId CustomerController::getCustomerDetailsByCustomerId
>22-09-2024 10:46:31 [http-nio-8081-exec-4] INFO  c.s.bankingApp.services.AccountService   ::-> AccountService::getAccountByAccountNumber AccountService::getAccountByAccountNumber
>22-09-2024 10:48:27 [http-nio-8081-exec-6] INFO  c.s.b.controllers.AccountController      ::-> AccountController::getAccountByAccountNumber AccountController::getAccountByAccountNumber
>22-09-2024 10:48:27 [http-nio-8081-exec-6] INFO  c.s.bankingApp.services.AccountService   ::-> AccountService::getAccountByAccountNumber AccountService::getAccountByAccountNumber
>22-09-2024 10:48:32 [http-nio-8081-exec-10] INFO  c.s.b.controllers.AccountController      ::-> AccountController::getAccountByAccountNumber AccountController::getAccountByAccountNumber
>22-09-2024 10:48:32 [http-nio-8081-exec-10] INFO  c.s.bankingApp.services.AccountService   ::-> AccountService::getAccountByAccountNumber AccountService::getAccountByAccountNumber
>22-09-2024 10:48:54 [http-nio-8081-exec-2] INFO  c.s.b.controllers.AccountController      ::-> AccountController::getAccountByAccountNumber AccountController::getAccountByAccountNumber
>22-09-2024 10:48:54 [http-nio-8081-exec-2] INFO  c.s.bankingApp.services.AccountService   ::-> AccountService::getAccountByAccountNumber AccountService::getAccountByAccountNumber
>22-09-2024 10:48:57 [http-nio-8081-exec-9] INFO  c.s.b.controllers.BankController         ::-> AccountController::getAccountByAccountNumber AccountController::getAccountByAccountNumber
>22-09-2024 10:48:57 [http-nio-8081-exec-8] INFO  c.s.b.controllers.CustomerController     ::-> CustomerController::getCustomerDetailsByCustomerId CustomerController::getCustomerDetailsByCustomerId
>22-09-2024 10:48:57 [http-nio-8081-exec-9] INFO  c.s.bankingApp.services.BankService      ::-> BankService::getBankDetails BankService::getBankDetails
>22-09-2024 10:48:57 [http-nio-8081-exec-4] INFO  c.s.b.controllers.AccountController      ::-> AccountController::getAccountByAccountNumber AccountController::getAccountByAccountNumber
>22-09-2024 10:48:57 [http-nio-8081-exec-4] INFO  c.s.bankingApp.services.AccountService   ::-> AccountService::getAccountByAccountNumber AccountService::getAccountByAccountNumber
>22-09-2024 10:49:32 [http-nio-8081-exec-3] INFO  c.s.b.controllers.AccountController      ::-> AccountController::getAccountByAccountNumber AccountController::getAccountByAccountNumber
>22-09-2024 10:49:32 [http-nio-8081-exec-3] INFO  c.s.bankingApp.services.AccountService   ::-> AccountService::getAccountByAccountNumber AccountService::getAccountByAccountNumber
>22-09-2024 10:49:38 [http-nio-8081-exec-1] INFO  c.s.b.controllers.AccountController      ::-> AccountController::getAccountByAccountNumber AccountController::getAccountByAccountNumber
>22-09-2024 10:49:38 [http-nio-8081-exec-5] INFO  c.s.b.controllers.CustomerController     ::-> CustomerController::getCustomerDetailsByCustomerId CustomerController::getCustomerDetailsByCustomerId
>22-09-2024 10:49:38 [http-nio-8081-exec-7] INFO  c.s.b.controllers.BankController         ::-> AccountController::getAccountByAccountNumber AccountController::getAccountByAccountNumber
>22-09-2024 10:49:38 [http-nio-8081-exec-1] INFO  c.s.bankingApp.services.AccountService   ::-> AccountService::getAccountByAccountNumber AccountService::getAccountByAccountNumber
>22-09-2024 10:49:38 [http-nio-8081-exec-7] INFO  c.s.bankingApp.services.BankService      ::-> BankService::getBankDetails BankService::getBankDetails
>22-09-2024 10:49:56 [http-nio-8081-exec-6] INFO  c.s.b.controllers.AccountController      ::-> AccountController::getAccountByAccountNumber AccountController::getAccountByAccountNumber
>22-09-2024 10:49:56 [http-nio-8081-exec-6] INFO  c.s.bankingApp.services.AccountService   ::-> AccountService::getAccountByAccountNumber AccountService::getAccountByAccountNumber
>22-09-2024 10:50:31 [http-nio-8081-exec-10] INFO  c.s.b.controllers.BankController         ::-> AccountController::getAccountByAccountNumber AccountController::getAccountByAccountNumber
>22-09-2024 10:50:31 [http-nio-8081-exec-9] INFO  c.s.b.controllers.AccountController      ::-> AccountController::getAccountByAccountNumber AccountController::getAccountByAccountNumber
>22-09-2024 10:50:31 [http-nio-8081-exec-2] INFO  c.s.b.controllers.CustomerController     ::-> CustomerController::getCustomerDetailsByCustomerId CustomerController::getCustomerDetailsByCustomerId
>22-09-2024 10:50:31 [http-nio-8081-exec-9] INFO  c.s.bankingApp.services.AccountService   ::-> AccountService::getAccountByAccountNumber AccountService::getAccountByAccountNumber
>22-09-2024 10:50:31 [http-nio-8081-exec-10] INFO  c.s.bankingApp.services.BankService      ::-> BankService::getBankDetails BankService::getBankDetails
>22-09-2024 10:50:33 [http-nio-8081-exec-4] INFO  c.s.b.controllers.BankController         ::-> AccountController::getAccountByAccountNumber AccountController::getAccountByAccountNumber
>22-09-2024 10:50:33 [http-nio-8081-exec-3] INFO  c.s.b.controllers.AccountController      ::-> AccountController::getAccountByAccountNumber AccountController::getAccountByAccountNumber
>22-09-2024 10:50:33 [http-nio-8081-exec-4] INFO  c.s.bankingApp.services.BankService      ::-> BankService::getBankDetails BankService::getBankDetails
>22-09-2024 10:50:33 [http-nio-8081-exec-3] INFO  c.s.bankingApp.services.AccountService   ::-> AccountService::getAccountByAccountNumber AccountService::getAccountByAccountNumber
>22-09-2024 10:50:33 [http-nio-8081-exec-8] INFO  c.s.b.controllers.CustomerController     ::-> CustomerController::getCustomerDetailsByCustomerId CustomerController::getCustomerDetailsByCustomerId
>22-09-2024 10:51:25 [http-nio-8081-exec-7] INFO  c.s.b.controllers.BankController         ::-> AccountController::getAccountByAccountNumber AccountController::getAccountByAccountNumber
>22-09-2024 10:51:25 [http-nio-8081-exec-7] INFO  c.s.bankingApp.services.BankService      ::-> BankService::getBankDetails BankService::getBankDetails
>22-09-2024 10:51:25 [http-nio-8081-exec-5] INFO  c.s.b.controllers.AccountController      ::-> AccountController::getAccountByAccountNumber AccountController::getAccountByAccountNumber
>22-09-2024 10:51:25 [http-nio-8081-exec-1] INFO  c.s.b.controllers.CustomerController     ::-> CustomerController::getCustomerDetailsByCustomerId CustomerController::getCustomerDetailsByCustomerId
>22-09-2024 10:51:25 [http-nio-8081-exec-5] INFO  c.s.bankingApp.services.AccountService   ::-> AccountService::getAccountByAccountNumber AccountService::getAccountByAccountNumber
>22-09-2024 10:51:49 [http-nio-8081-exec-6] INFO  c.s.b.controllers.BankController         ::-> AccountController::getAccountByAccountNumber AccountController::getAccountByAccountNumber
>22-09-2024 10:51:49 [http-nio-8081-exec-6] INFO  c.s.bankingApp.services.BankService      ::-> BankService::getBankDetails BankService::getBankDetails
>22-09-2024 10:51:49 [http-nio-8081-exec-10] INFO  c.s.b.controllers.CustomerController     ::-> CustomerController::getCustomerDetailsByCustomerId CustomerController::getCustomerDetailsByCustomerId
>22-09-2024 10:51:49 [http-nio-8081-exec-9] INFO  c.s.b.controllers.AccountController      ::-> AccountController::getAccountByAccountNumber AccountController::getAccountByAccountNumber
>22-09-2024 10:51:49 [http-nio-8081-exec-9] INFO  c.s.bankingApp.services.AccountService   ::-> AccountService::getAccountByAccountNumber AccountService::getAccountByAccountNumber
>22-09-2024 10:52:31 [http-nio-8081-exec-2] INFO  c.s.b.controllers.AccountController      ::-> AccountController::getAccountByAccountNumber AccountController::getAccountByAccountNumber
>22-09-2024 10:52:31 [http-nio-8081-exec-2] INFO  c.s.bankingApp.services.AccountService   ::-> AccountService::getAccountByAccountNumber AccountService::getAccountByAccountNumber
>22-09-2024 10:52:31 [http-nio-8081-exec-2] ERROR c.s.bankingApp.services.AccountService   ::-> error finding the account error finding the account
>22-09-2024 10:53:18 [http-nio-8081-exec-8] INFO  c.s.b.controllers.BankController         ::-> AccountController::getAccountByAccountNumber AccountController::getAccountByAccountNumber
>22-09-2024 10:53:18 [http-nio-8081-exec-8] INFO  c.s.bankingApp.services.BankService      ::-> BankService::getBankDetails BankService::getBankDetails
>22-09-2024 10:53:18 [http-nio-8081-exec-7] INFO  c.s.b.controllers.CustomerController     ::-> CustomerController::getCustomerDetailsByCustomerId CustomerController::getCustomerDetailsByCustomerId
>22-09-2024 10:53:18 [http-nio-8081-exec-5] INFO  c.s.b.controllers.AccountController      ::-> AccountController::getAccountByAccountNumber AccountController::getAccountByAccountNumber
>22-09-2024 10:53:18 [http-nio-8081-exec-5] INFO  c.s.bankingApp.services.AccountService   ::-> AccountService::getAccountByAccountNumber AccountService::getAccountByAccountNumber
>22-09-2024 10:53:18 [http-nio-8081-exec-5] ERROR c.s.bankingApp.services.AccountService   ::-> error finding the account error finding the account
>22-09-2024 10:53:28 [http-nio-8081-exec-1] INFO  c.s.b.controllers.AccountController      ::-> AccountController::getAccountByAccountNumber AccountController::getAccountByAccountNumber
>22-09-2024 10:53:28 [http-nio-8081-exec-1] INFO  c.s.bankingApp.services.AccountService   ::-> AccountService::getAccountByAccountNumber AccountService::getAccountByAccountNumber
>22-09-2024 10:53:44 [http-nio-8081-exec-6] INFO  c.s.b.controllers.AccountController      ::-> AccountController::addBeneficiaryToAccount:: AccountController::addBeneficiaryToAccount::
>22-09-2024 10:53:44 [http-nio-8081-exec-6] INFO  c.s.b.controllers.AccountController      ::-> com.sukrutha.bankingApp.entities.Beneficiary@3fd6cf3d com.sukrutha.bankingApp.entities.Beneficiary@3fd6cf3d
>22-09-2024 10:53:44 [http-nio-8081-exec-6] INFO  c.s.bankingApp.services.AccountService   ::-> AccountService::addBeneficiaryToAccount AccountService::addBeneficiaryToAccount
>22-09-2024 10:53:44 [http-nio-8081-exec-6] INFO  c.s.bankingApp.services.AccountService   ::-> AccountService::getAccountByAccountNumber AccountService::getAccountByAccountNumber
>22-09-2024 10:53:44 [http-nio-8081-exec-6] INFO  c.s.b.services.BeneficiaryService        ::-> BeneficiaryService::getBeneficiaryByBeneficiaryAccountNumber BeneficiaryService::getBeneficiaryByBeneficiaryAccountNumber
>22-09-2024 10:53:44 [http-nio-8081-exec-6] INFO  c.s.bankingApp.services.AccountService   ::-> AccountService:updateAccount AccountService:updateAccount
>22-09-2024 10:53:44 [http-nio-8081-exec-6] INFO  c.s.b.services.BeneficiaryService        ::-> BeneficiaryService updateBeneficiary BeneficiaryService updateBeneficiary
>22-09-2024 10:53:45 [http-nio-8081-exec-9] INFO  c.s.b.controllers.BankController         ::-> AccountController::getAccountByAccountNumber AccountController::getAccountByAccountNumber
>22-09-2024 10:53:45 [http-nio-8081-exec-9] INFO  c.s.bankingApp.services.BankService      ::-> BankService::getBankDetails BankService::getBankDetails
>22-09-2024 10:53:45 [http-nio-8081-exec-10] INFO  c.s.b.controllers.CustomerController     ::-> CustomerController::getCustomerDetailsByCustomerId CustomerController::getCustomerDetailsByCustomerId
>22-09-2024 10:53:45 [http-nio-8081-exec-2] INFO  c.s.b.controllers.AccountController      ::-> AccountController::getAccountByAccountNumber AccountController::getAccountByAccountNumber
>22-09-2024 10:53:45 [http-nio-8081-exec-2] INFO  c.s.bankingApp.services.AccountService   ::-> AccountService::getAccountByAccountNumber AccountService::getAccountByAccountNumber
>22-09-2024 10:53:49 [http-nio-8081-exec-4] INFO  c.s.b.controllers.AccountController      ::-> AccountController::deleteBeneficiaryFromAccount:: AccountController::deleteBeneficiaryFromAccount::
>22-09-2024 10:53:49 [http-nio-8081-exec-4] INFO  c.s.b.controllers.AccountController      ::-> 468d951a-ea7f-4e9b-a503-0a9a0328295a 468d951a-ea7f-4e9b-a503-0a9a0328295a
>22-09-2024 10:53:49 [http-nio-8081-exec-4] INFO  c.s.bankingApp.services.AccountService   ::-> AccountService::addBeneficiaryToAccount AccountService::addBeneficiaryToAccount
>22-09-2024 10:53:49 [http-nio-8081-exec-4] INFO  c.s.bankingApp.services.AccountService   ::-> AccountService::getAccountByAccountNumber AccountService::getAccountByAccountNumber
>22-09-2024 10:53:49 [http-nio-8081-exec-4] INFO  c.s.b.services.BeneficiaryService        ::-> BeneficiaryService::getBeneficiaryById 468d951a-ea7f-4e9b-a503-0a9a0328295a BeneficiaryService::getBeneficiaryById 468d951a-ea7f-4e9b-a503-0a9a0328295a
>22-09-2024 10:53:49 [http-nio-8081-exec-4] INFO  c.s.bankingApp.services.AccountService   ::-> AcountService::isBeneficiaryExistsInAccount AcountService::isBeneficiaryExistsInAccount
>22-09-2024 10:53:49 [http-nio-8081-exec-4] INFO  c.s.bankingApp.services.AccountService   ::-> beneficiary exists in account beneficiary exists in account
>22-09-2024 10:53:49 [http-nio-8081-exec-4] INFO  c.s.bankingApp.services.AccountService   ::-> beneficiary deleted successfully from account beneficiary deleted successfully from account
>22-09-2024 10:53:49 [http-nio-8081-exec-3] INFO  c.s.b.controllers.AccountController      ::-> AccountController::getAccountByAccountNumber AccountController::getAccountByAccountNumber
>22-09-2024 10:53:49 [http-nio-8081-exec-3] INFO  c.s.bankingApp.services.AccountService   ::-> AccountService::getAccountByAccountNumber AccountService::getAccountByAccountNumber
>22-09-2024 10:53:49 [http-nio-8081-exec-3] ERROR c.s.bankingApp.services.AccountService   ::-> error finding the account error finding the account
>22-09-2024 10:54:50 [http-nio-8081-exec-7] INFO  c.s.b.controllers.BankController         ::-> AccountController::getAccountByAccountNumber AccountController::getAccountByAccountNumber
>22-09-2024 10:54:50 [http-nio-8081-exec-6] INFO  c.s.b.controllers.AccountController      ::-> AccountController::getAccountByAccountNumber AccountController::getAccountByAccountNumber
>22-09-2024 10:54:50 [http-nio-8081-exec-7] INFO  c.s.bankingApp.services.BankService      ::-> BankService::getBankDetails BankService::getBankDetails
>22-09-2024 10:54:50 [http-nio-8081-exec-1] INFO  c.s.b.controllers.CustomerController     ::-> CustomerController::getCustomerDetailsByCustomerId CustomerController::getCustomerDetailsByCustomerId
>22-09-2024 10:54:50 [http-nio-8081-exec-6] INFO  c.s.bankingApp.services.AccountService   ::-> AccountService::getAccountByAccountNumber AccountService::getAccountByAccountNumber
>22-09-2024 10:56:11 [http-nio-8081-exec-4] INFO  c.s.b.controllers.AccountController      ::-> AccountController::getAccountByAccountNumber AccountController::getAccountByAccountNumber
>22-09-2024 10:56:11 [http-nio-8081-exec-4] INFO  c.s.bankingApp.services.AccountService   ::-> AccountService::getAccountByAccountNumber AccountService::getAccountByAccountNumber
>22-09-2024 10:56:14 [http-nio-8081-exec-3] INFO  c.s.b.controllers.BankController         ::-> AccountController::getAccountByAccountNumber AccountController::getAccountByAccountNumber
>22-09-2024 10:56:14 [http-nio-8081-exec-3] INFO  c.s.bankingApp.services.BankService      ::-> BankService::getBankDetails BankService::getBankDetails
>22-09-2024 10:56:14 [http-nio-8081-exec-8] INFO  c.s.b.controllers.CustomerController     ::-> CustomerController::getCustomerDetailsByCustomerId CustomerController::getCustomerDetailsByCustomerId
>22-09-2024 10:56:14 [http-nio-8081-exec-5] INFO  c.s.b.controllers.AccountController      ::-> AccountController::getAccountByAccountNumber AccountController::getAccountByAccountNumber
>22-09-2024 10:56:14 [http-nio-8081-exec-5] INFO  c.s.bankingApp.services.AccountService   ::-> AccountService::getAccountByAccountNumber AccountService::getAccountByAccountNumber
>22-09-2024 10:56:36 [http-nio-8081-exec-7] INFO  c.s.b.controllers.AccountController      ::-> AccountController::getAccountByAccountNumber AccountController::getAccountByAccountNumber
>22-09-2024 10:56:36 [http-nio-8081-exec-7] INFO  c.s.bankingApp.services.AccountService   ::-> AccountService::getAccountByAccountNumber AccountService::getAccountByAccountNumber
>22-09-2024 10:59:11 [http-nio-8081-exec-2] INFO  c.s.b.controllers.BankController         ::-> AccountController::getAccountByAccountNumber AccountController::getAccountByAccountNumber
>22-09-2024 10:59:11 [http-nio-8081-exec-2] INFO  c.s.bankingApp.services.BankService      ::-> BankService::getBankDetails BankService::getBankDetails
>22-09-2024 10:59:11 [http-nio-8081-exec-4] INFO  c.s.b.controllers.AccountController      ::-> AccountController::getAccountByAccountNumber AccountController::getAccountByAccountNumber
>22-09-2024 10:59:11 [http-nio-8081-exec-10] INFO  c.s.b.controllers.CustomerController     ::-> CustomerController::getCustomerDetailsByCustomerId CustomerController::getCustomerDetailsByCustomerId
>22-09-2024 10:59:11 [http-nio-8081-exec-4] INFO  c.s.bankingApp.services.AccountService   ::-> AccountService::getAccountByAccountNumber AccountService::getAccountByAccountNumber
>22-09-2024 11:05:10 [http-nio-8081-exec-7] INFO  c.s.b.controllers.AccountController      ::-> AccountController::getAccountByAccountNumber AccountController::getAccountByAccountNumber
>22-09-2024 11:05:10 [http-nio-8081-exec-7] INFO  c.s.bankingApp.services.AccountService   ::-> AccountService::getAccountByAccountNumber AccountService::getAccountByAccountNumber
>22-09-2024 11:40:47 [HikariPool-1 housekeeper] WARN  com.zaxxer.hikari.pool.HikariPool        ::-> HikariPool-1 - Thread starvation or clock leap detected (housekeeper delta=30m47s147ms605µs500ns). HikariPool-1 - Thread starvation or clock leap detected (housekeeper delta=30m47s147ms605µs500ns).
>22-09-2024 06:35:35 [HikariPool-1 housekeeper] WARN  com.zaxxer.hikari.pool.HikariPool        ::-> HikariPool-1 - Thread starvation or clock leap detected (housekeeper delta=6h51m48s67ms724µs400ns). HikariPool-1 - Thread starvation or clock leap detected (housekeeper delta=6h51m48s67ms724µs400ns).
>22-09-2024 08:04:56 [HikariPool-1 housekeeper] WARN  com.zaxxer.hikari.pool.HikariPool        ::-> HikariPool-1 - Thread starvation or clock leap detected (housekeeper delta=1h26m21s333ms296µs700ns). HikariPool-1 - Thread starvation or clock leap detected (housekeeper delta=1h26m21s333ms296µs700ns).
>22-09-2024 08:07:56 [http-nio-8081-exec-1] INFO  c.s.b.controllers.BankController         ::-> AccountController::getAccountByAccountNumber AccountController::getAccountByAccountNumber
>22-09-2024 08:07:56 [http-nio-8081-exec-1] INFO  c.s.bankingApp.services.BankService      ::-> BankService::getBankDetails BankService::getBankDetails
>22-09-2024 08:07:56 [http-nio-8081-exec-2] INFO  c.s.b.controllers.AccountController      ::-> AccountController::getAccountByAccountNumber AccountController::getAccountByAccountNumber
>22-09-2024 08:07:56 [http-nio-8081-exec-2] INFO  c.s.bankingApp.services.AccountService   ::-> AccountService::getAccountByAccountNumber AccountService::getAccountByAccountNumber
>22-09-2024 08:07:56 [http-nio-8081-exec-9] INFO  c.s.b.controllers.CustomerController     ::-> CustomerController::getCustomerDetailsByCustomerId CustomerController::getCustomerDetailsByCustomerId
>22-09-2024 08:08:13 [http-nio-8081-exec-4] INFO  c.s.b.controllers.BankController         ::-> AccountController::getAccountByAccountNumber AccountController::getAccountByAccountNumber
>22-09-2024 08:08:13 [http-nio-8081-exec-4] INFO  c.s.bankingApp.services.BankService      ::-> BankService::getBankDetails BankService::getBankDetails
>22-09-2024 08:08:14 [http-nio-8081-exec-3] INFO  c.s.b.controllers.CustomerController     ::-> CustomerController::getCustomerDetailsByCustomerId CustomerController::getCustomerDetailsByCustomerId
>22-09-2024 08:08:14 [http-nio-8081-exec-10] INFO  c.s.b.controllers.AccountController      ::-> AccountController::getAccountByAccountNumber AccountController::getAccountByAccountNumber
>22-09-2024 08:08:14 [http-nio-8081-exec-10] INFO  c.s.bankingApp.services.AccountService   ::-> AccountService::getAccountByAccountNumber AccountService::getAccountByAccountNumber
>22-09-2024 08:08:14 [http-nio-8081-exec-5] INFO  c.s.b.controllers.BankController         ::-> AccountController::getAccountByAccountNumber AccountController::getAccountByAccountNumber
>22-09-2024 08:08:14 [http-nio-8081-exec-5] INFO  c.s.bankingApp.services.BankService      ::-> BankService::getBankDetails BankService::getBankDetails
>22-09-2024 08:08:14 [http-nio-8081-exec-7] INFO  c.s.b.controllers.CustomerController     ::-> CustomerController::getCustomerDetailsByCustomerId CustomerController::getCustomerDetailsByCustomerId
>22-09-2024 08:08:14 [http-nio-8081-exec-8] INFO  c.s.b.controllers.AccountController      ::-> AccountController::getAccountByAccountNumber AccountController::getAccountByAccountNumber
>22-09-2024 08:08:14 [http-nio-8081-exec-8] INFO  c.s.bankingApp.services.AccountService   ::-> AccountService::getAccountByAccountNumber AccountService::getAccountByAccountNumber
>22-09-2024 08:08:50 [http-nio-8081-exec-6] INFO  c.s.b.controllers.AccountController      ::-> AccountController::getAccountByAccountNumber AccountController::getAccountByAccountNumber
>22-09-2024 08:08:50 [http-nio-8081-exec-6] INFO  c.s.bankingApp.services.AccountService   ::-> AccountService::getAccountByAccountNumber AccountService::getAccountByAccountNumber
>22-09-2024 08:08:51 [http-nio-8081-exec-2] INFO  c.s.b.controllers.AccountController      ::-> AccountController::getAccountByAccountNumber AccountController::getAccountByAccountNumber
>22-09-2024 08:08:51 [http-nio-8081-exec-2] INFO  c.s.bankingApp.services.AccountService   ::-> AccountService::getAccountByAccountNumber AccountService::getAccountByAccountNumber
>22-09-2024 08:10:42 [http-nio-8081-exec-7] INFO  c.s.b.controllers.AccountController      ::-> AccountController::getAccountByAccountNumber AccountController::getAccountByAccountNumber
>22-09-2024 08:10:42 [http-nio-8081-exec-8] INFO  c.s.b.controllers.BankController         ::-> AccountController::getAccountByAccountNumber AccountController::getAccountByAccountNumber
>22-09-2024 08:10:42 [http-nio-8081-exec-6] INFO  c.s.b.controllers.CustomerController     ::-> CustomerController::getCustomerDetailsByCustomerId CustomerController::getCustomerDetailsByCustomerId
>22-09-2024 08:10:42 [http-nio-8081-exec-7] INFO  c.s.bankingApp.services.AccountService   ::-> AccountService::getAccountByAccountNumber AccountService::getAccountByAccountNumber
>22-09-2024 08:10:42 [http-nio-8081-exec-8] INFO  c.s.bankingApp.services.BankService      ::-> BankService::getBankDetails BankService::getBankDetails
>22-09-2024 08:20:43 [http-nio-8081-exec-9] INFO  c.s.b.controllers.AccountController      ::-> AccountController::getAccountByAccountNumber AccountController::getAccountByAccountNumber
>22-09-2024 08:20:43 [http-nio-8081-exec-9] INFO  c.s.bankingApp.services.AccountService   ::-> AccountService::getAccountByAccountNumber AccountService::getAccountByAccountNumber
>22-09-2024 08:20:43 [http-nio-8081-exec-9] ERROR c.s.bankingApp.services.AccountService   ::-> error finding the account error finding the account
>22-09-2024 08:20:43 [http-nio-8081-exec-10] INFO  c.s.b.controllers.AccountController      ::-> AccountController::getAccountByAccountNumber AccountController::getAccountByAccountNumber
>22-09-2024 08:20:43 [http-nio-8081-exec-10] INFO  c.s.bankingApp.services.AccountService   ::-> AccountService::getAccountByAccountNumber AccountService::getAccountByAccountNumber
>22-09-2024 08:20:43 [http-nio-8081-exec-10] ERROR c.s.bankingApp.services.AccountService   ::-> error finding the account error finding the account
>22-09-2024 08:20:46 [http-nio-8081-exec-3] INFO  c.s.b.controllers.BankController         ::-> AccountController::getAccountByAccountNumber AccountController::getAccountByAccountNumber
>22-09-2024 08:20:46 [http-nio-8081-exec-3] INFO  c.s.bankingApp.services.BankService      ::-> BankService::getBankDetails BankService::getBankDetails
>22-09-2024 08:20:46 [http-nio-8081-exec-5] INFO  c.s.b.controllers.CustomerController     ::-> CustomerController::getCustomerDetailsByCustomerId CustomerController::getCustomerDetailsByCustomerId
>22-09-2024 08:20:46 [http-nio-8081-exec-8] INFO  c.s.b.controllers.AccountController      ::-> AccountController::getAccountByAccountNumber AccountController::getAccountByAccountNumber
>22-09-2024 08:20:46 [http-nio-8081-exec-8] INFO  c.s.bankingApp.services.AccountService   ::-> AccountService::getAccountByAccountNumber AccountService::getAccountByAccountNumber
>22-09-2024 08:20:46 [http-nio-8081-exec-8] ERROR c.s.bankingApp.services.AccountService   ::-> error finding the account error finding the account
>22-09-2024 08:21:30 [http-nio-8081-exec-7] INFO  c.s.b.controllers.AccountController      ::-> AccountController::getAccountByAccountNumber AccountController::getAccountByAccountNumber
>22-09-2024 08:21:30 [http-nio-8081-exec-7] INFO  c.s.bankingApp.services.AccountService   ::-> AccountService::getAccountByAccountNumber AccountService::getAccountByAccountNumber
>22-09-2024 08:21:31 [http-nio-8081-exec-6] INFO  c.s.b.controllers.AccountController      ::-> AccountController::getAccountByAccountNumber AccountController::getAccountByAccountNumber
>22-09-2024 08:21:31 [http-nio-8081-exec-6] INFO  c.s.bankingApp.services.AccountService   ::-> AccountService::getAccountByAccountNumber AccountService::getAccountByAccountNumber
>22-09-2024 08:22:02 [http-nio-8081-exec-2] INFO  c.s.b.controllers.AccountController      ::-> AccountController::getAccountByAccountNumber AccountController::getAccountByAccountNumber
>22-09-2024 08:22:02 [http-nio-8081-exec-2] INFO  c.s.bankingApp.services.AccountService   ::-> AccountService::getAccountByAccountNumber AccountService::getAccountByAccountNumber
>22-09-2024 08:22:03 [http-nio-8081-exec-9] INFO  c.s.b.controllers.AccountController      ::-> AccountController::getAccountByAccountNumber AccountController::getAccountByAccountNumber
>22-09-2024 08:22:03 [http-nio-8081-exec-9] INFO  c.s.bankingApp.services.AccountService   ::-> AccountService::getAccountByAccountNumber AccountService::getAccountByAccountNumber
>22-09-2024 08:22:31 [http-nio-8081-exec-3] INFO  c.s.b.controllers.AccountController      ::-> AccountController::addBeneficiaryToAccount:: AccountController::addBeneficiaryToAccount::
>22-09-2024 08:22:31 [http-nio-8081-exec-3] INFO  c.s.b.controllers.AccountController      ::-> com.sukrutha.bankingApp.entities.Beneficiary@5db25345 com.sukrutha.bankingApp.entities.Beneficiary@5db25345
>22-09-2024 08:22:31 [http-nio-8081-exec-3] INFO  c.s.bankingApp.services.AccountService   ::-> AccountService::addBeneficiaryToAccount AccountService::addBeneficiaryToAccount
>22-09-2024 08:22:31 [http-nio-8081-exec-3] INFO  c.s.bankingApp.services.AccountService   ::-> AccountService::getAccountByAccountNumber AccountService::getAccountByAccountNumber
>22-09-2024 08:22:31 [http-nio-8081-exec-3] INFO  c.s.b.services.BeneficiaryService        ::-> BeneficiaryService::getBeneficiaryByBeneficiaryAccountNumber BeneficiaryService::getBeneficiaryByBeneficiaryAccountNumber
>22-09-2024 08:22:31 [http-nio-8081-exec-3] INFO  c.s.bankingApp.services.AccountService   ::-> AccountService:updateAccount AccountService:updateAccount
>22-09-2024 08:22:31 [http-nio-8081-exec-3] INFO  c.s.b.services.BeneficiaryService        ::-> BeneficiaryService updateBeneficiary BeneficiaryService updateBeneficiary
>22-09-2024 08:22:31 [http-nio-8081-exec-8] INFO  c.s.b.controllers.BankController         ::-> AccountController::getAccountByAccountNumber AccountController::getAccountByAccountNumber
>22-09-2024 08:22:31 [http-nio-8081-exec-8] INFO  c.s.bankingApp.services.BankService      ::-> BankService::getBankDetails BankService::getBankDetails
>22-09-2024 08:22:31 [http-nio-8081-exec-5] INFO  c.s.b.controllers.CustomerController     ::-> CustomerController::getCustomerDetailsByCustomerId CustomerController::getCustomerDetailsByCustomerId
>22-09-2024 08:22:31 [http-nio-8081-exec-7] INFO  c.s.b.controllers.AccountController      ::-> AccountController::getAccountByAccountNumber AccountController::getAccountByAccountNumber
>22-09-2024 08:22:31 [http-nio-8081-exec-7] INFO  c.s.bankingApp.services.AccountService   ::-> AccountService::getAccountByAccountNumber AccountService::getAccountByAccountNumber
>22-09-2024 08:22:38 [http-nio-8081-exec-4] INFO  c.s.b.controllers.AccountController      ::-> AccountController::deleteBeneficiaryFromAccount:: AccountController::deleteBeneficiaryFromAccount::
>22-09-2024 08:22:38 [http-nio-8081-exec-4] INFO  c.s.b.controllers.AccountController      ::-> 468d951a-ea7f-4e9b-a503-0a9a0328295a 468d951a-ea7f-4e9b-a503-0a9a0328295a
>22-09-2024 08:22:38 [http-nio-8081-exec-4] INFO  c.s.bankingApp.services.AccountService   ::-> AccountService::addBeneficiaryToAccount AccountService::addBeneficiaryToAccount
>22-09-2024 08:22:38 [http-nio-8081-exec-4] INFO  c.s.bankingApp.services.AccountService   ::-> AccountService::getAccountByAccountNumber AccountService::getAccountByAccountNumber
>22-09-2024 08:22:38 [http-nio-8081-exec-4] INFO  c.s.b.services.BeneficiaryService        ::-> BeneficiaryService::getBeneficiaryById 468d951a-ea7f-4e9b-a503-0a9a0328295a BeneficiaryService::getBeneficiaryById 468d951a-ea7f-4e9b-a503-0a9a0328295a
>22-09-2024 08:22:38 [http-nio-8081-exec-4] INFO  c.s.bankingApp.services.AccountService   ::-> AcountService::isBeneficiaryExistsInAccount AcountService::isBeneficiaryExistsInAccount
>22-09-2024 08:22:38 [http-nio-8081-exec-4] INFO  c.s.bankingApp.services.AccountService   ::-> beneficiary exists in account beneficiary exists in account
>22-09-2024 08:22:38 [http-nio-8081-exec-4] INFO  c.s.bankingApp.services.AccountService   ::-> beneficiary deleted successfully from account beneficiary deleted successfully from account
>22-09-2024 08:22:38 [http-nio-8081-exec-1] INFO  c.s.b.controllers.AccountController      ::-> AccountController::getAccountByAccountNumber AccountController::getAccountByAccountNumber
>22-09-2024 08:22:38 [http-nio-8081-exec-1] INFO  c.s.bankingApp.services.AccountService   ::-> AccountService::getAccountByAccountNumber AccountService::getAccountByAccountNumber
>22-09-2024 08:22:38 [http-nio-8081-exec-1] ERROR c.s.bankingApp.services.AccountService   ::-> error finding the account error finding the account
>22-09-2024 08:22:44 [http-nio-8081-exec-10] INFO  c.s.b.controllers.BankController         ::-> AccountController::getAccountByAccountNumber AccountController::getAccountByAccountNumber
>22-09-2024 08:22:44 [http-nio-8081-exec-2] INFO  c.s.b.controllers.AccountController      ::-> AccountController::getAccountByAccountNumber AccountController::getAccountByAccountNumber
>22-09-2024 08:22:44 [http-nio-8081-exec-2] INFO  c.s.bankingApp.services.AccountService   ::-> AccountService::getAccountByAccountNumber AccountService::getAccountByAccountNumber
>22-09-2024 08:22:44 [http-nio-8081-exec-9] INFO  c.s.b.controllers.CustomerController     ::-> CustomerController::getCustomerDetailsByCustomerId CustomerController::getCustomerDetailsByCustomerId
>22-09-2024 08:22:44 [http-nio-8081-exec-10] INFO  c.s.bankingApp.services.BankService      ::-> BankService::getBankDetails BankService::getBankDetails
>22-09-2024 08:24:00 [http-nio-8081-exec-6] INFO  c.s.b.controllers.AccountController      ::-> AccountController::addBeneficiaryToAccount:: AccountController::addBeneficiaryToAccount::
>22-09-2024 08:24:00 [http-nio-8081-exec-6] INFO  c.s.b.controllers.AccountController      ::-> com.sukrutha.bankingApp.entities.Beneficiary@270846d2 com.sukrutha.bankingApp.entities.Beneficiary@270846d2
>22-09-2024 08:24:00 [http-nio-8081-exec-6] INFO  c.s.bankingApp.services.AccountService   ::-> AccountService::addBeneficiaryToAccount AccountService::addBeneficiaryToAccount
>22-09-2024 08:24:00 [http-nio-8081-exec-6] INFO  c.s.bankingApp.services.AccountService   ::-> AccountService::getAccountByAccountNumber AccountService::getAccountByAccountNumber
>22-09-2024 08:24:00 [http-nio-8081-exec-6] INFO  c.s.b.services.BeneficiaryService        ::-> BeneficiaryService::getBeneficiaryByBeneficiaryAccountNumber BeneficiaryService::getBeneficiaryByBeneficiaryAccountNumber
>22-09-2024 08:24:00 [http-nio-8081-exec-6] INFO  c.s.bankingApp.services.AccountService   ::-> AccountService:updateAccount AccountService:updateAccount
>22-09-2024 08:24:00 [http-nio-8081-exec-6] INFO  c.s.b.services.BeneficiaryService        ::-> BeneficiaryService updateBeneficiary BeneficiaryService updateBeneficiary
>22-09-2024 08:24:00 [http-nio-8081-exec-4] INFO  c.s.b.controllers.BankController         ::-> AccountController::getAccountByAccountNumber AccountController::getAccountByAccountNumber
>22-09-2024 08:24:00 [http-nio-8081-exec-1] INFO  c.s.b.controllers.CustomerController     ::-> CustomerController::getCustomerDetailsByCustomerId CustomerController::getCustomerDetailsByCustomerId
>22-09-2024 08:24:00 [http-nio-8081-exec-2] INFO  c.s.b.controllers.AccountController      ::-> AccountController::getAccountByAccountNumber AccountController::getAccountByAccountNumber
>22-09-2024 08:24:00 [http-nio-8081-exec-4] INFO  c.s.bankingApp.services.BankService      ::-> BankService::getBankDetails BankService::getBankDetails
>22-09-2024 08:24:00 [http-nio-8081-exec-2] INFO  c.s.bankingApp.services.AccountService   ::-> AccountService::getAccountByAccountNumber AccountService::getAccountByAccountNumber
>22-09-2024 08:24:05 [http-nio-8081-exec-10] INFO  c.s.b.controllers.AccountController      ::-> AccountController::deleteBeneficiaryFromAccount:: AccountController::deleteBeneficiaryFromAccount::
>22-09-2024 08:24:05 [http-nio-8081-exec-10] INFO  c.s.b.controllers.AccountController      ::-> 468d951a-ea7f-4e9b-a503-0a9a0328295a 468d951a-ea7f-4e9b-a503-0a9a0328295a
>22-09-2024 08:24:05 [http-nio-8081-exec-10] INFO  c.s.bankingApp.services.AccountService   ::-> AccountService::addBeneficiaryToAccount AccountService::addBeneficiaryToAccount
>22-09-2024 08:24:05 [http-nio-8081-exec-10] INFO  c.s.bankingApp.services.AccountService   ::-> AccountService::getAccountByAccountNumber AccountService::getAccountByAccountNumber
>22-09-2024 08:24:05 [http-nio-8081-exec-10] INFO  c.s.b.services.BeneficiaryService        ::-> BeneficiaryService::getBeneficiaryById 468d951a-ea7f-4e9b-a503-0a9a0328295a BeneficiaryService::getBeneficiaryById 468d951a-ea7f-4e9b-a503-0a9a0328295a
>22-09-2024 08:24:05 [http-nio-8081-exec-10] INFO  c.s.bankingApp.services.AccountService   ::-> AcountService::isBeneficiaryExistsInAccount AcountService::isBeneficiaryExistsInAccount
>22-09-2024 08:24:05 [http-nio-8081-exec-10] INFO  c.s.bankingApp.services.AccountService   ::-> beneficiary exists in account beneficiary exists in account
>22-09-2024 08:24:05 [http-nio-8081-exec-10] INFO  c.s.bankingApp.services.AccountService   ::-> beneficiary deleted successfully from account beneficiary deleted successfully from account
>22-09-2024 08:24:05 [http-nio-8081-exec-9] INFO  c.s.b.controllers.AccountController      ::-> AccountController::getAccountByAccountNumber AccountController::getAccountByAccountNumber
>22-09-2024 08:24:05 [http-nio-8081-exec-9] INFO  c.s.bankingApp.services.AccountService   ::-> AccountService::getAccountByAccountNumber AccountService::getAccountByAccountNumber
>22-09-2024 08:24:05 [http-nio-8081-exec-9] ERROR c.s.bankingApp.services.AccountService   ::-> error finding the account error finding the account
>22-09-2024 08:24:40 [http-nio-8081-exec-3] INFO  c.s.b.controllers.BankController         ::-> AccountController::getAccountByAccountNumber AccountController::getAccountByAccountNumber
>22-09-2024 08:24:40 [http-nio-8081-exec-3] INFO  c.s.bankingApp.services.BankService      ::-> BankService::getBankDetails BankService::getBankDetails
>22-09-2024 08:24:40 [http-nio-8081-exec-8] INFO  c.s.b.controllers.CustomerController     ::-> CustomerController::getCustomerDetailsByCustomerId CustomerController::getCustomerDetailsByCustomerId
>22-09-2024 08:24:40 [http-nio-8081-exec-7] INFO  c.s.b.controllers.AccountController      ::-> AccountController::getAccountByAccountNumber AccountController::getAccountByAccountNumber
>22-09-2024 08:24:40 [http-nio-8081-exec-7] INFO  c.s.bankingApp.services.AccountService   ::-> AccountService::getAccountByAccountNumber AccountService::getAccountByAccountNumber
>22-09-2024 08:24:48 [http-nio-8081-exec-5] INFO  c.s.b.controllers.AccountController      ::-> AccountController::addBeneficiaryToAccount:: AccountController::addBeneficiaryToAccount::
>22-09-2024 08:24:48 [http-nio-8081-exec-5] INFO  c.s.b.controllers.AccountController      ::-> com.sukrutha.bankingApp.entities.Beneficiary@19e5aadc com.sukrutha.bankingApp.entities.Beneficiary@19e5aadc
>22-09-2024 08:24:48 [http-nio-8081-exec-5] INFO  c.s.bankingApp.services.AccountService   ::-> AccountService::addBeneficiaryToAccount AccountService::addBeneficiaryToAccount
>22-09-2024 08:24:48 [http-nio-8081-exec-5] INFO  c.s.bankingApp.services.AccountService   ::-> AccountService::getAccountByAccountNumber AccountService::getAccountByAccountNumber
>22-09-2024 08:24:48 [http-nio-8081-exec-5] INFO  c.s.b.services.BeneficiaryService        ::-> BeneficiaryService::getBeneficiaryByBeneficiaryAccountNumber BeneficiaryService::getBeneficiaryByBeneficiaryAccountNumber
>22-09-2024 08:24:48 [http-nio-8081-exec-5] INFO  c.s.bankingApp.services.AccountService   ::-> AccountService:updateAccount AccountService:updateAccount
>22-09-2024 08:24:48 [http-nio-8081-exec-5] INFO  c.s.b.services.BeneficiaryService        ::-> BeneficiaryService updateBeneficiary BeneficiaryService updateBeneficiary
>22-09-2024 08:24:48 [http-nio-8081-exec-4] INFO  c.s.b.controllers.CustomerController     ::-> CustomerController::getCustomerDetailsByCustomerId CustomerController::getCustomerDetailsByCustomerId
>22-09-2024 08:24:48 [http-nio-8081-exec-2] INFO  c.s.b.controllers.AccountController      ::-> AccountController::getAccountByAccountNumber AccountController::getAccountByAccountNumber
>22-09-2024 08:24:48 [http-nio-8081-exec-2] INFO  c.s.bankingApp.services.AccountService   ::-> AccountService::getAccountByAccountNumber AccountService::getAccountByAccountNumber
>22-09-2024 08:24:48 [http-nio-8081-exec-6] INFO  c.s.b.controllers.BankController         ::-> AccountController::getAccountByAccountNumber AccountController::getAccountByAccountNumber
>22-09-2024 08:24:48 [http-nio-8081-exec-6] INFO  c.s.bankingApp.services.BankService      ::-> BankService::getBankDetails BankService::getBankDetails
>22-09-2024 08:24:52 [http-nio-8081-exec-1] INFO  c.s.b.controllers.AccountController      ::-> AccountController::deleteBeneficiaryFromAccount:: AccountController::deleteBeneficiaryFromAccount::
>22-09-2024 08:24:52 [http-nio-8081-exec-1] INFO  c.s.b.controllers.AccountController      ::-> 468d951a-ea7f-4e9b-a503-0a9a0328295a 468d951a-ea7f-4e9b-a503-0a9a0328295a
>22-09-2024 08:24:52 [http-nio-8081-exec-1] INFO  c.s.bankingApp.services.AccountService   ::-> AccountService::addBeneficiaryToAccount AccountService::addBeneficiaryToAccount
>22-09-2024 08:24:52 [http-nio-8081-exec-1] INFO  c.s.bankingApp.services.AccountService   ::-> AccountService::getAccountByAccountNumber AccountService::getAccountByAccountNumber
>22-09-2024 08:24:52 [http-nio-8081-exec-1] INFO  c.s.b.services.BeneficiaryService        ::-> BeneficiaryService::getBeneficiaryById 468d951a-ea7f-4e9b-a503-0a9a0328295a BeneficiaryService::getBeneficiaryById 468d951a-ea7f-4e9b-a503-0a9a0328295a
>22-09-2024 08:24:52 [http-nio-8081-exec-1] INFO  c.s.bankingApp.services.AccountService   ::-> AcountService::isBeneficiaryExistsInAccount AcountService::isBeneficiaryExistsInAccount
>22-09-2024 08:24:52 [http-nio-8081-exec-1] INFO  c.s.bankingApp.services.AccountService   ::-> beneficiary exists in account beneficiary exists in account
>22-09-2024 08:24:52 [http-nio-8081-exec-1] INFO  c.s.bankingApp.services.AccountService   ::-> beneficiary deleted successfully from account beneficiary deleted successfully from account
>22-09-2024 08:24:52 [http-nio-8081-exec-10] INFO  c.s.b.controllers.AccountController      ::-> AccountController::getAccountByAccountNumber AccountController::getAccountByAccountNumber
>22-09-2024 08:24:52 [http-nio-8081-exec-10] INFO  c.s.bankingApp.services.AccountService   ::-> AccountService::getAccountByAccountNumber AccountService::getAccountByAccountNumber
>22-09-2024 08:24:52 [http-nio-8081-exec-10] ERROR c.s.bankingApp.services.AccountService   ::-> error finding the account error finding the account
>22-09-2024 08:25:06 [http-nio-8081-exec-9] INFO  c.s.b.controllers.BankController         ::-> AccountController::getAccountByAccountNumber AccountController::getAccountByAccountNumber
>22-09-2024 08:25:06 [http-nio-8081-exec-9] INFO  c.s.bankingApp.services.BankService      ::-> BankService::getBankDetails BankService::getBankDetails
>22-09-2024 08:25:06 [http-nio-8081-exec-3] INFO  c.s.b.controllers.CustomerController     ::-> CustomerController::getCustomerDetailsByCustomerId CustomerController::getCustomerDetailsByCustomerId
>22-09-2024 08:25:06 [http-nio-8081-exec-7] INFO  c.s.b.controllers.AccountController      ::-> AccountController::getAccountByAccountNumber AccountController::getAccountByAccountNumber
>22-09-2024 08:25:06 [http-nio-8081-exec-7] INFO  c.s.bankingApp.services.AccountService   ::-> AccountService::getAccountByAccountNumber AccountService::getAccountByAccountNumber
>22-09-2024 08:30:00 [http-nio-8081-exec-2] INFO  c.s.b.controllers.BankController         ::-> AccountController::getAccountByAccountNumber AccountController::getAccountByAccountNumber
>22-09-2024 08:30:00 [http-nio-8081-exec-1] INFO  c.s.b.controllers.AccountController      ::-> AccountController::getAccountByAccountNumber AccountController::getAccountByAccountNumber
>22-09-2024 08:30:00 [http-nio-8081-exec-2] INFO  c.s.bankingApp.services.BankService      ::-> BankService::getBankDetails BankService::getBankDetails
>22-09-2024 08:30:00 [http-nio-8081-exec-4] INFO  c.s.b.controllers.CustomerController     ::-> CustomerController::getCustomerDetailsByCustomerId CustomerController::getCustomerDetailsByCustomerId
>22-09-2024 08:30:00 [http-nio-8081-exec-1] INFO  c.s.bankingApp.services.AccountService   ::-> AccountService::getAccountByAccountNumber AccountService::getAccountByAccountNumber
>22-09-2024 08:30:07 [http-nio-8081-exec-10] INFO  c.s.b.controllers.AccountController      ::-> AccountController::addBeneficiaryToAccount:: AccountController::addBeneficiaryToAccount::
>22-09-2024 08:30:07 [http-nio-8081-exec-10] INFO  c.s.b.controllers.AccountController      ::-> com.sukrutha.bankingApp.entities.Beneficiary@1e5b464a com.sukrutha.bankingApp.entities.Beneficiary@1e5b464a
>22-09-2024 08:30:07 [http-nio-8081-exec-10] INFO  c.s.bankingApp.services.AccountService   ::-> AccountService::addBeneficiaryToAccount AccountService::addBeneficiaryToAccount
>22-09-2024 08:30:07 [http-nio-8081-exec-10] INFO  c.s.bankingApp.services.AccountService   ::-> AccountService::getAccountByAccountNumber AccountService::getAccountByAccountNumber
>22-09-2024 08:30:07 [http-nio-8081-exec-10] INFO  c.s.b.services.BeneficiaryService        ::-> BeneficiaryService::getBeneficiaryByBeneficiaryAccountNumber BeneficiaryService::getBeneficiaryByBeneficiaryAccountNumber
>22-09-2024 08:30:07 [http-nio-8081-exec-10] INFO  c.s.bankingApp.services.AccountService   ::-> AccountService:updateAccount AccountService:updateAccount
>22-09-2024 08:30:07 [http-nio-8081-exec-10] INFO  c.s.b.services.BeneficiaryService        ::-> BeneficiaryService updateBeneficiary BeneficiaryService updateBeneficiary
>22-09-2024 08:30:07 [http-nio-8081-exec-9] INFO  c.s.b.controllers.BankController         ::-> AccountController::getAccountByAccountNumber AccountController::getAccountByAccountNumber
>22-09-2024 08:30:07 [http-nio-8081-exec-9] INFO  c.s.bankingApp.services.BankService      ::-> BankService::getBankDetails BankService::getBankDetails
>22-09-2024 08:30:07 [http-nio-8081-exec-3] INFO  c.s.b.controllers.CustomerController     ::-> CustomerController::getCustomerDetailsByCustomerId CustomerController::getCustomerDetailsByCustomerId
>22-09-2024 08:30:07 [http-nio-8081-exec-7] INFO  c.s.b.controllers.AccountController      ::-> AccountController::getAccountByAccountNumber AccountController::getAccountByAccountNumber
>22-09-2024 08:30:07 [http-nio-8081-exec-7] INFO  c.s.bankingApp.services.AccountService   ::-> AccountService::getAccountByAccountNumber AccountService::getAccountByAccountNumber
>22-09-2024 08:30:16 [http-nio-8081-exec-8] INFO  c.s.b.controllers.AccountController      ::-> AccountController::deleteBeneficiaryFromAccount:: AccountController::deleteBeneficiaryFromAccount::
>22-09-2024 08:30:16 [http-nio-8081-exec-8] INFO  c.s.b.controllers.AccountController      ::-> 468d951a-ea7f-4e9b-a503-0a9a0328295a 468d951a-ea7f-4e9b-a503-0a9a0328295a
>22-09-2024 08:30:16 [http-nio-8081-exec-8] INFO  c.s.bankingApp.services.AccountService   ::-> AccountService::addBeneficiaryToAccount AccountService::addBeneficiaryToAccount
>22-09-2024 08:30:16 [http-nio-8081-exec-8] INFO  c.s.bankingApp.services.AccountService   ::-> AccountService::getAccountByAccountNumber AccountService::getAccountByAccountNumber
>22-09-2024 08:30:16 [http-nio-8081-exec-8] INFO  c.s.b.services.BeneficiaryService        ::-> BeneficiaryService::getBeneficiaryById 468d951a-ea7f-4e9b-a503-0a9a0328295a BeneficiaryService::getBeneficiaryById 468d951a-ea7f-4e9b-a503-0a9a0328295a
>22-09-2024 08:30:16 [http-nio-8081-exec-8] INFO  c.s.bankingApp.services.AccountService   ::-> AcountService::isBeneficiaryExistsInAccount AcountService::isBeneficiaryExistsInAccount
>22-09-2024 08:30:16 [http-nio-8081-exec-8] INFO  c.s.bankingApp.services.AccountService   ::-> beneficiary exists in account beneficiary exists in account
>22-09-2024 08:30:16 [http-nio-8081-exec-8] INFO  c.s.bankingApp.services.AccountService   ::-> beneficiary deleted successfully from account beneficiary deleted successfully from account
>22-09-2024 08:30:16 [http-nio-8081-exec-6] INFO  c.s.b.controllers.AccountController      ::-> AccountController::getAccountByAccountNumber AccountController::getAccountByAccountNumber
>22-09-2024 08:30:16 [http-nio-8081-exec-6] INFO  c.s.bankingApp.services.AccountService   ::-> AccountService::getAccountByAccountNumber AccountService::getAccountByAccountNumber
>22-09-2024 08:31:56 [http-nio-8081-exec-4] INFO  c.s.b.controllers.AccountController      ::-> AccountController::addBeneficiaryToAccount:: AccountController::addBeneficiaryToAccount::
>22-09-2024 08:31:56 [http-nio-8081-exec-4] INFO  c.s.b.controllers.AccountController      ::-> com.sukrutha.bankingApp.entities.Beneficiary@3dc477e6 com.sukrutha.bankingApp.entities.Beneficiary@3dc477e6
>22-09-2024 08:31:56 [http-nio-8081-exec-4] INFO  c.s.bankingApp.services.AccountService   ::-> AccountService::addBeneficiaryToAccount AccountService::addBeneficiaryToAccount
>22-09-2024 08:31:56 [http-nio-8081-exec-4] INFO  c.s.bankingApp.services.AccountService   ::-> AccountService::getAccountByAccountNumber AccountService::getAccountByAccountNumber
>22-09-2024 08:31:56 [http-nio-8081-exec-4] INFO  c.s.b.services.BeneficiaryService        ::-> BeneficiaryService::getBeneficiaryByBeneficiaryAccountNumber BeneficiaryService::getBeneficiaryByBeneficiaryAccountNumber
>22-09-2024 08:31:56 [http-nio-8081-exec-4] INFO  c.s.bankingApp.services.AccountService   ::-> AccountService:updateAccount AccountService:updateAccount
>22-09-2024 08:31:56 [http-nio-8081-exec-4] INFO  c.s.b.services.BeneficiaryService        ::-> BeneficiaryService updateBeneficiary BeneficiaryService updateBeneficiary
>22-09-2024 08:31:56 [http-nio-8081-exec-10] INFO  c.s.b.controllers.BankController         ::-> AccountController::getAccountByAccountNumber AccountController::getAccountByAccountNumber
>22-09-2024 08:31:56 [http-nio-8081-exec-10] INFO  c.s.bankingApp.services.BankService      ::-> BankService::getBankDetails BankService::getBankDetails
>22-09-2024 08:31:56 [http-nio-8081-exec-9] INFO  c.s.b.controllers.CustomerController     ::-> CustomerController::getCustomerDetailsByCustomerId CustomerController::getCustomerDetailsByCustomerId
>22-09-2024 08:31:56 [http-nio-8081-exec-7] INFO  c.s.b.controllers.AccountController      ::-> AccountController::getAccountByAccountNumber AccountController::getAccountByAccountNumber
>22-09-2024 08:31:56 [http-nio-8081-exec-7] INFO  c.s.bankingApp.services.AccountService   ::-> AccountService::getAccountByAccountNumber AccountService::getAccountByAccountNumber
>22-09-2024 08:32:07 [http-nio-8081-exec-3] INFO  c.s.b.controllers.AccountController      ::-> AccountController::deleteBeneficiaryFromAccount:: AccountController::deleteBeneficiaryFromAccount::
>22-09-2024 08:32:07 [http-nio-8081-exec-3] INFO  c.s.b.controllers.AccountController      ::-> 468d951a-ea7f-4e9b-a503-0a9a0328295a 468d951a-ea7f-4e9b-a503-0a9a0328295a
>22-09-2024 08:32:07 [http-nio-8081-exec-3] INFO  c.s.bankingApp.services.AccountService   ::-> AccountService::addBeneficiaryToAccount AccountService::addBeneficiaryToAccount
>22-09-2024 08:32:07 [http-nio-8081-exec-3] INFO  c.s.bankingApp.services.AccountService   ::-> AccountService::getAccountByAccountNumber AccountService::getAccountByAccountNumber
>22-09-2024 08:32:07 [http-nio-8081-exec-3] INFO  c.s.b.services.BeneficiaryService        ::-> BeneficiaryService::getBeneficiaryById 468d951a-ea7f-4e9b-a503-0a9a0328295a BeneficiaryService::getBeneficiaryById 468d951a-ea7f-4e9b-a503-0a9a0328295a
>22-09-2024 08:32:07 [http-nio-8081-exec-3] INFO  c.s.bankingApp.services.AccountService   ::-> AcountService::isBeneficiaryExistsInAccount AcountService::isBeneficiaryExistsInAccount
>22-09-2024 08:32:07 [http-nio-8081-exec-3] INFO  c.s.bankingApp.services.AccountService   ::-> beneficiary exists in account beneficiary exists in account
>22-09-2024 08:32:07 [http-nio-8081-exec-3] INFO  c.s.bankingApp.services.AccountService   ::-> beneficiary deleted successfully from account beneficiary deleted successfully from account
>22-09-2024 08:32:07 [http-nio-8081-exec-8] INFO  c.s.b.controllers.AccountController      ::-> AccountController::getAccountByAccountNumber AccountController::getAccountByAccountNumber
>22-09-2024 08:32:07 [http-nio-8081-exec-8] INFO  c.s.bankingApp.services.AccountService   ::-> AccountService::getAccountByAccountNumber AccountService::getAccountByAccountNumber
>22-09-2024 08:32:41 [http-nio-8081-exec-6] INFO  c.s.b.controllers.BankController         ::-> AccountController::getAccountByAccountNumber AccountController::getAccountByAccountNumber
>22-09-2024 08:32:41 [http-nio-8081-exec-6] INFO  c.s.bankingApp.services.BankService      ::-> BankService::getBankDetails BankService::getBankDetails
>22-09-2024 08:32:41 [http-nio-8081-exec-2] INFO  c.s.b.controllers.AccountController      ::-> AccountController::getAccountByAccountNumber AccountController::getAccountByAccountNumber
>22-09-2024 08:32:41 [http-nio-8081-exec-5] INFO  c.s.b.controllers.CustomerController     ::-> CustomerController::getCustomerDetailsByCustomerId CustomerController::getCustomerDetailsByCustomerId
>22-09-2024 08:32:41 [http-nio-8081-exec-2] INFO  c.s.bankingApp.services.AccountService   ::-> AccountService::getAccountByAccountNumber AccountService::getAccountByAccountNumber
>22-09-2024 08:32:50 [http-nio-8081-exec-1] INFO  c.s.b.controllers.AccountController      ::-> AccountController::addBeneficiaryToAccount:: AccountController::addBeneficiaryToAccount::
>22-09-2024 08:32:50 [http-nio-8081-exec-1] INFO  c.s.b.controllers.AccountController      ::-> com.sukrutha.bankingApp.entities.Beneficiary@4454fb99 com.sukrutha.bankingApp.entities.Beneficiary@4454fb99
>22-09-2024 08:32:50 [http-nio-8081-exec-1] INFO  c.s.bankingApp.services.AccountService   ::-> AccountService::addBeneficiaryToAccount AccountService::addBeneficiaryToAccount
>22-09-2024 08:32:50 [http-nio-8081-exec-1] INFO  c.s.bankingApp.services.AccountService   ::-> AccountService::getAccountByAccountNumber AccountService::getAccountByAccountNumber
>22-09-2024 08:32:50 [http-nio-8081-exec-1] INFO  c.s.b.services.BeneficiaryService        ::-> BeneficiaryService::getBeneficiaryByBeneficiaryAccountNumber BeneficiaryService::getBeneficiaryByBeneficiaryAccountNumber
>22-09-2024 08:32:50 [http-nio-8081-exec-1] INFO  c.s.bankingApp.services.AccountService   ::-> AccountService:updateAccount AccountService:updateAccount
>22-09-2024 08:32:50 [http-nio-8081-exec-1] INFO  c.s.b.services.BeneficiaryService        ::-> BeneficiaryService updateBeneficiary BeneficiaryService updateBeneficiary
>22-09-2024 08:32:50 [http-nio-8081-exec-4] INFO  c.s.b.controllers.BankController         ::-> AccountController::getAccountByAccountNumber AccountController::getAccountByAccountNumber
>22-09-2024 08:32:50 [http-nio-8081-exec-4] INFO  c.s.bankingApp.services.BankService      ::-> BankService::getBankDetails BankService::getBankDetails
>22-09-2024 08:32:50 [http-nio-8081-exec-10] INFO  c.s.b.controllers.CustomerController     ::-> CustomerController::getCustomerDetailsByCustomerId CustomerController::getCustomerDetailsByCustomerId
>22-09-2024 08:32:50 [http-nio-8081-exec-7] INFO  c.s.b.controllers.AccountController      ::-> AccountController::getAccountByAccountNumber AccountController::getAccountByAccountNumber
>22-09-2024 08:32:50 [http-nio-8081-exec-7] INFO  c.s.bankingApp.services.AccountService   ::-> AccountService::getAccountByAccountNumber AccountService::getAccountByAccountNumber
>22-09-2024 08:32:54 [http-nio-8081-exec-9] INFO  c.s.b.controllers.AccountController      ::-> AccountController::deleteBeneficiaryFromAccount:: AccountController::deleteBeneficiaryFromAccount::
>22-09-2024 08:32:54 [http-nio-8081-exec-9] INFO  c.s.b.controllers.AccountController      ::-> 468d951a-ea7f-4e9b-a503-0a9a0328295a 468d951a-ea7f-4e9b-a503-0a9a0328295a
>22-09-2024 08:32:54 [http-nio-8081-exec-9] INFO  c.s.bankingApp.services.AccountService   ::-> AccountService::addBeneficiaryToAccount AccountService::addBeneficiaryToAccount
>22-09-2024 08:32:54 [http-nio-8081-exec-9] INFO  c.s.bankingApp.services.AccountService   ::-> AccountService::getAccountByAccountNumber AccountService::getAccountByAccountNumber
>22-09-2024 08:32:54 [http-nio-8081-exec-9] INFO  c.s.b.services.BeneficiaryService        ::-> BeneficiaryService::getBeneficiaryById 468d951a-ea7f-4e9b-a503-0a9a0328295a BeneficiaryService::getBeneficiaryById 468d951a-ea7f-4e9b-a503-0a9a0328295a
>22-09-2024 08:32:54 [http-nio-8081-exec-9] INFO  c.s.bankingApp.services.AccountService   ::-> AcountService::isBeneficiaryExistsInAccount AcountService::isBeneficiaryExistsInAccount
>22-09-2024 08:32:54 [http-nio-8081-exec-9] INFO  c.s.bankingApp.services.AccountService   ::-> beneficiary exists in account beneficiary exists in account
>22-09-2024 08:32:54 [http-nio-8081-exec-9] INFO  c.s.bankingApp.services.AccountService   ::-> beneficiary deleted successfully from account beneficiary deleted successfully from account
>22-09-2024 08:32:54 [http-nio-8081-exec-3] INFO  c.s.b.controllers.AccountController      ::-> AccountController::getAccountByAccountNumber AccountController::getAccountByAccountNumber
>22-09-2024 08:32:54 [http-nio-8081-exec-3] INFO  c.s.bankingApp.services.AccountService   ::-> AccountService::getAccountByAccountNumber AccountService::getAccountByAccountNumber
>22-09-2024 08:33:58 [http-nio-8081-exec-5] INFO  c.s.b.controllers.BankController         ::-> AccountController::getAccountByAccountNumber AccountController::getAccountByAccountNumber
>22-09-2024 08:33:58 [http-nio-8081-exec-5] INFO  c.s.bankingApp.services.BankService      ::-> BankService::getBankDetails BankService::getBankDetails
>22-09-2024 08:33:58 [http-nio-8081-exec-1] INFO  c.s.b.controllers.CustomerController     ::-> CustomerController::getCustomerDetailsByCustomerId CustomerController::getCustomerDetailsByCustomerId
>22-09-2024 08:33:58 [http-nio-8081-exec-4] INFO  c.s.b.controllers.AccountController      ::-> AccountController::getAccountByAccountNumber AccountController::getAccountByAccountNumber
>22-09-2024 08:33:58 [http-nio-8081-exec-4] INFO  c.s.bankingApp.services.AccountService   ::-> AccountService::getAccountByAccountNumber AccountService::getAccountByAccountNumber
>22-09-2024 08:46:05 [http-nio-8081-exec-3] INFO  c.s.b.controllers.BankController         ::-> AccountController::getAccountByAccountNumber AccountController::getAccountByAccountNumber
>22-09-2024 08:46:05 [http-nio-8081-exec-3] INFO  c.s.bankingApp.services.BankService      ::-> BankService::getBankDetails BankService::getBankDetails
>22-09-2024 08:46:05 [http-nio-8081-exec-8] INFO  c.s.b.controllers.CustomerController     ::-> CustomerController::getCustomerDetailsByCustomerId CustomerController::getCustomerDetailsByCustomerId
>22-09-2024 08:46:05 [http-nio-8081-exec-6] INFO  c.s.b.controllers.AccountController      ::-> AccountController::getAccountByAccountNumber AccountController::getAccountByAccountNumber
>22-09-2024 08:46:05 [http-nio-8081-exec-6] INFO  c.s.bankingApp.services.AccountService   ::-> AccountService::getAccountByAccountNumber AccountService::getAccountByAccountNumber
>22-09-2024 08:48:16 [RMI TCP Connection(103)-127.0.0.1] INFO  o.s.b.a.SpringApplicationAdminMXBeanRegistrar$SpringApplicationAdmin ::-> Application shutdown requested. Application shutdown requested.
>22-09-2024 08:48:16 [RMI TCP Connection(103)-127.0.0.1] INFO  o.s.o.j.LocalContainerEntityManagerFactoryBean ::-> Closing JPA EntityManagerFactory for persistence unit 'default' Closing JPA EntityManagerFactory for persistence unit 'default'
>22-09-2024 08:48:16 [RMI TCP Connection(103)-127.0.0.1] INFO  com.zaxxer.hikari.HikariDataSource       ::-> HikariPool-1 - Shutdown initiated... HikariPool-1 - Shutdown initiated...
>22-09-2024 08:48:16 [RMI TCP Connection(103)-127.0.0.1] INFO  com.zaxxer.hikari.HikariDataSource       ::-> HikariPool-1 - Shutdown completed. HikariPool-1 - Shutdown completed.
