>31-08-2024 09:58:36 [restartedMain] INFO  c.s.bankingApp.BankingAppApplication     ::-> Starting BankingAppApplication using Java 21.0.3 with PID 12704 (C:\banking_app\BankingApp\target\classes started by sukru in C:\banking_app\BankingApp) Starting BankingAppApplication using Java 21.0.3 with PID 12704 (C:\banking_app\BankingApp\target\classes started by sukru in C:\banking_app\BankingApp)
>31-08-2024 09:58:36 [restartedMain] INFO  c.s.bankingApp.BankingAppApplication     ::-> No active profile set, falling back to 1 default profile: "default" No active profile set, falling back to 1 default profile: "default"
>31-08-2024 09:58:36 [restartedMain] INFO  o.s.d.r.c.RepositoryConfigurationDelegate ::-> Bootstrapping Spring Data JPA repositories in DEFAULT mode. Bootstrapping Spring Data JPA repositories in DEFAULT mode.
>31-08-2024 09:58:36 [restartedMain] INFO  o.s.d.r.c.RepositoryConfigurationDelegate ::-> Finished Spring Data repository scanning in 1 ms. Found 0 JPA repository interfaces. Finished Spring Data repository scanning in 1 ms. Found 0 JPA repository interfaces.
>31-08-2024 09:58:36 [restartedMain] INFO  o.s.b.w.embedded.tomcat.TomcatWebServer  ::-> Tomcat initialized with port 8081 (http) Tomcat initialized with port 8081 (http)
>31-08-2024 09:58:36 [restartedMain] INFO  o.apache.catalina.core.StandardService   ::-> Starting service [Tomcat] Starting service [Tomcat]
>31-08-2024 09:58:36 [restartedMain] INFO  org.apache.catalina.core.StandardEngine  ::-> Starting Servlet engine: [Apache Tomcat/10.1.28] Starting Servlet engine: [Apache Tomcat/10.1.28]
>31-08-2024 09:58:36 [restartedMain] INFO  o.a.c.c.C.[.[localhost].[/bankingapp]    ::-> Initializing Spring embedded WebApplicationContext Initializing Spring embedded WebApplicationContext
>31-08-2024 09:58:36 [restartedMain] INFO  o.s.b.w.s.c.ServletWebServerApplicationContext ::-> Root WebApplicationContext: initialization completed in 150 ms Root WebApplicationContext: initialization completed in 150 ms
>31-08-2024 09:58:36 [restartedMain] INFO  o.hibernate.jpa.internal.util.LogHelper  ::-> HHH000204: Processing PersistenceUnitInfo [name: default] HHH000204: Processing PersistenceUnitInfo [name: default]
>31-08-2024 09:58:36 [restartedMain] INFO  o.h.c.internal.RegionFactoryInitiator    ::-> HHH000026: Second-level cache disabled HHH000026: Second-level cache disabled
>31-08-2024 09:58:36 [restartedMain] INFO  o.s.o.j.p.SpringPersistenceUnitInfo      ::-> No LoadTimeWeaver setup: ignoring JPA class transformer No LoadTimeWeaver setup: ignoring JPA class transformer
>31-08-2024 09:58:36 [restartedMain] INFO  com.zaxxer.hikari.HikariDataSource       ::-> HikariPool-5 - Starting... HikariPool-5 - Starting...
>31-08-2024 09:58:36 [restartedMain] INFO  com.zaxxer.hikari.pool.HikariPool        ::-> HikariPool-5 - Added connection com.mysql.cj.jdbc.ConnectionImpl@34bf93a7 HikariPool-5 - Added connection com.mysql.cj.jdbc.ConnectionImpl@34bf93a7
>31-08-2024 09:58:36 [restartedMain] INFO  com.zaxxer.hikari.HikariDataSource       ::-> HikariPool-5 - Start completed. HikariPool-5 - Start completed.
>31-08-2024 09:58:36 [restartedMain] WARN  org.hibernate.orm.deprecation            ::-> HHH90000025: MySQLDialect does not need to be specified explicitly using 'hibernate.dialect' (remove the property setting and it will be selected by default) HHH90000025: MySQLDialect does not need to be specified explicitly using 'hibernate.dialect' (remove the property setting and it will be selected by default)
>31-08-2024 09:58:36 [restartedMain] INFO  o.h.e.t.j.p.i.JtaPlatformInitiator       ::-> HHH000489: No JTA platform available (set 'hibernate.transaction.jta.platform' to enable JTA platform integration) HHH000489: No JTA platform available (set 'hibernate.transaction.jta.platform' to enable JTA platform integration)
>31-08-2024 09:58:36 [restartedMain] INFO  o.s.o.j.LocalContainerEntityManagerFactoryBean ::-> Initialized JPA EntityManagerFactory for persistence unit 'default' Initialized JPA EntityManagerFactory for persistence unit 'default'
>31-08-2024 09:58:36 [restartedMain] WARN  o.s.b.a.o.j.JpaBaseConfiguration$JpaWebConfiguration ::-> spring.jpa.open-in-view is enabled by default. Therefore, database queries may be performed during view rendering. Explicitly configure spring.jpa.open-in-view to disable this warning spring.jpa.open-in-view is enabled by default. Therefore, database queries may be performed during view rendering. Explicitly configure spring.jpa.open-in-view to disable this warning
>31-08-2024 09:58:36 [restartedMain] INFO  o.s.b.d.a.OptionalLiveReloadServer       ::-> LiveReload server is running on port 35729 LiveReload server is running on port 35729
>31-08-2024 09:58:37 [restartedMain] INFO  o.s.b.w.embedded.tomcat.TomcatWebServer  ::-> Tomcat started on port 8081 (http) with context path '/bankingapp' Tomcat started on port 8081 (http) with context path '/bankingapp'
>31-08-2024 09:58:37 [restartedMain] INFO  c.s.bankingApp.BankingAppApplication     ::-> Started BankingAppApplication in 0.302 seconds (process running for 282.542) Started BankingAppApplication in 0.302 seconds (process running for 282.542)
>31-08-2024 09:58:37 [restartedMain] INFO  o.s.b.d.a.ConditionEvaluationDeltaLoggingListener ::-> Condition evaluation unchanged Condition evaluation unchanged
>31-08-2024 09:59:00 [File Watcher] INFO  o.s.b.d.a.LocalDevToolsAutoConfiguration$RestartingClassPathChangeChangedEventListener ::-> Restarting due to 1 class path change (0 additions, 0 deletions, 1 modification) Restarting due to 1 class path change (0 additions, 0 deletions, 1 modification)
>31-08-2024 09:59:00 [Thread-19] INFO  o.s.o.j.LocalContainerEntityManagerFactoryBean ::-> Closing JPA EntityManagerFactory for persistence unit 'default' Closing JPA EntityManagerFactory for persistence unit 'default'
>31-08-2024 09:59:00 [Thread-19] INFO  com.zaxxer.hikari.HikariDataSource       ::-> HikariPool-5 - Shutdown initiated... HikariPool-5 - Shutdown initiated...
>31-08-2024 09:59:00 [Thread-19] INFO  com.zaxxer.hikari.HikariDataSource       ::-> HikariPool-5 - Shutdown completed. HikariPool-5 - Shutdown completed.
>31-08-2024 09:59:00 [restartedMain] INFO  c.s.bankingApp.BankingAppApplication     ::-> Starting BankingAppApplication using Java 21.0.3 with PID 12704 (C:\banking_app\BankingApp\target\classes started by sukru in C:\banking_app\BankingApp) Starting BankingAppApplication using Java 21.0.3 with PID 12704 (C:\banking_app\BankingApp\target\classes started by sukru in C:\banking_app\BankingApp)
>31-08-2024 09:59:00 [restartedMain] INFO  c.s.bankingApp.BankingAppApplication     ::-> No active profile set, falling back to 1 default profile: "default" No active profile set, falling back to 1 default profile: "default"
>31-08-2024 09:59:00 [restartedMain] INFO  o.s.d.r.c.RepositoryConfigurationDelegate ::-> Bootstrapping Spring Data JPA repositories in DEFAULT mode. Bootstrapping Spring Data JPA repositories in DEFAULT mode.
>31-08-2024 09:59:00 [restartedMain] INFO  o.s.d.r.c.RepositoryConfigurationDelegate ::-> Finished Spring Data repository scanning in 1 ms. Found 0 JPA repository interfaces. Finished Spring Data repository scanning in 1 ms. Found 0 JPA repository interfaces.
>31-08-2024 09:59:01 [restartedMain] INFO  o.s.b.w.embedded.tomcat.TomcatWebServer  ::-> Tomcat initialized with port 8081 (http) Tomcat initialized with port 8081 (http)
>31-08-2024 09:59:01 [restartedMain] INFO  o.apache.catalina.core.StandardService   ::-> Starting service [Tomcat] Starting service [Tomcat]
>31-08-2024 09:59:01 [restartedMain] INFO  org.apache.catalina.core.StandardEngine  ::-> Starting Servlet engine: [Apache Tomcat/10.1.28] Starting Servlet engine: [Apache Tomcat/10.1.28]
>31-08-2024 09:59:01 [restartedMain] INFO  o.a.c.c.C.[.[localhost].[/bankingapp]    ::-> Initializing Spring embedded WebApplicationContext Initializing Spring embedded WebApplicationContext
>31-08-2024 09:59:01 [restartedMain] INFO  o.s.b.w.s.c.ServletWebServerApplicationContext ::-> Root WebApplicationContext: initialization completed in 167 ms Root WebApplicationContext: initialization completed in 167 ms
>31-08-2024 09:59:01 [restartedMain] INFO  o.hibernate.jpa.internal.util.LogHelper  ::-> HHH000204: Processing PersistenceUnitInfo [name: default] HHH000204: Processing PersistenceUnitInfo [name: default]
>31-08-2024 09:59:01 [restartedMain] INFO  o.h.c.internal.RegionFactoryInitiator    ::-> HHH000026: Second-level cache disabled HHH000026: Second-level cache disabled
>31-08-2024 09:59:01 [restartedMain] INFO  o.s.o.j.p.SpringPersistenceUnitInfo      ::-> No LoadTimeWeaver setup: ignoring JPA class transformer No LoadTimeWeaver setup: ignoring JPA class transformer
>31-08-2024 09:59:01 [restartedMain] INFO  com.zaxxer.hikari.HikariDataSource       ::-> HikariPool-6 - Starting... HikariPool-6 - Starting...
>31-08-2024 09:59:01 [restartedMain] INFO  com.zaxxer.hikari.pool.HikariPool        ::-> HikariPool-6 - Added connection com.mysql.cj.jdbc.ConnectionImpl@48317fb4 HikariPool-6 - Added connection com.mysql.cj.jdbc.ConnectionImpl@48317fb4
>31-08-2024 09:59:01 [restartedMain] INFO  com.zaxxer.hikari.HikariDataSource       ::-> HikariPool-6 - Start completed. HikariPool-6 - Start completed.
>31-08-2024 09:59:01 [restartedMain] WARN  org.hibernate.orm.deprecation            ::-> HHH90000025: MySQLDialect does not need to be specified explicitly using 'hibernate.dialect' (remove the property setting and it will be selected by default) HHH90000025: MySQLDialect does not need to be specified explicitly using 'hibernate.dialect' (remove the property setting and it will be selected by default)
>31-08-2024 09:59:01 [restartedMain] INFO  o.h.e.t.j.p.i.JtaPlatformInitiator       ::-> HHH000489: No JTA platform available (set 'hibernate.transaction.jta.platform' to enable JTA platform integration) HHH000489: No JTA platform available (set 'hibernate.transaction.jta.platform' to enable JTA platform integration)
>31-08-2024 09:59:01 [restartedMain] INFO  o.s.o.j.LocalContainerEntityManagerFactoryBean ::-> Initialized JPA EntityManagerFactory for persistence unit 'default' Initialized JPA EntityManagerFactory for persistence unit 'default'
>31-08-2024 09:59:01 [restartedMain] WARN  o.s.b.a.o.j.JpaBaseConfiguration$JpaWebConfiguration ::-> spring.jpa.open-in-view is enabled by default. Therefore, database queries may be performed during view rendering. Explicitly configure spring.jpa.open-in-view to disable this warning spring.jpa.open-in-view is enabled by default. Therefore, database queries may be performed during view rendering. Explicitly configure spring.jpa.open-in-view to disable this warning
>31-08-2024 09:59:01 [restartedMain] INFO  o.s.b.d.a.OptionalLiveReloadServer       ::-> LiveReload server is running on port 35729 LiveReload server is running on port 35729
>31-08-2024 09:59:01 [restartedMain] INFO  o.s.b.w.embedded.tomcat.TomcatWebServer  ::-> Tomcat started on port 8081 (http) with context path '/bankingapp' Tomcat started on port 8081 (http) with context path '/bankingapp'
>31-08-2024 09:59:01 [restartedMain] INFO  c.s.bankingApp.BankingAppApplication     ::-> Started BankingAppApplication in 0.32 seconds (process running for 306.724) Started BankingAppApplication in 0.32 seconds (process running for 306.724)
>31-08-2024 09:59:01 [restartedMain] INFO  o.s.b.d.a.ConditionEvaluationDeltaLoggingListener ::-> Condition evaluation unchanged Condition evaluation unchanged
>31-08-2024 09:59:13 [File Watcher] INFO  o.s.b.d.a.LocalDevToolsAutoConfiguration$RestartingClassPathChangeChangedEventListener ::-> Restarting due to 1 class path change (0 additions, 0 deletions, 1 modification) Restarting due to 1 class path change (0 additions, 0 deletions, 1 modification)
>31-08-2024 09:59:13 [Thread-23] INFO  o.s.o.j.LocalContainerEntityManagerFactoryBean ::-> Closing JPA EntityManagerFactory for persistence unit 'default' Closing JPA EntityManagerFactory for persistence unit 'default'
>31-08-2024 09:59:13 [Thread-23] INFO  com.zaxxer.hikari.HikariDataSource       ::-> HikariPool-6 - Shutdown initiated... HikariPool-6 - Shutdown initiated...
>31-08-2024 09:59:13 [Thread-23] INFO  com.zaxxer.hikari.HikariDataSource       ::-> HikariPool-6 - Shutdown completed. HikariPool-6 - Shutdown completed.
>31-08-2024 09:59:13 [restartedMain] INFO  c.s.bankingApp.BankingAppApplication     ::-> Starting BankingAppApplication using Java 21.0.3 with PID 12704 (C:\banking_app\BankingApp\target\classes started by sukru in C:\banking_app\BankingApp) Starting BankingAppApplication using Java 21.0.3 with PID 12704 (C:\banking_app\BankingApp\target\classes started by sukru in C:\banking_app\BankingApp)
>31-08-2024 09:59:13 [restartedMain] INFO  c.s.bankingApp.BankingAppApplication     ::-> No active profile set, falling back to 1 default profile: "default" No active profile set, falling back to 1 default profile: "default"
>31-08-2024 09:59:14 [restartedMain] INFO  o.s.d.r.c.RepositoryConfigurationDelegate ::-> Bootstrapping Spring Data JPA repositories in DEFAULT mode. Bootstrapping Spring Data JPA repositories in DEFAULT mode.
>31-08-2024 09:59:14 [restartedMain] INFO  o.s.d.r.c.RepositoryConfigurationDelegate ::-> Finished Spring Data repository scanning in 0 ms. Found 0 JPA repository interfaces. Finished Spring Data repository scanning in 0 ms. Found 0 JPA repository interfaces.
>31-08-2024 09:59:14 [restartedMain] INFO  o.s.b.w.embedded.tomcat.TomcatWebServer  ::-> Tomcat initialized with port 8081 (http) Tomcat initialized with port 8081 (http)
>31-08-2024 09:59:14 [restartedMain] INFO  o.apache.catalina.core.StandardService   ::-> Starting service [Tomcat] Starting service [Tomcat]
>31-08-2024 09:59:14 [restartedMain] INFO  org.apache.catalina.core.StandardEngine  ::-> Starting Servlet engine: [Apache Tomcat/10.1.28] Starting Servlet engine: [Apache Tomcat/10.1.28]
>31-08-2024 09:59:14 [restartedMain] INFO  o.a.c.c.C.[.[localhost].[/bankingapp]    ::-> Initializing Spring embedded WebApplicationContext Initializing Spring embedded WebApplicationContext
>31-08-2024 09:59:14 [restartedMain] INFO  o.s.b.w.s.c.ServletWebServerApplicationContext ::-> Root WebApplicationContext: initialization completed in 141 ms Root WebApplicationContext: initialization completed in 141 ms
>31-08-2024 09:59:14 [restartedMain] INFO  o.hibernate.jpa.internal.util.LogHelper  ::-> HHH000204: Processing PersistenceUnitInfo [name: default] HHH000204: Processing PersistenceUnitInfo [name: default]
>31-08-2024 09:59:14 [restartedMain] INFO  o.h.c.internal.RegionFactoryInitiator    ::-> HHH000026: Second-level cache disabled HHH000026: Second-level cache disabled
>31-08-2024 09:59:14 [restartedMain] INFO  o.s.o.j.p.SpringPersistenceUnitInfo      ::-> No LoadTimeWeaver setup: ignoring JPA class transformer No LoadTimeWeaver setup: ignoring JPA class transformer
>31-08-2024 09:59:14 [restartedMain] INFO  com.zaxxer.hikari.HikariDataSource       ::-> HikariPool-7 - Starting... HikariPool-7 - Starting...
>31-08-2024 09:59:14 [restartedMain] INFO  com.zaxxer.hikari.pool.HikariPool        ::-> HikariPool-7 - Added connection com.mysql.cj.jdbc.ConnectionImpl@5366410 HikariPool-7 - Added connection com.mysql.cj.jdbc.ConnectionImpl@5366410
>31-08-2024 09:59:14 [restartedMain] INFO  com.zaxxer.hikari.HikariDataSource       ::-> HikariPool-7 - Start completed. HikariPool-7 - Start completed.
>31-08-2024 09:59:14 [restartedMain] WARN  org.hibernate.orm.deprecation            ::-> HHH90000025: MySQLDialect does not need to be specified explicitly using 'hibernate.dialect' (remove the property setting and it will be selected by default) HHH90000025: MySQLDialect does not need to be specified explicitly using 'hibernate.dialect' (remove the property setting and it will be selected by default)
>31-08-2024 09:59:14 [restartedMain] INFO  o.h.e.t.j.p.i.JtaPlatformInitiator       ::-> HHH000489: No JTA platform available (set 'hibernate.transaction.jta.platform' to enable JTA platform integration) HHH000489: No JTA platform available (set 'hibernate.transaction.jta.platform' to enable JTA platform integration)
>31-08-2024 09:59:14 [restartedMain] INFO  o.s.o.j.LocalContainerEntityManagerFactoryBean ::-> Initialized JPA EntityManagerFactory for persistence unit 'default' Initialized JPA EntityManagerFactory for persistence unit 'default'
>31-08-2024 09:59:14 [restartedMain] WARN  o.s.b.a.o.j.JpaBaseConfiguration$JpaWebConfiguration ::-> spring.jpa.open-in-view is enabled by default. Therefore, database queries may be performed during view rendering. Explicitly configure spring.jpa.open-in-view to disable this warning spring.jpa.open-in-view is enabled by default. Therefore, database queries may be performed during view rendering. Explicitly configure spring.jpa.open-in-view to disable this warning
>31-08-2024 09:59:14 [restartedMain] INFO  o.s.b.d.a.OptionalLiveReloadServer       ::-> LiveReload server is running on port 35729 LiveReload server is running on port 35729
>31-08-2024 09:59:14 [restartedMain] INFO  o.s.b.w.embedded.tomcat.TomcatWebServer  ::-> Tomcat started on port 8081 (http) with context path '/bankingapp' Tomcat started on port 8081 (http) with context path '/bankingapp'
>31-08-2024 09:59:14 [restartedMain] INFO  c.s.bankingApp.BankingAppApplication     ::-> Started BankingAppApplication in 0.288 seconds (process running for 319.745) Started BankingAppApplication in 0.288 seconds (process running for 319.745)
>31-08-2024 09:59:14 [restartedMain] INFO  o.s.b.d.a.ConditionEvaluationDeltaLoggingListener ::-> Condition evaluation unchanged Condition evaluation unchanged
>31-08-2024 10:01:27 [File Watcher] INFO  o.s.b.d.a.LocalDevToolsAutoConfiguration$RestartingClassPathChangeChangedEventListener ::-> Restarting due to 1 class path change (1 addition, 0 deletions, 0 modifications) Restarting due to 1 class path change (1 addition, 0 deletions, 0 modifications)
>31-08-2024 10:01:27 [Thread-27] INFO  o.s.o.j.LocalContainerEntityManagerFactoryBean ::-> Closing JPA EntityManagerFactory for persistence unit 'default' Closing JPA EntityManagerFactory for persistence unit 'default'
>31-08-2024 10:01:27 [Thread-27] INFO  com.zaxxer.hikari.HikariDataSource       ::-> HikariPool-7 - Shutdown initiated... HikariPool-7 - Shutdown initiated...
>31-08-2024 10:01:27 [Thread-27] INFO  com.zaxxer.hikari.HikariDataSource       ::-> HikariPool-7 - Shutdown completed. HikariPool-7 - Shutdown completed.
>31-08-2024 10:01:27 [restartedMain] INFO  c.s.bankingApp.BankingAppApplication     ::-> Starting BankingAppApplication using Java 21.0.3 with PID 12704 (C:\banking_app\BankingApp\target\classes started by sukru in C:\banking_app\BankingApp) Starting BankingAppApplication using Java 21.0.3 with PID 12704 (C:\banking_app\BankingApp\target\classes started by sukru in C:\banking_app\BankingApp)
>31-08-2024 10:01:27 [restartedMain] INFO  c.s.bankingApp.BankingAppApplication     ::-> No active profile set, falling back to 1 default profile: "default" No active profile set, falling back to 1 default profile: "default"
>31-08-2024 10:01:27 [restartedMain] INFO  o.s.d.r.c.RepositoryConfigurationDelegate ::-> Bootstrapping Spring Data JPA repositories in DEFAULT mode. Bootstrapping Spring Data JPA repositories in DEFAULT mode.
>31-08-2024 10:01:27 [restartedMain] INFO  o.s.d.r.c.RepositoryConfigurationDelegate ::-> Finished Spring Data repository scanning in 0 ms. Found 0 JPA repository interfaces. Finished Spring Data repository scanning in 0 ms. Found 0 JPA repository interfaces.
>31-08-2024 10:01:27 [restartedMain] INFO  o.s.b.w.embedded.tomcat.TomcatWebServer  ::-> Tomcat initialized with port 8081 (http) Tomcat initialized with port 8081 (http)
>31-08-2024 10:01:27 [restartedMain] INFO  o.apache.catalina.core.StandardService   ::-> Starting service [Tomcat] Starting service [Tomcat]
>31-08-2024 10:01:27 [restartedMain] INFO  org.apache.catalina.core.StandardEngine  ::-> Starting Servlet engine: [Apache Tomcat/10.1.28] Starting Servlet engine: [Apache Tomcat/10.1.28]
>31-08-2024 10:01:27 [restartedMain] INFO  o.a.c.c.C.[.[localhost].[/bankingapp]    ::-> Initializing Spring embedded WebApplicationContext Initializing Spring embedded WebApplicationContext
>31-08-2024 10:01:27 [restartedMain] INFO  o.s.b.w.s.c.ServletWebServerApplicationContext ::-> Root WebApplicationContext: initialization completed in 165 ms Root WebApplicationContext: initialization completed in 165 ms
>31-08-2024 10:01:27 [restartedMain] INFO  o.hibernate.jpa.internal.util.LogHelper  ::-> HHH000204: Processing PersistenceUnitInfo [name: default] HHH000204: Processing PersistenceUnitInfo [name: default]
>31-08-2024 10:01:27 [restartedMain] INFO  o.h.c.internal.RegionFactoryInitiator    ::-> HHH000026: Second-level cache disabled HHH000026: Second-level cache disabled
>31-08-2024 10:01:27 [restartedMain] INFO  o.s.o.j.p.SpringPersistenceUnitInfo      ::-> No LoadTimeWeaver setup: ignoring JPA class transformer No LoadTimeWeaver setup: ignoring JPA class transformer
>31-08-2024 10:01:27 [restartedMain] INFO  com.zaxxer.hikari.HikariDataSource       ::-> HikariPool-8 - Starting... HikariPool-8 - Starting...
>31-08-2024 10:01:27 [restartedMain] INFO  com.zaxxer.hikari.pool.HikariPool        ::-> HikariPool-8 - Added connection com.mysql.cj.jdbc.ConnectionImpl@2f679fbe HikariPool-8 - Added connection com.mysql.cj.jdbc.ConnectionImpl@2f679fbe
>31-08-2024 10:01:27 [restartedMain] INFO  com.zaxxer.hikari.HikariDataSource       ::-> HikariPool-8 - Start completed. HikariPool-8 - Start completed.
>31-08-2024 10:01:27 [restartedMain] WARN  org.hibernate.orm.deprecation            ::-> HHH90000025: MySQLDialect does not need to be specified explicitly using 'hibernate.dialect' (remove the property setting and it will be selected by default) HHH90000025: MySQLDialect does not need to be specified explicitly using 'hibernate.dialect' (remove the property setting and it will be selected by default)
>31-08-2024 10:01:27 [restartedMain] INFO  o.h.e.t.j.p.i.JtaPlatformInitiator       ::-> HHH000489: No JTA platform available (set 'hibernate.transaction.jta.platform' to enable JTA platform integration) HHH000489: No JTA platform available (set 'hibernate.transaction.jta.platform' to enable JTA platform integration)
>31-08-2024 10:01:27 [restartedMain] INFO  o.s.o.j.LocalContainerEntityManagerFactoryBean ::-> Initialized JPA EntityManagerFactory for persistence unit 'default' Initialized JPA EntityManagerFactory for persistence unit 'default'
>31-08-2024 10:01:27 [restartedMain] WARN  o.s.b.a.o.j.JpaBaseConfiguration$JpaWebConfiguration ::-> spring.jpa.open-in-view is enabled by default. Therefore, database queries may be performed during view rendering. Explicitly configure spring.jpa.open-in-view to disable this warning spring.jpa.open-in-view is enabled by default. Therefore, database queries may be performed during view rendering. Explicitly configure spring.jpa.open-in-view to disable this warning
>31-08-2024 10:01:27 [restartedMain] INFO  o.s.b.d.a.OptionalLiveReloadServer       ::-> LiveReload server is running on port 35729 LiveReload server is running on port 35729
>31-08-2024 10:01:27 [restartedMain] INFO  o.s.b.w.embedded.tomcat.TomcatWebServer  ::-> Tomcat started on port 8081 (http) with context path '/bankingapp' Tomcat started on port 8081 (http) with context path '/bankingapp'
>31-08-2024 10:01:27 [restartedMain] INFO  c.s.bankingApp.BankingAppApplication     ::-> Started BankingAppApplication in 0.336 seconds (process running for 453.196) Started BankingAppApplication in 0.336 seconds (process running for 453.196)
>31-08-2024 10:01:27 [restartedMain] INFO  o.s.b.d.a.ConditionEvaluationDeltaLoggingListener ::-> Condition evaluation unchanged Condition evaluation unchanged
>31-08-2024 10:02:29 [File Watcher] INFO  o.s.b.d.a.LocalDevToolsAutoConfiguration$RestartingClassPathChangeChangedEventListener ::-> Restarting due to 1 class path change (0 additions, 0 deletions, 1 modification) Restarting due to 1 class path change (0 additions, 0 deletions, 1 modification)
>31-08-2024 10:02:29 [Thread-31] INFO  o.s.o.j.LocalContainerEntityManagerFactoryBean ::-> Closing JPA EntityManagerFactory for persistence unit 'default' Closing JPA EntityManagerFactory for persistence unit 'default'
>31-08-2024 10:02:29 [Thread-31] INFO  com.zaxxer.hikari.HikariDataSource       ::-> HikariPool-8 - Shutdown initiated... HikariPool-8 - Shutdown initiated...
>31-08-2024 10:02:29 [Thread-31] INFO  com.zaxxer.hikari.HikariDataSource       ::-> HikariPool-8 - Shutdown completed. HikariPool-8 - Shutdown completed.
>31-08-2024 10:02:29 [restartedMain] INFO  c.s.bankingApp.BankingAppApplication     ::-> Starting BankingAppApplication using Java 21.0.3 with PID 12704 (C:\banking_app\BankingApp\target\classes started by sukru in C:\banking_app\BankingApp) Starting BankingAppApplication using Java 21.0.3 with PID 12704 (C:\banking_app\BankingApp\target\classes started by sukru in C:\banking_app\BankingApp)
>31-08-2024 10:02:29 [restartedMain] INFO  c.s.bankingApp.BankingAppApplication     ::-> No active profile set, falling back to 1 default profile: "default" No active profile set, falling back to 1 default profile: "default"
>31-08-2024 10:02:29 [restartedMain] INFO  o.s.d.r.c.RepositoryConfigurationDelegate ::-> Bootstrapping Spring Data JPA repositories in DEFAULT mode. Bootstrapping Spring Data JPA repositories in DEFAULT mode.
>31-08-2024 10:02:29 [restartedMain] INFO  o.s.d.r.c.RepositoryConfigurationDelegate ::-> Finished Spring Data repository scanning in 0 ms. Found 0 JPA repository interfaces. Finished Spring Data repository scanning in 0 ms. Found 0 JPA repository interfaces.
>31-08-2024 10:02:29 [restartedMain] INFO  o.s.b.w.embedded.tomcat.TomcatWebServer  ::-> Tomcat initialized with port 8081 (http) Tomcat initialized with port 8081 (http)
>31-08-2024 10:02:29 [restartedMain] INFO  o.apache.catalina.core.StandardService   ::-> Starting service [Tomcat] Starting service [Tomcat]
>31-08-2024 10:02:29 [restartedMain] INFO  org.apache.catalina.core.StandardEngine  ::-> Starting Servlet engine: [Apache Tomcat/10.1.28] Starting Servlet engine: [Apache Tomcat/10.1.28]
>31-08-2024 10:02:29 [restartedMain] INFO  o.a.c.c.C.[.[localhost].[/bankingapp]    ::-> Initializing Spring embedded WebApplicationContext Initializing Spring embedded WebApplicationContext
>31-08-2024 10:02:29 [restartedMain] INFO  o.s.b.w.s.c.ServletWebServerApplicationContext ::-> Root WebApplicationContext: initialization completed in 150 ms Root WebApplicationContext: initialization completed in 150 ms
>31-08-2024 10:02:30 [restartedMain] INFO  o.hibernate.jpa.internal.util.LogHelper  ::-> HHH000204: Processing PersistenceUnitInfo [name: default] HHH000204: Processing PersistenceUnitInfo [name: default]
>31-08-2024 10:02:30 [restartedMain] INFO  o.h.c.internal.RegionFactoryInitiator    ::-> HHH000026: Second-level cache disabled HHH000026: Second-level cache disabled
>31-08-2024 10:02:30 [restartedMain] INFO  o.s.o.j.p.SpringPersistenceUnitInfo      ::-> No LoadTimeWeaver setup: ignoring JPA class transformer No LoadTimeWeaver setup: ignoring JPA class transformer
>31-08-2024 10:02:30 [restartedMain] INFO  com.zaxxer.hikari.HikariDataSource       ::-> HikariPool-9 - Starting... HikariPool-9 - Starting...
>31-08-2024 10:02:30 [restartedMain] INFO  com.zaxxer.hikari.pool.HikariPool        ::-> HikariPool-9 - Added connection com.mysql.cj.jdbc.ConnectionImpl@78ab7c5 HikariPool-9 - Added connection com.mysql.cj.jdbc.ConnectionImpl@78ab7c5
>31-08-2024 10:02:30 [restartedMain] INFO  com.zaxxer.hikari.HikariDataSource       ::-> HikariPool-9 - Start completed. HikariPool-9 - Start completed.
>31-08-2024 10:02:30 [restartedMain] WARN  org.hibernate.orm.deprecation            ::-> HHH90000025: MySQLDialect does not need to be specified explicitly using 'hibernate.dialect' (remove the property setting and it will be selected by default) HHH90000025: MySQLDialect does not need to be specified explicitly using 'hibernate.dialect' (remove the property setting and it will be selected by default)
>31-08-2024 10:02:30 [restartedMain] INFO  o.h.e.t.j.p.i.JtaPlatformInitiator       ::-> HHH000489: No JTA platform available (set 'hibernate.transaction.jta.platform' to enable JTA platform integration) HHH000489: No JTA platform available (set 'hibernate.transaction.jta.platform' to enable JTA platform integration)
>31-08-2024 10:02:30 [restartedMain] INFO  o.s.o.j.LocalContainerEntityManagerFactoryBean ::-> Initialized JPA EntityManagerFactory for persistence unit 'default' Initialized JPA EntityManagerFactory for persistence unit 'default'
>31-08-2024 10:02:30 [restartedMain] WARN  o.s.b.a.o.j.JpaBaseConfiguration$JpaWebConfiguration ::-> spring.jpa.open-in-view is enabled by default. Therefore, database queries may be performed during view rendering. Explicitly configure spring.jpa.open-in-view to disable this warning spring.jpa.open-in-view is enabled by default. Therefore, database queries may be performed during view rendering. Explicitly configure spring.jpa.open-in-view to disable this warning
>31-08-2024 10:02:30 [restartedMain] INFO  o.s.b.d.a.OptionalLiveReloadServer       ::-> LiveReload server is running on port 35729 LiveReload server is running on port 35729
>31-08-2024 10:02:30 [restartedMain] INFO  o.s.b.w.embedded.tomcat.TomcatWebServer  ::-> Tomcat started on port 8081 (http) with context path '/bankingapp' Tomcat started on port 8081 (http) with context path '/bankingapp'
>31-08-2024 10:02:30 [restartedMain] INFO  c.s.bankingApp.BankingAppApplication     ::-> Started BankingAppApplication in 0.298 seconds (process running for 515.669) Started BankingAppApplication in 0.298 seconds (process running for 515.669)
>31-08-2024 10:02:30 [restartedMain] INFO  o.s.b.d.a.ConditionEvaluationDeltaLoggingListener ::-> Condition evaluation unchanged Condition evaluation unchanged
>31-08-2024 10:02:35 [File Watcher] INFO  o.s.b.d.a.LocalDevToolsAutoConfiguration$RestartingClassPathChangeChangedEventListener ::-> Restarting due to 1 class path change (0 additions, 0 deletions, 1 modification) Restarting due to 1 class path change (0 additions, 0 deletions, 1 modification)
>31-08-2024 10:02:35 [Thread-35] INFO  o.s.o.j.LocalContainerEntityManagerFactoryBean ::-> Closing JPA EntityManagerFactory for persistence unit 'default' Closing JPA EntityManagerFactory for persistence unit 'default'
>31-08-2024 10:02:35 [Thread-35] INFO  com.zaxxer.hikari.HikariDataSource       ::-> HikariPool-9 - Shutdown initiated... HikariPool-9 - Shutdown initiated...
>31-08-2024 10:02:35 [Thread-35] INFO  com.zaxxer.hikari.HikariDataSource       ::-> HikariPool-9 - Shutdown completed. HikariPool-9 - Shutdown completed.
>31-08-2024 10:02:35 [restartedMain] INFO  c.s.bankingApp.BankingAppApplication     ::-> Starting BankingAppApplication using Java 21.0.3 with PID 12704 (C:\banking_app\BankingApp\target\classes started by sukru in C:\banking_app\BankingApp) Starting BankingAppApplication using Java 21.0.3 with PID 12704 (C:\banking_app\BankingApp\target\classes started by sukru in C:\banking_app\BankingApp)
>31-08-2024 10:02:35 [restartedMain] INFO  c.s.bankingApp.BankingAppApplication     ::-> No active profile set, falling back to 1 default profile: "default" No active profile set, falling back to 1 default profile: "default"
>31-08-2024 10:02:35 [restartedMain] INFO  o.s.d.r.c.RepositoryConfigurationDelegate ::-> Bootstrapping Spring Data JPA repositories in DEFAULT mode. Bootstrapping Spring Data JPA repositories in DEFAULT mode.
>31-08-2024 10:02:35 [restartedMain] INFO  o.s.d.r.c.RepositoryConfigurationDelegate ::-> Finished Spring Data repository scanning in 0 ms. Found 0 JPA repository interfaces. Finished Spring Data repository scanning in 0 ms. Found 0 JPA repository interfaces.
>31-08-2024 10:02:35 [restartedMain] INFO  o.s.b.w.embedded.tomcat.TomcatWebServer  ::-> Tomcat initialized with port 8081 (http) Tomcat initialized with port 8081 (http)
>31-08-2024 10:02:35 [restartedMain] INFO  o.apache.catalina.core.StandardService   ::-> Starting service [Tomcat] Starting service [Tomcat]
>31-08-2024 10:02:35 [restartedMain] INFO  org.apache.catalina.core.StandardEngine  ::-> Starting Servlet engine: [Apache Tomcat/10.1.28] Starting Servlet engine: [Apache Tomcat/10.1.28]
>31-08-2024 10:02:35 [restartedMain] INFO  o.a.c.c.C.[.[localhost].[/bankingapp]    ::-> Initializing Spring embedded WebApplicationContext Initializing Spring embedded WebApplicationContext
>31-08-2024 10:02:35 [restartedMain] INFO  o.s.b.w.s.c.ServletWebServerApplicationContext ::-> Root WebApplicationContext: initialization completed in 144 ms Root WebApplicationContext: initialization completed in 144 ms
>31-08-2024 10:02:35 [restartedMain] INFO  o.hibernate.jpa.internal.util.LogHelper  ::-> HHH000204: Processing PersistenceUnitInfo [name: default] HHH000204: Processing PersistenceUnitInfo [name: default]
>31-08-2024 10:02:35 [restartedMain] INFO  o.h.c.internal.RegionFactoryInitiator    ::-> HHH000026: Second-level cache disabled HHH000026: Second-level cache disabled
>31-08-2024 10:02:35 [restartedMain] INFO  o.s.o.j.p.SpringPersistenceUnitInfo      ::-> No LoadTimeWeaver setup: ignoring JPA class transformer No LoadTimeWeaver setup: ignoring JPA class transformer
>31-08-2024 10:02:35 [restartedMain] INFO  com.zaxxer.hikari.HikariDataSource       ::-> HikariPool-10 - Starting... HikariPool-10 - Starting...
>31-08-2024 10:02:35 [restartedMain] INFO  com.zaxxer.hikari.pool.HikariPool        ::-> HikariPool-10 - Added connection com.mysql.cj.jdbc.ConnectionImpl@14da510b HikariPool-10 - Added connection com.mysql.cj.jdbc.ConnectionImpl@14da510b
>31-08-2024 10:02:35 [restartedMain] INFO  com.zaxxer.hikari.HikariDataSource       ::-> HikariPool-10 - Start completed. HikariPool-10 - Start completed.
>31-08-2024 10:02:35 [restartedMain] WARN  org.hibernate.orm.deprecation            ::-> HHH90000025: MySQLDialect does not need to be specified explicitly using 'hibernate.dialect' (remove the property setting and it will be selected by default) HHH90000025: MySQLDialect does not need to be specified explicitly using 'hibernate.dialect' (remove the property setting and it will be selected by default)
>31-08-2024 10:02:35 [restartedMain] INFO  o.h.e.t.j.p.i.JtaPlatformInitiator       ::-> HHH000489: No JTA platform available (set 'hibernate.transaction.jta.platform' to enable JTA platform integration) HHH000489: No JTA platform available (set 'hibernate.transaction.jta.platform' to enable JTA platform integration)
>31-08-2024 10:02:35 [restartedMain] INFO  o.s.o.j.LocalContainerEntityManagerFactoryBean ::-> Initialized JPA EntityManagerFactory for persistence unit 'default' Initialized JPA EntityManagerFactory for persistence unit 'default'
>31-08-2024 10:02:35 [restartedMain] WARN  o.s.b.a.o.j.JpaBaseConfiguration$JpaWebConfiguration ::-> spring.jpa.open-in-view is enabled by default. Therefore, database queries may be performed during view rendering. Explicitly configure spring.jpa.open-in-view to disable this warning spring.jpa.open-in-view is enabled by default. Therefore, database queries may be performed during view rendering. Explicitly configure spring.jpa.open-in-view to disable this warning
>31-08-2024 10:02:35 [restartedMain] INFO  o.s.b.d.a.OptionalLiveReloadServer       ::-> LiveReload server is running on port 35729 LiveReload server is running on port 35729
>31-08-2024 10:02:35 [restartedMain] INFO  o.s.b.w.embedded.tomcat.TomcatWebServer  ::-> Tomcat started on port 8081 (http) with context path '/bankingapp' Tomcat started on port 8081 (http) with context path '/bankingapp'
>31-08-2024 10:02:35 [restartedMain] INFO  c.s.bankingApp.BankingAppApplication     ::-> Started BankingAppApplication in 0.296 seconds (process running for 521.456) Started BankingAppApplication in 0.296 seconds (process running for 521.456)
>31-08-2024 10:02:35 [restartedMain] INFO  o.s.b.d.a.ConditionEvaluationDeltaLoggingListener ::-> Condition evaluation unchanged Condition evaluation unchanged
>31-08-2024 10:03:05 [File Watcher] INFO  o.s.b.d.a.LocalDevToolsAutoConfiguration$RestartingClassPathChangeChangedEventListener ::-> Restarting due to 1 class path change (0 additions, 0 deletions, 1 modification) Restarting due to 1 class path change (0 additions, 0 deletions, 1 modification)
>31-08-2024 10:03:05 [Thread-39] INFO  o.s.o.j.LocalContainerEntityManagerFactoryBean ::-> Closing JPA EntityManagerFactory for persistence unit 'default' Closing JPA EntityManagerFactory for persistence unit 'default'
>31-08-2024 10:03:05 [Thread-39] INFO  com.zaxxer.hikari.HikariDataSource       ::-> HikariPool-10 - Shutdown initiated... HikariPool-10 - Shutdown initiated...
>31-08-2024 10:03:05 [Thread-39] INFO  com.zaxxer.hikari.HikariDataSource       ::-> HikariPool-10 - Shutdown completed. HikariPool-10 - Shutdown completed.
>31-08-2024 10:16:59 [restartedMain] INFO  c.s.bankingApp.BankingAppApplication     ::-> Starting BankingAppApplication using Java 21.0.3 with PID 4056 (C:\banking_app\BankingApp\target\classes started by sukru in C:\banking_app\BankingApp) Starting BankingAppApplication using Java 21.0.3 with PID 4056 (C:\banking_app\BankingApp\target\classes started by sukru in C:\banking_app\BankingApp)
>31-08-2024 10:16:59 [restartedMain] INFO  c.s.bankingApp.BankingAppApplication     ::-> No active profile set, falling back to 1 default profile: "default" No active profile set, falling back to 1 default profile: "default"
>31-08-2024 10:16:59 [restartedMain] INFO  o.s.b.d.e.DevToolsPropertyDefaultsPostProcessor ::-> Devtools property defaults active! Set 'spring.devtools.add-properties' to 'false' to disable Devtools property defaults active! Set 'spring.devtools.add-properties' to 'false' to disable
>31-08-2024 10:16:59 [restartedMain] INFO  o.s.b.d.e.DevToolsPropertyDefaultsPostProcessor ::-> For additional web related logging consider setting the 'logging.level.web' property to 'DEBUG' For additional web related logging consider setting the 'logging.level.web' property to 'DEBUG'
>31-08-2024 10:17:00 [restartedMain] INFO  o.s.d.r.c.RepositoryConfigurationDelegate ::-> Bootstrapping Spring Data JPA repositories in DEFAULT mode. Bootstrapping Spring Data JPA repositories in DEFAULT mode.
>31-08-2024 10:17:00 [restartedMain] INFO  o.s.d.r.c.RepositoryConfigurationDelegate ::-> Finished Spring Data repository scanning in 11 ms. Found 0 JPA repository interfaces. Finished Spring Data repository scanning in 11 ms. Found 0 JPA repository interfaces.
>31-08-2024 10:17:00 [restartedMain] INFO  o.s.b.w.embedded.tomcat.TomcatWebServer  ::-> Tomcat initialized with port 8081 (http) Tomcat initialized with port 8081 (http)
>31-08-2024 10:17:00 [restartedMain] INFO  o.apache.catalina.core.StandardService   ::-> Starting service [Tomcat] Starting service [Tomcat]
>31-08-2024 10:17:00 [restartedMain] INFO  org.apache.catalina.core.StandardEngine  ::-> Starting Servlet engine: [Apache Tomcat/10.1.28] Starting Servlet engine: [Apache Tomcat/10.1.28]
>31-08-2024 10:17:00 [restartedMain] INFO  o.a.c.c.C.[.[localhost].[/bankingapp]    ::-> Initializing Spring embedded WebApplicationContext Initializing Spring embedded WebApplicationContext
>31-08-2024 10:17:00 [restartedMain] INFO  o.s.b.w.s.c.ServletWebServerApplicationContext ::-> Root WebApplicationContext: initialization completed in 962 ms Root WebApplicationContext: initialization completed in 962 ms
>31-08-2024 10:17:00 [restartedMain] INFO  o.hibernate.jpa.internal.util.LogHelper  ::-> HHH000204: Processing PersistenceUnitInfo [name: default] HHH000204: Processing PersistenceUnitInfo [name: default]
>31-08-2024 10:17:00 [restartedMain] INFO  org.hibernate.Version                    ::-> HHH000412: Hibernate ORM core version 6.5.2.Final HHH000412: Hibernate ORM core version 6.5.2.Final
>31-08-2024 10:17:00 [restartedMain] INFO  o.h.c.internal.RegionFactoryInitiator    ::-> HHH000026: Second-level cache disabled HHH000026: Second-level cache disabled
>31-08-2024 10:17:01 [restartedMain] INFO  o.s.o.j.p.SpringPersistenceUnitInfo      ::-> No LoadTimeWeaver setup: ignoring JPA class transformer No LoadTimeWeaver setup: ignoring JPA class transformer
>31-08-2024 10:17:01 [restartedMain] INFO  com.zaxxer.hikari.HikariDataSource       ::-> HikariPool-1 - Starting... HikariPool-1 - Starting...
>31-08-2024 10:17:01 [restartedMain] INFO  com.zaxxer.hikari.pool.HikariPool        ::-> HikariPool-1 - Added connection com.mysql.cj.jdbc.ConnectionImpl@32b2252f HikariPool-1 - Added connection com.mysql.cj.jdbc.ConnectionImpl@32b2252f
>31-08-2024 10:17:01 [restartedMain] INFO  com.zaxxer.hikari.HikariDataSource       ::-> HikariPool-1 - Start completed. HikariPool-1 - Start completed.
>31-08-2024 10:17:01 [restartedMain] WARN  org.hibernate.orm.deprecation            ::-> HHH90000025: MySQLDialect does not need to be specified explicitly using 'hibernate.dialect' (remove the property setting and it will be selected by default) HHH90000025: MySQLDialect does not need to be specified explicitly using 'hibernate.dialect' (remove the property setting and it will be selected by default)
>31-08-2024 10:17:01 [restartedMain] INFO  o.h.e.t.j.p.i.JtaPlatformInitiator       ::-> HHH000489: No JTA platform available (set 'hibernate.transaction.jta.platform' to enable JTA platform integration) HHH000489: No JTA platform available (set 'hibernate.transaction.jta.platform' to enable JTA platform integration)
>31-08-2024 10:17:01 [restartedMain] INFO  o.s.o.j.LocalContainerEntityManagerFactoryBean ::-> Initialized JPA EntityManagerFactory for persistence unit 'default' Initialized JPA EntityManagerFactory for persistence unit 'default'
>31-08-2024 10:17:01 [restartedMain] WARN  o.s.b.a.o.j.JpaBaseConfiguration$JpaWebConfiguration ::-> spring.jpa.open-in-view is enabled by default. Therefore, database queries may be performed during view rendering. Explicitly configure spring.jpa.open-in-view to disable this warning spring.jpa.open-in-view is enabled by default. Therefore, database queries may be performed during view rendering. Explicitly configure spring.jpa.open-in-view to disable this warning
>31-08-2024 10:17:02 [restartedMain] INFO  o.s.b.d.a.OptionalLiveReloadServer       ::-> LiveReload server is running on port 35729 LiveReload server is running on port 35729
>31-08-2024 10:17:02 [restartedMain] INFO  o.s.b.w.embedded.tomcat.TomcatWebServer  ::-> Tomcat started on port 8081 (http) with context path '/bankingapp' Tomcat started on port 8081 (http) with context path '/bankingapp'
>31-08-2024 10:17:02 [restartedMain] INFO  c.s.bankingApp.BankingAppApplication     ::-> Started BankingAppApplication in 2.776 seconds (process running for 3.4) Started BankingAppApplication in 2.776 seconds (process running for 3.4)
>31-08-2024 10:17:02 [restartedMain] INFO  c.s.bankingApp.BankingAppApplication     ::-> ************* *************
>31-08-2024 10:17:02 [restartedMain] INFO  c.s.bankingApp.BankingAppApplication     ::-> banking app started! banking app started!
>31-08-2024 10:17:02 [restartedMain] INFO  c.s.bankingApp.BankingAppApplication     ::-> ************* *************
>31-08-2024 10:17:41 [File Watcher] INFO  o.s.b.d.a.LocalDevToolsAutoConfiguration$RestartingClassPathChangeChangedEventListener ::-> Restarting due to 1 class path change (0 additions, 0 deletions, 1 modification) Restarting due to 1 class path change (0 additions, 0 deletions, 1 modification)
>31-08-2024 10:17:41 [Thread-5] INFO  o.s.o.j.LocalContainerEntityManagerFactoryBean ::-> Closing JPA EntityManagerFactory for persistence unit 'default' Closing JPA EntityManagerFactory for persistence unit 'default'
>31-08-2024 10:17:41 [Thread-5] INFO  com.zaxxer.hikari.HikariDataSource       ::-> HikariPool-1 - Shutdown initiated... HikariPool-1 - Shutdown initiated...
>31-08-2024 10:17:41 [Thread-5] INFO  com.zaxxer.hikari.HikariDataSource       ::-> HikariPool-1 - Shutdown completed. HikariPool-1 - Shutdown completed.
>31-08-2024 10:17:41 [restartedMain] INFO  c.s.bankingApp.BankingAppApplication     ::-> Starting BankingAppApplication using Java 21.0.3 with PID 4056 (C:\banking_app\BankingApp\target\classes started by sukru in C:\banking_app\BankingApp) Starting BankingAppApplication using Java 21.0.3 with PID 4056 (C:\banking_app\BankingApp\target\classes started by sukru in C:\banking_app\BankingApp)
>31-08-2024 10:17:41 [restartedMain] INFO  c.s.bankingApp.BankingAppApplication     ::-> No active profile set, falling back to 1 default profile: "default" No active profile set, falling back to 1 default profile: "default"
>31-08-2024 10:17:41 [restartedMain] INFO  o.s.d.r.c.RepositoryConfigurationDelegate ::-> Bootstrapping Spring Data JPA repositories in DEFAULT mode. Bootstrapping Spring Data JPA repositories in DEFAULT mode.
>31-08-2024 10:17:41 [restartedMain] INFO  o.s.d.r.c.RepositoryConfigurationDelegate ::-> Finished Spring Data repository scanning in 1 ms. Found 0 JPA repository interfaces. Finished Spring Data repository scanning in 1 ms. Found 0 JPA repository interfaces.
>31-08-2024 10:17:41 [restartedMain] INFO  o.s.b.w.embedded.tomcat.TomcatWebServer  ::-> Tomcat initialized with port 8081 (http) Tomcat initialized with port 8081 (http)
>31-08-2024 10:17:41 [restartedMain] INFO  o.apache.catalina.core.StandardService   ::-> Starting service [Tomcat] Starting service [Tomcat]
>31-08-2024 10:17:41 [restartedMain] INFO  org.apache.catalina.core.StandardEngine  ::-> Starting Servlet engine: [Apache Tomcat/10.1.28] Starting Servlet engine: [Apache Tomcat/10.1.28]
>31-08-2024 10:17:41 [restartedMain] INFO  o.a.c.c.C.[.[localhost].[/bankingapp]    ::-> Initializing Spring embedded WebApplicationContext Initializing Spring embedded WebApplicationContext
>31-08-2024 10:17:41 [restartedMain] INFO  o.s.b.w.s.c.ServletWebServerApplicationContext ::-> Root WebApplicationContext: initialization completed in 237 ms Root WebApplicationContext: initialization completed in 237 ms
>31-08-2024 10:17:41 [restartedMain] INFO  o.hibernate.jpa.internal.util.LogHelper  ::-> HHH000204: Processing PersistenceUnitInfo [name: default] HHH000204: Processing PersistenceUnitInfo [name: default]
>31-08-2024 10:17:41 [restartedMain] INFO  o.h.c.internal.RegionFactoryInitiator    ::-> HHH000026: Second-level cache disabled HHH000026: Second-level cache disabled
>31-08-2024 10:17:41 [restartedMain] INFO  o.s.o.j.p.SpringPersistenceUnitInfo      ::-> No LoadTimeWeaver setup: ignoring JPA class transformer No LoadTimeWeaver setup: ignoring JPA class transformer
>31-08-2024 10:17:41 [restartedMain] INFO  com.zaxxer.hikari.HikariDataSource       ::-> HikariPool-2 - Starting... HikariPool-2 - Starting...
>31-08-2024 10:17:41 [restartedMain] INFO  com.zaxxer.hikari.pool.HikariPool        ::-> HikariPool-2 - Added connection com.mysql.cj.jdbc.ConnectionImpl@61c3c5a2 HikariPool-2 - Added connection com.mysql.cj.jdbc.ConnectionImpl@61c3c5a2
>31-08-2024 10:17:41 [restartedMain] INFO  com.zaxxer.hikari.HikariDataSource       ::-> HikariPool-2 - Start completed. HikariPool-2 - Start completed.
>31-08-2024 10:17:41 [restartedMain] WARN  org.hibernate.orm.deprecation            ::-> HHH90000025: MySQLDialect does not need to be specified explicitly using 'hibernate.dialect' (remove the property setting and it will be selected by default) HHH90000025: MySQLDialect does not need to be specified explicitly using 'hibernate.dialect' (remove the property setting and it will be selected by default)
>31-08-2024 10:17:41 [restartedMain] INFO  o.h.e.t.j.p.i.JtaPlatformInitiator       ::-> HHH000489: No JTA platform available (set 'hibernate.transaction.jta.platform' to enable JTA platform integration) HHH000489: No JTA platform available (set 'hibernate.transaction.jta.platform' to enable JTA platform integration)
>31-08-2024 10:17:41 [restartedMain] INFO  o.s.o.j.LocalContainerEntityManagerFactoryBean ::-> Initialized JPA EntityManagerFactory for persistence unit 'default' Initialized JPA EntityManagerFactory for persistence unit 'default'
>31-08-2024 10:17:41 [restartedMain] WARN  o.s.b.a.o.j.JpaBaseConfiguration$JpaWebConfiguration ::-> spring.jpa.open-in-view is enabled by default. Therefore, database queries may be performed during view rendering. Explicitly configure spring.jpa.open-in-view to disable this warning spring.jpa.open-in-view is enabled by default. Therefore, database queries may be performed during view rendering. Explicitly configure spring.jpa.open-in-view to disable this warning
>31-08-2024 10:17:41 [restartedMain] INFO  o.s.b.d.a.OptionalLiveReloadServer       ::-> LiveReload server is running on port 35729 LiveReload server is running on port 35729
>31-08-2024 10:17:41 [restartedMain] INFO  o.s.b.w.embedded.tomcat.TomcatWebServer  ::-> Tomcat started on port 8081 (http) with context path '/bankingapp' Tomcat started on port 8081 (http) with context path '/bankingapp'
>31-08-2024 10:17:41 [restartedMain] INFO  c.s.bankingApp.BankingAppApplication     ::-> Started BankingAppApplication in 0.41 seconds (process running for 43.05) Started BankingAppApplication in 0.41 seconds (process running for 43.05)
>31-08-2024 10:17:41 [restartedMain] INFO  o.s.b.d.a.ConditionEvaluationDeltaLoggingListener ::-> Condition evaluation unchanged Condition evaluation unchanged
>31-08-2024 10:17:41 [restartedMain] INFO  c.s.bankingApp.BankingAppApplication     ::-> ********************************************************************************** **********************************************************************************
>31-08-2024 10:17:41 [restartedMain] INFO  c.s.bankingApp.BankingAppApplication     ::-> banking app started! banking app started!
>31-08-2024 10:17:41 [restartedMain] INFO  c.s.bankingApp.BankingAppApplication     ::-> ************* *************
>31-08-2024 10:17:48 [File Watcher] INFO  o.s.b.d.a.LocalDevToolsAutoConfiguration$RestartingClassPathChangeChangedEventListener ::-> Restarting due to 1 class path change (0 additions, 0 deletions, 1 modification) Restarting due to 1 class path change (0 additions, 0 deletions, 1 modification)
>31-08-2024 10:17:48 [Thread-7] INFO  o.s.o.j.LocalContainerEntityManagerFactoryBean ::-> Closing JPA EntityManagerFactory for persistence unit 'default' Closing JPA EntityManagerFactory for persistence unit 'default'
>31-08-2024 10:17:48 [Thread-7] INFO  com.zaxxer.hikari.HikariDataSource       ::-> HikariPool-2 - Shutdown initiated... HikariPool-2 - Shutdown initiated...
>31-08-2024 10:17:48 [Thread-7] INFO  com.zaxxer.hikari.HikariDataSource       ::-> HikariPool-2 - Shutdown completed. HikariPool-2 - Shutdown completed.
>31-08-2024 10:17:48 [restartedMain] INFO  c.s.bankingApp.BankingAppApplication     ::-> Starting BankingAppApplication using Java 21.0.3 with PID 4056 (C:\banking_app\BankingApp\target\classes started by sukru in C:\banking_app\BankingApp) Starting BankingAppApplication using Java 21.0.3 with PID 4056 (C:\banking_app\BankingApp\target\classes started by sukru in C:\banking_app\BankingApp)
>31-08-2024 10:17:48 [restartedMain] INFO  c.s.bankingApp.BankingAppApplication     ::-> No active profile set, falling back to 1 default profile: "default" No active profile set, falling back to 1 default profile: "default"
>31-08-2024 10:17:48 [restartedMain] INFO  o.s.d.r.c.RepositoryConfigurationDelegate ::-> Bootstrapping Spring Data JPA repositories in DEFAULT mode. Bootstrapping Spring Data JPA repositories in DEFAULT mode.
>31-08-2024 10:17:48 [restartedMain] INFO  o.s.d.r.c.RepositoryConfigurationDelegate ::-> Finished Spring Data repository scanning in 1 ms. Found 0 JPA repository interfaces. Finished Spring Data repository scanning in 1 ms. Found 0 JPA repository interfaces.
>31-08-2024 10:17:48 [restartedMain] INFO  o.s.b.w.embedded.tomcat.TomcatWebServer  ::-> Tomcat initialized with port 8081 (http) Tomcat initialized with port 8081 (http)
>31-08-2024 10:17:48 [restartedMain] INFO  o.apache.catalina.core.StandardService   ::-> Starting service [Tomcat] Starting service [Tomcat]
>31-08-2024 10:17:48 [restartedMain] INFO  org.apache.catalina.core.StandardEngine  ::-> Starting Servlet engine: [Apache Tomcat/10.1.28] Starting Servlet engine: [Apache Tomcat/10.1.28]
>31-08-2024 10:17:48 [restartedMain] INFO  o.a.c.c.C.[.[localhost].[/bankingapp]    ::-> Initializing Spring embedded WebApplicationContext Initializing Spring embedded WebApplicationContext
>31-08-2024 10:17:48 [restartedMain] INFO  o.s.b.w.s.c.ServletWebServerApplicationContext ::-> Root WebApplicationContext: initialization completed in 160 ms Root WebApplicationContext: initialization completed in 160 ms
>31-08-2024 10:17:48 [restartedMain] INFO  o.hibernate.jpa.internal.util.LogHelper  ::-> HHH000204: Processing PersistenceUnitInfo [name: default] HHH000204: Processing PersistenceUnitInfo [name: default]
>31-08-2024 10:17:48 [restartedMain] INFO  o.h.c.internal.RegionFactoryInitiator    ::-> HHH000026: Second-level cache disabled HHH000026: Second-level cache disabled
>31-08-2024 10:17:48 [restartedMain] INFO  o.s.o.j.p.SpringPersistenceUnitInfo      ::-> No LoadTimeWeaver setup: ignoring JPA class transformer No LoadTimeWeaver setup: ignoring JPA class transformer
>31-08-2024 10:17:48 [restartedMain] INFO  com.zaxxer.hikari.HikariDataSource       ::-> HikariPool-3 - Starting... HikariPool-3 - Starting...
>31-08-2024 10:17:48 [restartedMain] INFO  com.zaxxer.hikari.pool.HikariPool        ::-> HikariPool-3 - Added connection com.mysql.cj.jdbc.ConnectionImpl@7d5f0b2e HikariPool-3 - Added connection com.mysql.cj.jdbc.ConnectionImpl@7d5f0b2e
>31-08-2024 10:17:48 [restartedMain] INFO  com.zaxxer.hikari.HikariDataSource       ::-> HikariPool-3 - Start completed. HikariPool-3 - Start completed.
>31-08-2024 10:17:48 [restartedMain] WARN  org.hibernate.orm.deprecation            ::-> HHH90000025: MySQLDialect does not need to be specified explicitly using 'hibernate.dialect' (remove the property setting and it will be selected by default) HHH90000025: MySQLDialect does not need to be specified explicitly using 'hibernate.dialect' (remove the property setting and it will be selected by default)
>31-08-2024 10:17:48 [restartedMain] INFO  o.h.e.t.j.p.i.JtaPlatformInitiator       ::-> HHH000489: No JTA platform available (set 'hibernate.transaction.jta.platform' to enable JTA platform integration) HHH000489: No JTA platform available (set 'hibernate.transaction.jta.platform' to enable JTA platform integration)
>31-08-2024 10:17:48 [restartedMain] INFO  o.s.o.j.LocalContainerEntityManagerFactoryBean ::-> Initialized JPA EntityManagerFactory for persistence unit 'default' Initialized JPA EntityManagerFactory for persistence unit 'default'
>31-08-2024 10:17:48 [restartedMain] WARN  o.s.b.a.o.j.JpaBaseConfiguration$JpaWebConfiguration ::-> spring.jpa.open-in-view is enabled by default. Therefore, database queries may be performed during view rendering. Explicitly configure spring.jpa.open-in-view to disable this warning spring.jpa.open-in-view is enabled by default. Therefore, database queries may be performed during view rendering. Explicitly configure spring.jpa.open-in-view to disable this warning
>31-08-2024 10:17:48 [restartedMain] INFO  o.s.b.d.a.OptionalLiveReloadServer       ::-> LiveReload server is running on port 35729 LiveReload server is running on port 35729
>31-08-2024 10:17:48 [restartedMain] INFO  o.s.b.w.embedded.tomcat.TomcatWebServer  ::-> Tomcat started on port 8081 (http) with context path '/bankingapp' Tomcat started on port 8081 (http) with context path '/bankingapp'
>31-08-2024 10:17:48 [restartedMain] INFO  c.s.bankingApp.BankingAppApplication     ::-> Started BankingAppApplication in 0.314 seconds (process running for 49.933) Started BankingAppApplication in 0.314 seconds (process running for 49.933)
>31-08-2024 10:17:48 [restartedMain] INFO  o.s.b.d.a.ConditionEvaluationDeltaLoggingListener ::-> Condition evaluation unchanged Condition evaluation unchanged
>31-08-2024 10:17:48 [restartedMain] INFO  c.s.bankingApp.BankingAppApplication     ::-> ****************************#######***************************************************** ****************************#######*****************************************************
>31-08-2024 10:17:48 [restartedMain] INFO  c.s.bankingApp.BankingAppApplication     ::-> banking app started! banking app started!
>31-08-2024 10:17:48 [restartedMain] INFO  c.s.bankingApp.BankingAppApplication     ::-> ************* *************
>31-08-2024 10:18:04 [File Watcher] INFO  o.s.b.d.a.LocalDevToolsAutoConfiguration$RestartingClassPathChangeChangedEventListener ::-> Restarting due to 1 class path change (0 additions, 0 deletions, 1 modification) Restarting due to 1 class path change (0 additions, 0 deletions, 1 modification)
>31-08-2024 10:18:04 [Thread-11] INFO  o.s.o.j.LocalContainerEntityManagerFactoryBean ::-> Closing JPA EntityManagerFactory for persistence unit 'default' Closing JPA EntityManagerFactory for persistence unit 'default'
>31-08-2024 10:18:04 [Thread-11] INFO  com.zaxxer.hikari.HikariDataSource       ::-> HikariPool-3 - Shutdown initiated... HikariPool-3 - Shutdown initiated...
>31-08-2024 10:18:04 [Thread-11] INFO  com.zaxxer.hikari.HikariDataSource       ::-> HikariPool-3 - Shutdown completed. HikariPool-3 - Shutdown completed.
>31-08-2024 10:18:04 [restartedMain] INFO  c.s.bankingApp.BankingAppApplication     ::-> Starting BankingAppApplication using Java 21.0.3 with PID 4056 (C:\banking_app\BankingApp\target\classes started by sukru in C:\banking_app\BankingApp) Starting BankingAppApplication using Java 21.0.3 with PID 4056 (C:\banking_app\BankingApp\target\classes started by sukru in C:\banking_app\BankingApp)
>31-08-2024 10:18:04 [restartedMain] INFO  c.s.bankingApp.BankingAppApplication     ::-> No active profile set, falling back to 1 default profile: "default" No active profile set, falling back to 1 default profile: "default"
>31-08-2024 10:18:04 [restartedMain] INFO  o.s.d.r.c.RepositoryConfigurationDelegate ::-> Bootstrapping Spring Data JPA repositories in DEFAULT mode. Bootstrapping Spring Data JPA repositories in DEFAULT mode.
>31-08-2024 10:18:04 [restartedMain] INFO  o.s.d.r.c.RepositoryConfigurationDelegate ::-> Finished Spring Data repository scanning in 1 ms. Found 0 JPA repository interfaces. Finished Spring Data repository scanning in 1 ms. Found 0 JPA repository interfaces.
>31-08-2024 10:18:04 [restartedMain] INFO  o.s.b.w.embedded.tomcat.TomcatWebServer  ::-> Tomcat initialized with port 8081 (http) Tomcat initialized with port 8081 (http)
>31-08-2024 10:18:04 [restartedMain] INFO  o.apache.catalina.core.StandardService   ::-> Starting service [Tomcat] Starting service [Tomcat]
>31-08-2024 10:18:04 [restartedMain] INFO  org.apache.catalina.core.StandardEngine  ::-> Starting Servlet engine: [Apache Tomcat/10.1.28] Starting Servlet engine: [Apache Tomcat/10.1.28]
>31-08-2024 10:18:04 [restartedMain] INFO  o.a.c.c.C.[.[localhost].[/bankingapp]    ::-> Initializing Spring embedded WebApplicationContext Initializing Spring embedded WebApplicationContext
>31-08-2024 10:18:04 [restartedMain] INFO  o.s.b.w.s.c.ServletWebServerApplicationContext ::-> Root WebApplicationContext: initialization completed in 184 ms Root WebApplicationContext: initialization completed in 184 ms
>31-08-2024 10:18:04 [restartedMain] INFO  o.hibernate.jpa.internal.util.LogHelper  ::-> HHH000204: Processing PersistenceUnitInfo [name: default] HHH000204: Processing PersistenceUnitInfo [name: default]
>31-08-2024 10:18:04 [restartedMain] INFO  o.h.c.internal.RegionFactoryInitiator    ::-> HHH000026: Second-level cache disabled HHH000026: Second-level cache disabled
>31-08-2024 10:18:04 [restartedMain] INFO  o.s.o.j.p.SpringPersistenceUnitInfo      ::-> No LoadTimeWeaver setup: ignoring JPA class transformer No LoadTimeWeaver setup: ignoring JPA class transformer
>31-08-2024 10:18:04 [restartedMain] INFO  com.zaxxer.hikari.HikariDataSource       ::-> HikariPool-4 - Starting... HikariPool-4 - Starting...
>31-08-2024 10:18:04 [restartedMain] INFO  com.zaxxer.hikari.pool.HikariPool        ::-> HikariPool-4 - Added connection com.mysql.cj.jdbc.ConnectionImpl@c01835 HikariPool-4 - Added connection com.mysql.cj.jdbc.ConnectionImpl@c01835
>31-08-2024 10:18:04 [restartedMain] INFO  com.zaxxer.hikari.HikariDataSource       ::-> HikariPool-4 - Start completed. HikariPool-4 - Start completed.
>31-08-2024 10:18:04 [restartedMain] WARN  org.hibernate.orm.deprecation            ::-> HHH90000025: MySQLDialect does not need to be specified explicitly using 'hibernate.dialect' (remove the property setting and it will be selected by default) HHH90000025: MySQLDialect does not need to be specified explicitly using 'hibernate.dialect' (remove the property setting and it will be selected by default)
>31-08-2024 10:18:04 [restartedMain] INFO  o.h.e.t.j.p.i.JtaPlatformInitiator       ::-> HHH000489: No JTA platform available (set 'hibernate.transaction.jta.platform' to enable JTA platform integration) HHH000489: No JTA platform available (set 'hibernate.transaction.jta.platform' to enable JTA platform integration)
>31-08-2024 10:18:04 [restartedMain] INFO  o.s.o.j.LocalContainerEntityManagerFactoryBean ::-> Initialized JPA EntityManagerFactory for persistence unit 'default' Initialized JPA EntityManagerFactory for persistence unit 'default'
>31-08-2024 10:18:04 [restartedMain] WARN  o.s.b.a.o.j.JpaBaseConfiguration$JpaWebConfiguration ::-> spring.jpa.open-in-view is enabled by default. Therefore, database queries may be performed during view rendering. Explicitly configure spring.jpa.open-in-view to disable this warning spring.jpa.open-in-view is enabled by default. Therefore, database queries may be performed during view rendering. Explicitly configure spring.jpa.open-in-view to disable this warning
>31-08-2024 10:18:04 [restartedMain] INFO  o.s.b.d.a.OptionalLiveReloadServer       ::-> LiveReload server is running on port 35729 LiveReload server is running on port 35729
>31-08-2024 10:18:04 [restartedMain] INFO  o.s.b.w.embedded.tomcat.TomcatWebServer  ::-> Tomcat started on port 8081 (http) with context path '/bankingapp' Tomcat started on port 8081 (http) with context path '/bankingapp'
>31-08-2024 10:18:04 [restartedMain] INFO  c.s.bankingApp.BankingAppApplication     ::-> Started BankingAppApplication in 0.385 seconds (process running for 66.114) Started BankingAppApplication in 0.385 seconds (process running for 66.114)
>31-08-2024 10:18:04 [restartedMain] INFO  o.s.b.d.a.ConditionEvaluationDeltaLoggingListener ::-> Condition evaluation unchanged Condition evaluation unchanged
>31-08-2024 10:18:04 [restartedMain] INFO  c.s.bankingApp.BankingAppApplication     ::-> ********************************************************************************* *********************************************************************************
>31-08-2024 10:18:04 [restartedMain] INFO  c.s.bankingApp.BankingAppApplication     ::-> banking app started! banking app started!
>31-08-2024 10:18:04 [restartedMain] INFO  c.s.bankingApp.BankingAppApplication     ::-> ************* *************
>31-08-2024 10:18:15 [File Watcher] INFO  o.s.b.d.a.LocalDevToolsAutoConfiguration$RestartingClassPathChangeChangedEventListener ::-> Restarting due to 1 class path change (0 additions, 0 deletions, 1 modification) Restarting due to 1 class path change (0 additions, 0 deletions, 1 modification)
>31-08-2024 10:18:15 [Thread-15] INFO  o.s.o.j.LocalContainerEntityManagerFactoryBean ::-> Closing JPA EntityManagerFactory for persistence unit 'default' Closing JPA EntityManagerFactory for persistence unit 'default'
>31-08-2024 10:18:15 [Thread-15] INFO  com.zaxxer.hikari.HikariDataSource       ::-> HikariPool-4 - Shutdown initiated... HikariPool-4 - Shutdown initiated...
>31-08-2024 10:18:15 [Thread-15] INFO  com.zaxxer.hikari.HikariDataSource       ::-> HikariPool-4 - Shutdown completed. HikariPool-4 - Shutdown completed.
>31-08-2024 10:18:15 [restartedMain] INFO  c.s.bankingApp.BankingAppApplication     ::-> Starting BankingAppApplication using Java 21.0.3 with PID 4056 (C:\banking_app\BankingApp\target\classes started by sukru in C:\banking_app\BankingApp) Starting BankingAppApplication using Java 21.0.3 with PID 4056 (C:\banking_app\BankingApp\target\classes started by sukru in C:\banking_app\BankingApp)
>31-08-2024 10:18:15 [restartedMain] INFO  c.s.bankingApp.BankingAppApplication     ::-> No active profile set, falling back to 1 default profile: "default" No active profile set, falling back to 1 default profile: "default"
>31-08-2024 10:18:15 [restartedMain] INFO  o.s.d.r.c.RepositoryConfigurationDelegate ::-> Bootstrapping Spring Data JPA repositories in DEFAULT mode. Bootstrapping Spring Data JPA repositories in DEFAULT mode.
>31-08-2024 10:18:15 [restartedMain] INFO  o.s.d.r.c.RepositoryConfigurationDelegate ::-> Finished Spring Data repository scanning in 2 ms. Found 0 JPA repository interfaces. Finished Spring Data repository scanning in 2 ms. Found 0 JPA repository interfaces.
>31-08-2024 10:18:15 [restartedMain] INFO  o.s.b.w.embedded.tomcat.TomcatWebServer  ::-> Tomcat initialized with port 8081 (http) Tomcat initialized with port 8081 (http)
>31-08-2024 10:18:15 [restartedMain] INFO  o.apache.catalina.core.StandardService   ::-> Starting service [Tomcat] Starting service [Tomcat]
>31-08-2024 10:18:15 [restartedMain] INFO  org.apache.catalina.core.StandardEngine  ::-> Starting Servlet engine: [Apache Tomcat/10.1.28] Starting Servlet engine: [Apache Tomcat/10.1.28]
>31-08-2024 10:18:15 [restartedMain] INFO  o.a.c.c.C.[.[localhost].[/bankingapp]    ::-> Initializing Spring embedded WebApplicationContext Initializing Spring embedded WebApplicationContext
>31-08-2024 10:18:15 [restartedMain] INFO  o.s.b.w.s.c.ServletWebServerApplicationContext ::-> Root WebApplicationContext: initialization completed in 142 ms Root WebApplicationContext: initialization completed in 142 ms
>31-08-2024 10:18:15 [restartedMain] INFO  o.hibernate.jpa.internal.util.LogHelper  ::-> HHH000204: Processing PersistenceUnitInfo [name: default] HHH000204: Processing PersistenceUnitInfo [name: default]
>31-08-2024 10:18:15 [restartedMain] INFO  o.h.c.internal.RegionFactoryInitiator    ::-> HHH000026: Second-level cache disabled HHH000026: Second-level cache disabled
>31-08-2024 10:18:15 [restartedMain] INFO  o.s.o.j.p.SpringPersistenceUnitInfo      ::-> No LoadTimeWeaver setup: ignoring JPA class transformer No LoadTimeWeaver setup: ignoring JPA class transformer
>31-08-2024 10:18:15 [restartedMain] INFO  com.zaxxer.hikari.HikariDataSource       ::-> HikariPool-5 - Starting... HikariPool-5 - Starting...
>31-08-2024 10:18:15 [restartedMain] INFO  com.zaxxer.hikari.pool.HikariPool        ::-> HikariPool-5 - Added connection com.mysql.cj.jdbc.ConnectionImpl@7589d4be HikariPool-5 - Added connection com.mysql.cj.jdbc.ConnectionImpl@7589d4be
>31-08-2024 10:18:15 [restartedMain] INFO  com.zaxxer.hikari.HikariDataSource       ::-> HikariPool-5 - Start completed. HikariPool-5 - Start completed.
>31-08-2024 10:18:15 [restartedMain] WARN  org.hibernate.orm.deprecation            ::-> HHH90000025: MySQLDialect does not need to be specified explicitly using 'hibernate.dialect' (remove the property setting and it will be selected by default) HHH90000025: MySQLDialect does not need to be specified explicitly using 'hibernate.dialect' (remove the property setting and it will be selected by default)
>31-08-2024 10:18:15 [restartedMain] INFO  o.h.e.t.j.p.i.JtaPlatformInitiator       ::-> HHH000489: No JTA platform available (set 'hibernate.transaction.jta.platform' to enable JTA platform integration) HHH000489: No JTA platform available (set 'hibernate.transaction.jta.platform' to enable JTA platform integration)
>31-08-2024 10:18:15 [restartedMain] INFO  o.s.o.j.LocalContainerEntityManagerFactoryBean ::-> Initialized JPA EntityManagerFactory for persistence unit 'default' Initialized JPA EntityManagerFactory for persistence unit 'default'
>31-08-2024 10:18:15 [restartedMain] WARN  o.s.b.a.o.j.JpaBaseConfiguration$JpaWebConfiguration ::-> spring.jpa.open-in-view is enabled by default. Therefore, database queries may be performed during view rendering. Explicitly configure spring.jpa.open-in-view to disable this warning spring.jpa.open-in-view is enabled by default. Therefore, database queries may be performed during view rendering. Explicitly configure spring.jpa.open-in-view to disable this warning
>31-08-2024 10:18:15 [restartedMain] INFO  o.s.b.d.a.OptionalLiveReloadServer       ::-> LiveReload server is running on port 35729 LiveReload server is running on port 35729
>31-08-2024 10:18:15 [restartedMain] INFO  o.s.b.w.embedded.tomcat.TomcatWebServer  ::-> Tomcat started on port 8081 (http) with context path '/bankingapp' Tomcat started on port 8081 (http) with context path '/bankingapp'
>31-08-2024 10:18:15 [restartedMain] INFO  c.s.bankingApp.BankingAppApplication     ::-> Started BankingAppApplication in 0.285 seconds (process running for 77.105) Started BankingAppApplication in 0.285 seconds (process running for 77.105)
>31-08-2024 10:18:15 [restartedMain] INFO  o.s.b.d.a.ConditionEvaluationDeltaLoggingListener ::-> Condition evaluation unchanged Condition evaluation unchanged
>31-08-2024 10:18:15 [restartedMain] INFO  c.s.bankingApp.BankingAppApplication     ::-> ******************************************* *******************************************
>31-08-2024 10:18:15 [restartedMain] INFO  c.s.bankingApp.BankingAppApplication     ::-> banking app started! banking app started!
>31-08-2024 10:18:15 [restartedMain] INFO  c.s.bankingApp.BankingAppApplication     ::-> ************* *************
>31-08-2024 10:18:19 [File Watcher] INFO  o.s.b.d.a.LocalDevToolsAutoConfiguration$RestartingClassPathChangeChangedEventListener ::-> Restarting due to 1 class path change (0 additions, 0 deletions, 1 modification) Restarting due to 1 class path change (0 additions, 0 deletions, 1 modification)
>31-08-2024 10:18:19 [Thread-19] INFO  o.s.o.j.LocalContainerEntityManagerFactoryBean ::-> Closing JPA EntityManagerFactory for persistence unit 'default' Closing JPA EntityManagerFactory for persistence unit 'default'
>31-08-2024 10:18:19 [Thread-19] INFO  com.zaxxer.hikari.HikariDataSource       ::-> HikariPool-5 - Shutdown initiated... HikariPool-5 - Shutdown initiated...
>31-08-2024 10:18:19 [Thread-19] INFO  com.zaxxer.hikari.HikariDataSource       ::-> HikariPool-5 - Shutdown completed. HikariPool-5 - Shutdown completed.
>31-08-2024 10:18:19 [restartedMain] INFO  c.s.bankingApp.BankingAppApplication     ::-> Starting BankingAppApplication using Java 21.0.3 with PID 4056 (C:\banking_app\BankingApp\target\classes started by sukru in C:\banking_app\BankingApp) Starting BankingAppApplication using Java 21.0.3 with PID 4056 (C:\banking_app\BankingApp\target\classes started by sukru in C:\banking_app\BankingApp)
>31-08-2024 10:18:19 [restartedMain] INFO  c.s.bankingApp.BankingAppApplication     ::-> No active profile set, falling back to 1 default profile: "default" No active profile set, falling back to 1 default profile: "default"
>31-08-2024 10:18:19 [restartedMain] INFO  o.s.d.r.c.RepositoryConfigurationDelegate ::-> Bootstrapping Spring Data JPA repositories in DEFAULT mode. Bootstrapping Spring Data JPA repositories in DEFAULT mode.
>31-08-2024 10:18:19 [restartedMain] INFO  o.s.d.r.c.RepositoryConfigurationDelegate ::-> Finished Spring Data repository scanning in 0 ms. Found 0 JPA repository interfaces. Finished Spring Data repository scanning in 0 ms. Found 0 JPA repository interfaces.
>31-08-2024 10:18:19 [restartedMain] INFO  o.s.b.w.embedded.tomcat.TomcatWebServer  ::-> Tomcat initialized with port 8081 (http) Tomcat initialized with port 8081 (http)
>31-08-2024 10:18:19 [restartedMain] INFO  o.apache.catalina.core.StandardService   ::-> Starting service [Tomcat] Starting service [Tomcat]
>31-08-2024 10:18:19 [restartedMain] INFO  org.apache.catalina.core.StandardEngine  ::-> Starting Servlet engine: [Apache Tomcat/10.1.28] Starting Servlet engine: [Apache Tomcat/10.1.28]
>31-08-2024 10:18:19 [restartedMain] INFO  o.a.c.c.C.[.[localhost].[/bankingapp]    ::-> Initializing Spring embedded WebApplicationContext Initializing Spring embedded WebApplicationContext
>31-08-2024 10:18:19 [restartedMain] INFO  o.s.b.w.s.c.ServletWebServerApplicationContext ::-> Root WebApplicationContext: initialization completed in 147 ms Root WebApplicationContext: initialization completed in 147 ms
>31-08-2024 10:18:19 [restartedMain] INFO  o.hibernate.jpa.internal.util.LogHelper  ::-> HHH000204: Processing PersistenceUnitInfo [name: default] HHH000204: Processing PersistenceUnitInfo [name: default]
>31-08-2024 10:18:19 [restartedMain] INFO  o.h.c.internal.RegionFactoryInitiator    ::-> HHH000026: Second-level cache disabled HHH000026: Second-level cache disabled
>31-08-2024 10:18:19 [restartedMain] INFO  o.s.o.j.p.SpringPersistenceUnitInfo      ::-> No LoadTimeWeaver setup: ignoring JPA class transformer No LoadTimeWeaver setup: ignoring JPA class transformer
>31-08-2024 10:18:19 [restartedMain] INFO  com.zaxxer.hikari.HikariDataSource       ::-> HikariPool-6 - Starting... HikariPool-6 - Starting...
>31-08-2024 10:18:19 [restartedMain] INFO  com.zaxxer.hikari.pool.HikariPool        ::-> HikariPool-6 - Added connection com.mysql.cj.jdbc.ConnectionImpl@53c4b733 HikariPool-6 - Added connection com.mysql.cj.jdbc.ConnectionImpl@53c4b733
>31-08-2024 10:18:19 [restartedMain] INFO  com.zaxxer.hikari.HikariDataSource       ::-> HikariPool-6 - Start completed. HikariPool-6 - Start completed.
>31-08-2024 10:18:19 [restartedMain] WARN  org.hibernate.orm.deprecation            ::-> HHH90000025: MySQLDialect does not need to be specified explicitly using 'hibernate.dialect' (remove the property setting and it will be selected by default) HHH90000025: MySQLDialect does not need to be specified explicitly using 'hibernate.dialect' (remove the property setting and it will be selected by default)
>31-08-2024 10:18:19 [restartedMain] INFO  o.h.e.t.j.p.i.JtaPlatformInitiator       ::-> HHH000489: No JTA platform available (set 'hibernate.transaction.jta.platform' to enable JTA platform integration) HHH000489: No JTA platform available (set 'hibernate.transaction.jta.platform' to enable JTA platform integration)
>31-08-2024 10:18:19 [restartedMain] INFO  o.s.o.j.LocalContainerEntityManagerFactoryBean ::-> Initialized JPA EntityManagerFactory for persistence unit 'default' Initialized JPA EntityManagerFactory for persistence unit 'default'
>31-08-2024 10:18:19 [restartedMain] WARN  o.s.b.a.o.j.JpaBaseConfiguration$JpaWebConfiguration ::-> spring.jpa.open-in-view is enabled by default. Therefore, database queries may be performed during view rendering. Explicitly configure spring.jpa.open-in-view to disable this warning spring.jpa.open-in-view is enabled by default. Therefore, database queries may be performed during view rendering. Explicitly configure spring.jpa.open-in-view to disable this warning
>31-08-2024 10:18:19 [restartedMain] INFO  o.s.b.d.a.OptionalLiveReloadServer       ::-> LiveReload server is running on port 35729 LiveReload server is running on port 35729
>31-08-2024 10:18:19 [restartedMain] INFO  o.s.b.w.embedded.tomcat.TomcatWebServer  ::-> Tomcat started on port 8081 (http) with context path '/bankingapp' Tomcat started on port 8081 (http) with context path '/bankingapp'
>31-08-2024 10:18:19 [restartedMain] INFO  c.s.bankingApp.BankingAppApplication     ::-> Started BankingAppApplication in 0.295 seconds (process running for 80.916) Started BankingAppApplication in 0.295 seconds (process running for 80.916)
>31-08-2024 10:18:19 [restartedMain] INFO  o.s.b.d.a.ConditionEvaluationDeltaLoggingListener ::-> Condition evaluation unchanged Condition evaluation unchanged
>31-08-2024 10:18:19 [restartedMain] INFO  c.s.bankingApp.BankingAppApplication     ::-> ********************************************** **********************************************
>31-08-2024 10:18:19 [restartedMain] INFO  c.s.bankingApp.BankingAppApplication     ::-> banking app started! banking app started!
>31-08-2024 10:18:19 [restartedMain] INFO  c.s.bankingApp.BankingAppApplication     ::-> ************* *************
>31-08-2024 10:18:25 [File Watcher] INFO  o.s.b.d.a.LocalDevToolsAutoConfiguration$RestartingClassPathChangeChangedEventListener ::-> Restarting due to 1 class path change (0 additions, 0 deletions, 1 modification) Restarting due to 1 class path change (0 additions, 0 deletions, 1 modification)
>31-08-2024 10:18:25 [Thread-23] INFO  o.s.o.j.LocalContainerEntityManagerFactoryBean ::-> Closing JPA EntityManagerFactory for persistence unit 'default' Closing JPA EntityManagerFactory for persistence unit 'default'
>31-08-2024 10:18:25 [Thread-23] INFO  com.zaxxer.hikari.HikariDataSource       ::-> HikariPool-6 - Shutdown initiated... HikariPool-6 - Shutdown initiated...
>31-08-2024 10:18:25 [Thread-23] INFO  com.zaxxer.hikari.HikariDataSource       ::-> HikariPool-6 - Shutdown completed. HikariPool-6 - Shutdown completed.
>31-08-2024 10:18:25 [restartedMain] INFO  c.s.bankingApp.BankingAppApplication     ::-> Starting BankingAppApplication using Java 21.0.3 with PID 4056 (C:\banking_app\BankingApp\target\classes started by sukru in C:\banking_app\BankingApp) Starting BankingAppApplication using Java 21.0.3 with PID 4056 (C:\banking_app\BankingApp\target\classes started by sukru in C:\banking_app\BankingApp)
>31-08-2024 10:18:25 [restartedMain] INFO  c.s.bankingApp.BankingAppApplication     ::-> No active profile set, falling back to 1 default profile: "default" No active profile set, falling back to 1 default profile: "default"
>31-08-2024 10:18:25 [restartedMain] INFO  o.s.d.r.c.RepositoryConfigurationDelegate ::-> Bootstrapping Spring Data JPA repositories in DEFAULT mode. Bootstrapping Spring Data JPA repositories in DEFAULT mode.
>31-08-2024 10:18:25 [restartedMain] INFO  o.s.d.r.c.RepositoryConfigurationDelegate ::-> Finished Spring Data repository scanning in 0 ms. Found 0 JPA repository interfaces. Finished Spring Data repository scanning in 0 ms. Found 0 JPA repository interfaces.
>31-08-2024 10:18:25 [restartedMain] INFO  o.s.b.w.embedded.tomcat.TomcatWebServer  ::-> Tomcat initialized with port 8081 (http) Tomcat initialized with port 8081 (http)
>31-08-2024 10:18:25 [restartedMain] INFO  o.apache.catalina.core.StandardService   ::-> Starting service [Tomcat] Starting service [Tomcat]
>31-08-2024 10:18:25 [restartedMain] INFO  org.apache.catalina.core.StandardEngine  ::-> Starting Servlet engine: [Apache Tomcat/10.1.28] Starting Servlet engine: [Apache Tomcat/10.1.28]
>31-08-2024 10:18:25 [restartedMain] INFO  o.a.c.c.C.[.[localhost].[/bankingapp]    ::-> Initializing Spring embedded WebApplicationContext Initializing Spring embedded WebApplicationContext
>31-08-2024 10:18:25 [restartedMain] INFO  o.s.b.w.s.c.ServletWebServerApplicationContext ::-> Root WebApplicationContext: initialization completed in 142 ms Root WebApplicationContext: initialization completed in 142 ms
>31-08-2024 10:18:25 [restartedMain] INFO  o.hibernate.jpa.internal.util.LogHelper  ::-> HHH000204: Processing PersistenceUnitInfo [name: default] HHH000204: Processing PersistenceUnitInfo [name: default]
>31-08-2024 10:18:25 [restartedMain] INFO  o.h.c.internal.RegionFactoryInitiator    ::-> HHH000026: Second-level cache disabled HHH000026: Second-level cache disabled
>31-08-2024 10:18:25 [restartedMain] INFO  o.s.o.j.p.SpringPersistenceUnitInfo      ::-> No LoadTimeWeaver setup: ignoring JPA class transformer No LoadTimeWeaver setup: ignoring JPA class transformer
>31-08-2024 10:18:25 [restartedMain] INFO  com.zaxxer.hikari.HikariDataSource       ::-> HikariPool-7 - Starting... HikariPool-7 - Starting...
>31-08-2024 10:18:25 [restartedMain] INFO  com.zaxxer.hikari.pool.HikariPool        ::-> HikariPool-7 - Added connection com.mysql.cj.jdbc.ConnectionImpl@dcfb448 HikariPool-7 - Added connection com.mysql.cj.jdbc.ConnectionImpl@dcfb448
>31-08-2024 10:18:25 [restartedMain] INFO  com.zaxxer.hikari.HikariDataSource       ::-> HikariPool-7 - Start completed. HikariPool-7 - Start completed.
>31-08-2024 10:18:25 [restartedMain] WARN  org.hibernate.orm.deprecation            ::-> HHH90000025: MySQLDialect does not need to be specified explicitly using 'hibernate.dialect' (remove the property setting and it will be selected by default) HHH90000025: MySQLDialect does not need to be specified explicitly using 'hibernate.dialect' (remove the property setting and it will be selected by default)
>31-08-2024 10:18:25 [restartedMain] INFO  o.h.e.t.j.p.i.JtaPlatformInitiator       ::-> HHH000489: No JTA platform available (set 'hibernate.transaction.jta.platform' to enable JTA platform integration) HHH000489: No JTA platform available (set 'hibernate.transaction.jta.platform' to enable JTA platform integration)
>31-08-2024 10:18:25 [restartedMain] INFO  o.s.o.j.LocalContainerEntityManagerFactoryBean ::-> Initialized JPA EntityManagerFactory for persistence unit 'default' Initialized JPA EntityManagerFactory for persistence unit 'default'
>31-08-2024 10:18:25 [restartedMain] WARN  o.s.b.a.o.j.JpaBaseConfiguration$JpaWebConfiguration ::-> spring.jpa.open-in-view is enabled by default. Therefore, database queries may be performed during view rendering. Explicitly configure spring.jpa.open-in-view to disable this warning spring.jpa.open-in-view is enabled by default. Therefore, database queries may be performed during view rendering. Explicitly configure spring.jpa.open-in-view to disable this warning
>31-08-2024 10:18:25 [restartedMain] INFO  o.s.b.d.a.OptionalLiveReloadServer       ::-> LiveReload server is running on port 35729 LiveReload server is running on port 35729
>31-08-2024 10:18:25 [restartedMain] INFO  o.s.b.w.embedded.tomcat.TomcatWebServer  ::-> Tomcat started on port 8081 (http) with context path '/bankingapp' Tomcat started on port 8081 (http) with context path '/bankingapp'
>31-08-2024 10:18:25 [restartedMain] INFO  c.s.bankingApp.BankingAppApplication     ::-> Started BankingAppApplication in 0.289 seconds (process running for 86.766) Started BankingAppApplication in 0.289 seconds (process running for 86.766)
>31-08-2024 10:18:25 [restartedMain] INFO  o.s.b.d.a.ConditionEvaluationDeltaLoggingListener ::-> Condition evaluation unchanged Condition evaluation unchanged
>31-08-2024 10:18:25 [restartedMain] INFO  c.s.bankingApp.BankingAppApplication     ::-> ********************************************** **********************************************
>31-08-2024 10:18:25 [restartedMain] INFO  c.s.bankingApp.BankingAppApplication     ::-> banking app started! banking app started!
>31-08-2024 10:18:25 [restartedMain] INFO  c.s.bankingApp.BankingAppApplication     ::-> ********************************************** **********************************************
>31-08-2024 10:19:01 [File Watcher] INFO  o.s.b.d.a.LocalDevToolsAutoConfiguration$RestartingClassPathChangeChangedEventListener ::-> Restarting due to 1 class path change (0 additions, 0 deletions, 1 modification) Restarting due to 1 class path change (0 additions, 0 deletions, 1 modification)
>31-08-2024 10:19:01 [Thread-27] INFO  o.s.o.j.LocalContainerEntityManagerFactoryBean ::-> Closing JPA EntityManagerFactory for persistence unit 'default' Closing JPA EntityManagerFactory for persistence unit 'default'
>31-08-2024 10:19:01 [Thread-27] INFO  com.zaxxer.hikari.HikariDataSource       ::-> HikariPool-7 - Shutdown initiated... HikariPool-7 - Shutdown initiated...
>31-08-2024 10:19:01 [Thread-27] INFO  com.zaxxer.hikari.HikariDataSource       ::-> HikariPool-7 - Shutdown completed. HikariPool-7 - Shutdown completed.
>31-08-2024 10:19:01 [restartedMain] INFO  c.s.bankingApp.BankingAppApplication     ::-> Starting BankingAppApplication using Java 21.0.3 with PID 4056 (C:\banking_app\BankingApp\target\classes started by sukru in C:\banking_app\BankingApp) Starting BankingAppApplication using Java 21.0.3 with PID 4056 (C:\banking_app\BankingApp\target\classes started by sukru in C:\banking_app\BankingApp)
>31-08-2024 10:19:01 [restartedMain] INFO  c.s.bankingApp.BankingAppApplication     ::-> No active profile set, falling back to 1 default profile: "default" No active profile set, falling back to 1 default profile: "default"
>31-08-2024 10:19:01 [restartedMain] INFO  o.s.d.r.c.RepositoryConfigurationDelegate ::-> Bootstrapping Spring Data JPA repositories in DEFAULT mode. Bootstrapping Spring Data JPA repositories in DEFAULT mode.
>31-08-2024 10:19:01 [restartedMain] INFO  o.s.d.r.c.RepositoryConfigurationDelegate ::-> Finished Spring Data repository scanning in 0 ms. Found 0 JPA repository interfaces. Finished Spring Data repository scanning in 0 ms. Found 0 JPA repository interfaces.
>31-08-2024 10:19:01 [restartedMain] INFO  o.s.b.w.embedded.tomcat.TomcatWebServer  ::-> Tomcat initialized with port 8081 (http) Tomcat initialized with port 8081 (http)
>31-08-2024 10:19:01 [restartedMain] INFO  o.apache.catalina.core.StandardService   ::-> Starting service [Tomcat] Starting service [Tomcat]
>31-08-2024 10:19:01 [restartedMain] INFO  org.apache.catalina.core.StandardEngine  ::-> Starting Servlet engine: [Apache Tomcat/10.1.28] Starting Servlet engine: [Apache Tomcat/10.1.28]
>31-08-2024 10:19:01 [restartedMain] INFO  o.a.c.c.C.[.[localhost].[/bankingapp]    ::-> Initializing Spring embedded WebApplicationContext Initializing Spring embedded WebApplicationContext
>31-08-2024 10:19:01 [restartedMain] INFO  o.s.b.w.s.c.ServletWebServerApplicationContext ::-> Root WebApplicationContext: initialization completed in 151 ms Root WebApplicationContext: initialization completed in 151 ms
>31-08-2024 10:19:01 [restartedMain] INFO  o.hibernate.jpa.internal.util.LogHelper  ::-> HHH000204: Processing PersistenceUnitInfo [name: default] HHH000204: Processing PersistenceUnitInfo [name: default]
>31-08-2024 10:19:01 [restartedMain] INFO  o.h.c.internal.RegionFactoryInitiator    ::-> HHH000026: Second-level cache disabled HHH000026: Second-level cache disabled
>31-08-2024 10:19:01 [restartedMain] INFO  o.s.o.j.p.SpringPersistenceUnitInfo      ::-> No LoadTimeWeaver setup: ignoring JPA class transformer No LoadTimeWeaver setup: ignoring JPA class transformer
>31-08-2024 10:19:01 [restartedMain] INFO  com.zaxxer.hikari.HikariDataSource       ::-> HikariPool-8 - Starting... HikariPool-8 - Starting...
>31-08-2024 10:19:01 [restartedMain] INFO  com.zaxxer.hikari.pool.HikariPool        ::-> HikariPool-8 - Added connection com.mysql.cj.jdbc.ConnectionImpl@525f51a2 HikariPool-8 - Added connection com.mysql.cj.jdbc.ConnectionImpl@525f51a2
>31-08-2024 10:19:01 [restartedMain] INFO  com.zaxxer.hikari.HikariDataSource       ::-> HikariPool-8 - Start completed. HikariPool-8 - Start completed.
>31-08-2024 10:19:01 [restartedMain] WARN  org.hibernate.orm.deprecation            ::-> HHH90000025: MySQLDialect does not need to be specified explicitly using 'hibernate.dialect' (remove the property setting and it will be selected by default) HHH90000025: MySQLDialect does not need to be specified explicitly using 'hibernate.dialect' (remove the property setting and it will be selected by default)
>31-08-2024 10:19:01 [restartedMain] INFO  o.h.e.t.j.p.i.JtaPlatformInitiator       ::-> HHH000489: No JTA platform available (set 'hibernate.transaction.jta.platform' to enable JTA platform integration) HHH000489: No JTA platform available (set 'hibernate.transaction.jta.platform' to enable JTA platform integration)
>31-08-2024 10:19:01 [restartedMain] INFO  o.s.o.j.LocalContainerEntityManagerFactoryBean ::-> Initialized JPA EntityManagerFactory for persistence unit 'default' Initialized JPA EntityManagerFactory for persistence unit 'default'
>31-08-2024 10:19:01 [restartedMain] WARN  o.s.b.a.o.j.JpaBaseConfiguration$JpaWebConfiguration ::-> spring.jpa.open-in-view is enabled by default. Therefore, database queries may be performed during view rendering. Explicitly configure spring.jpa.open-in-view to disable this warning spring.jpa.open-in-view is enabled by default. Therefore, database queries may be performed during view rendering. Explicitly configure spring.jpa.open-in-view to disable this warning
>31-08-2024 10:19:01 [restartedMain] INFO  o.s.b.d.a.OptionalLiveReloadServer       ::-> LiveReload server is running on port 35729 LiveReload server is running on port 35729
>31-08-2024 10:19:01 [restartedMain] INFO  o.s.b.w.embedded.tomcat.TomcatWebServer  ::-> Tomcat started on port 8081 (http) with context path '/bankingapp' Tomcat started on port 8081 (http) with context path '/bankingapp'
>31-08-2024 10:19:01 [restartedMain] INFO  c.s.bankingApp.BankingAppApplication     ::-> Started BankingAppApplication in 0.332 seconds (process running for 123.206) Started BankingAppApplication in 0.332 seconds (process running for 123.206)
>31-08-2024 10:19:01 [restartedMain] INFO  o.s.b.d.a.ConditionEvaluationDeltaLoggingListener ::-> Condition evaluation unchanged Condition evaluation unchanged
>31-08-2024 10:19:01 [restartedMain] INFO  c.s.bankingApp.BankingAppApplication     ::-> ********************************************** **********************************************
>31-08-2024 10:19:01 [restartedMain] INFO  c.s.bankingApp.BankingAppApplication     ::-> banking app started! banking app started!
>31-08-2024 10:19:01 [restartedMain] INFO  c.s.bankingApp.BankingAppApplication     ::-> ********************************************** **********************************************
>31-08-2024 10:19:40 [File Watcher] INFO  o.s.b.d.a.LocalDevToolsAutoConfiguration$RestartingClassPathChangeChangedEventListener ::-> Restarting due to 1 class path change (0 additions, 0 deletions, 1 modification) Restarting due to 1 class path change (0 additions, 0 deletions, 1 modification)
>31-08-2024 10:19:40 [Thread-31] INFO  o.s.o.j.LocalContainerEntityManagerFactoryBean ::-> Closing JPA EntityManagerFactory for persistence unit 'default' Closing JPA EntityManagerFactory for persistence unit 'default'
>31-08-2024 10:19:40 [Thread-31] INFO  com.zaxxer.hikari.HikariDataSource       ::-> HikariPool-8 - Shutdown initiated... HikariPool-8 - Shutdown initiated...
>31-08-2024 10:19:40 [Thread-31] INFO  com.zaxxer.hikari.HikariDataSource       ::-> HikariPool-8 - Shutdown completed. HikariPool-8 - Shutdown completed.
>31-08-2024 10:19:40 [restartedMain] INFO  c.s.bankingApp.BankingAppApplication     ::-> Starting BankingAppApplication using Java 21.0.3 with PID 4056 (C:\banking_app\BankingApp\target\classes started by sukru in C:\banking_app\BankingApp) Starting BankingAppApplication using Java 21.0.3 with PID 4056 (C:\banking_app\BankingApp\target\classes started by sukru in C:\banking_app\BankingApp)
>31-08-2024 10:19:40 [restartedMain] INFO  c.s.bankingApp.BankingAppApplication     ::-> No active profile set, falling back to 1 default profile: "default" No active profile set, falling back to 1 default profile: "default"
>31-08-2024 10:19:40 [restartedMain] INFO  o.s.d.r.c.RepositoryConfigurationDelegate ::-> Bootstrapping Spring Data JPA repositories in DEFAULT mode. Bootstrapping Spring Data JPA repositories in DEFAULT mode.
>31-08-2024 10:19:40 [restartedMain] INFO  o.s.d.r.c.RepositoryConfigurationDelegate ::-> Finished Spring Data repository scanning in 1 ms. Found 0 JPA repository interfaces. Finished Spring Data repository scanning in 1 ms. Found 0 JPA repository interfaces.
>31-08-2024 10:19:40 [restartedMain] INFO  o.s.b.w.embedded.tomcat.TomcatWebServer  ::-> Tomcat initialized with port 8081 (http) Tomcat initialized with port 8081 (http)
>31-08-2024 10:19:40 [restartedMain] INFO  o.apache.catalina.core.StandardService   ::-> Starting service [Tomcat] Starting service [Tomcat]
>31-08-2024 10:19:40 [restartedMain] INFO  org.apache.catalina.core.StandardEngine  ::-> Starting Servlet engine: [Apache Tomcat/10.1.28] Starting Servlet engine: [Apache Tomcat/10.1.28]
>31-08-2024 10:19:40 [restartedMain] INFO  o.a.c.c.C.[.[localhost].[/bankingapp]    ::-> Initializing Spring embedded WebApplicationContext Initializing Spring embedded WebApplicationContext
>31-08-2024 10:19:40 [restartedMain] INFO  o.s.b.w.s.c.ServletWebServerApplicationContext ::-> Root WebApplicationContext: initialization completed in 188 ms Root WebApplicationContext: initialization completed in 188 ms
>31-08-2024 10:19:40 [restartedMain] INFO  o.hibernate.jpa.internal.util.LogHelper  ::-> HHH000204: Processing PersistenceUnitInfo [name: default] HHH000204: Processing PersistenceUnitInfo [name: default]
>31-08-2024 10:19:40 [restartedMain] INFO  o.h.c.internal.RegionFactoryInitiator    ::-> HHH000026: Second-level cache disabled HHH000026: Second-level cache disabled
>31-08-2024 10:19:40 [restartedMain] INFO  o.s.o.j.p.SpringPersistenceUnitInfo      ::-> No LoadTimeWeaver setup: ignoring JPA class transformer No LoadTimeWeaver setup: ignoring JPA class transformer
>31-08-2024 10:19:40 [restartedMain] INFO  com.zaxxer.hikari.HikariDataSource       ::-> HikariPool-9 - Starting... HikariPool-9 - Starting...
>31-08-2024 10:19:40 [restartedMain] INFO  com.zaxxer.hikari.pool.HikariPool        ::-> HikariPool-9 - Added connection com.mysql.cj.jdbc.ConnectionImpl@5464a679 HikariPool-9 - Added connection com.mysql.cj.jdbc.ConnectionImpl@5464a679
>31-08-2024 10:19:40 [restartedMain] INFO  com.zaxxer.hikari.HikariDataSource       ::-> HikariPool-9 - Start completed. HikariPool-9 - Start completed.
>31-08-2024 10:19:40 [restartedMain] WARN  org.hibernate.orm.deprecation            ::-> HHH90000025: MySQLDialect does not need to be specified explicitly using 'hibernate.dialect' (remove the property setting and it will be selected by default) HHH90000025: MySQLDialect does not need to be specified explicitly using 'hibernate.dialect' (remove the property setting and it will be selected by default)
>31-08-2024 10:19:40 [restartedMain] INFO  o.h.e.t.j.p.i.JtaPlatformInitiator       ::-> HHH000489: No JTA platform available (set 'hibernate.transaction.jta.platform' to enable JTA platform integration) HHH000489: No JTA platform available (set 'hibernate.transaction.jta.platform' to enable JTA platform integration)
>31-08-2024 10:19:40 [restartedMain] INFO  o.s.o.j.LocalContainerEntityManagerFactoryBean ::-> Initialized JPA EntityManagerFactory for persistence unit 'default' Initialized JPA EntityManagerFactory for persistence unit 'default'
>31-08-2024 10:19:40 [restartedMain] WARN  o.s.b.a.o.j.JpaBaseConfiguration$JpaWebConfiguration ::-> spring.jpa.open-in-view is enabled by default. Therefore, database queries may be performed during view rendering. Explicitly configure spring.jpa.open-in-view to disable this warning spring.jpa.open-in-view is enabled by default. Therefore, database queries may be performed during view rendering. Explicitly configure spring.jpa.open-in-view to disable this warning
>31-08-2024 10:19:40 [restartedMain] INFO  o.s.b.d.a.OptionalLiveReloadServer       ::-> LiveReload server is running on port 35729 LiveReload server is running on port 35729
>31-08-2024 10:19:40 [restartedMain] INFO  o.s.b.w.embedded.tomcat.TomcatWebServer  ::-> Tomcat started on port 8081 (http) with context path '/bankingapp' Tomcat started on port 8081 (http) with context path '/bankingapp'
>31-08-2024 10:19:40 [restartedMain] INFO  c.s.bankingApp.BankingAppApplication     ::-> Started BankingAppApplication in 0.378 seconds (process running for 161.778) Started BankingAppApplication in 0.378 seconds (process running for 161.778)
>31-08-2024 10:19:40 [restartedMain] INFO  o.s.b.d.a.ConditionEvaluationDeltaLoggingListener ::-> Condition evaluation unchanged Condition evaluation unchanged
>31-08-2024 10:19:40 [restartedMain] INFO  c.s.bankingApp.BankingAppApplication     ::-> ********************************************** **********************************************
>31-08-2024 10:19:40 [restartedMain] INFO  c.s.bankingApp.BankingAppApplication     ::-> banking app started! banking app started!
>31-08-2024 10:19:40 [restartedMain] INFO  c.s.bankingApp.BankingAppApplication     ::-> ********************************************** **********************************************
>31-08-2024 10:24:31 [RMI TCP Connection(27)-127.0.0.1] INFO  o.s.b.a.SpringApplicationAdminMXBeanRegistrar$SpringApplicationAdmin ::-> Application shutdown requested. Application shutdown requested.
>31-08-2024 10:24:31 [RMI TCP Connection(27)-127.0.0.1] INFO  o.s.o.j.LocalContainerEntityManagerFactoryBean ::-> Closing JPA EntityManagerFactory for persistence unit 'default' Closing JPA EntityManagerFactory for persistence unit 'default'
>31-08-2024 10:24:31 [RMI TCP Connection(27)-127.0.0.1] INFO  com.zaxxer.hikari.HikariDataSource       ::-> HikariPool-9 - Shutdown initiated... HikariPool-9 - Shutdown initiated...
>31-08-2024 10:24:31 [RMI TCP Connection(27)-127.0.0.1] INFO  com.zaxxer.hikari.HikariDataSource       ::-> HikariPool-9 - Shutdown completed. HikariPool-9 - Shutdown completed.
